<?xml version="1.0" encoding="UTF-8"?>
<testng-results ignored="0" total="62" passed="0" failed="0" skipped="62">
  <reporter-output>
  </reporter-output>
  <suite started-at="2023-06-15T17:51:49 IST" name="Default suite" finished-at="2023-06-15T17:51:50 IST" duration-ms="1389">
    <groups>
      <group name="negative">
        <method signature="SurveyPage_TestCases.tc14_verifyUserIsNotAllowToGoSurveyDefinitionFormWithoutFillingAnyDataInSurveyForm()[pri:14, instance:pearl.SmartER.TestCases.SurveyPage_TestCases@6d60fe40]" name="tc14_verifyUserIsNotAllowToGoSurveyDefinitionFormWithoutFillingAnyDataInSurveyForm" class="pearl.SmartER.TestCases.SurveyPage_TestCases"/>
        <method signature="SurveyPage_TestCases.tc16_verifyUserIsNotAllowToGoResponseDefinitionFormWithoutFillingAnyDataInSurveyDefinitionForm()[pri:16, instance:pearl.SmartER.TestCases.SurveyPage_TestCases@6d60fe40]" name="tc16_verifyUserIsNotAllowToGoResponseDefinitionFormWithoutFillingAnyDataInSurveyDefinitionForm" class="pearl.SmartER.TestCases.SurveyPage_TestCases"/>
        <method signature="SurveyPage_TestCases.t18_verifyUserIsNotAllowToGoAlertDefinitionFormWithoutFillingAnyDataInResponseDefinitionForm()[pri:18, instance:pearl.SmartER.TestCases.SurveyPage_TestCases@6d60fe40]" name="t18_verifyUserIsNotAllowToGoAlertDefinitionFormWithoutFillingAnyDataInResponseDefinitionForm" class="pearl.SmartER.TestCases.SurveyPage_TestCases"/>
        <method signature="SurveyPage_TestCases.tc19_verifyUserIsNotAllowToCreateANewSurveyWithoutFillingAnyDataIntoTheAlertDefinitionForm()[pri:19, instance:pearl.SmartER.TestCases.SurveyPage_TestCases@6d60fe40]" name="tc19_verifyUserIsNotAllowToCreateANewSurveyWithoutFillingAnyDataIntoTheAlertDefinitionForm" class="pearl.SmartER.TestCases.SurveyPage_TestCases"/>
      </group> <!-- negative -->
      <group name="Negative">
        <method signature="SurveyPage_TestCases.tc05_verifyUserIsNotAbleToCreateANewQuestionWithoutFillingAnyData()[pri:5, instance:pearl.SmartER.TestCases.SurveyPage_TestCases@6d60fe40]" name="tc05_verifyUserIsNotAbleToCreateANewQuestionWithoutFillingAnyData" class="pearl.SmartER.TestCases.SurveyPage_TestCases"/>
      </group> <!-- Negative -->
      <group name="Positive">
        <method signature="SurveyPage_TestCases.tc01_verifySuveyButtonIsVisible()[pri:1, instance:pearl.SmartER.TestCases.SurveyPage_TestCases@6d60fe40]" name="tc01_verifySuveyButtonIsVisible" class="pearl.SmartER.TestCases.SurveyPage_TestCases"/>
        <method signature="SurveyPage_TestCases.tc02_verifyUserIsAbleToEnterQuestionBank()[pri:2, instance:pearl.SmartER.TestCases.SurveyPage_TestCases@6d60fe40]" name="tc02_verifyUserIsAbleToEnterQuestionBank" class="pearl.SmartER.TestCases.SurveyPage_TestCases"/>
        <method signature="SurveyPage_TestCases.tc04_verifyUserIsAbleToCreateANewQuestion()[pri:4, instance:pearl.SmartER.TestCases.SurveyPage_TestCases@6d60fe40]" name="tc04_verifyUserIsAbleToCreateANewQuestion" class="pearl.SmartER.TestCases.SurveyPage_TestCases"/>
        <method signature="SurveyPage_TestCases.tc62_verifyUserIsAbleToCreateANewQuestionAndAddIntoTheWareHouse()[pri:5, instance:pearl.SmartER.TestCases.SurveyPage_TestCases@6d60fe40]" name="tc62_verifyUserIsAbleToCreateANewQuestionAndAddIntoTheWareHouse" class="pearl.SmartER.TestCases.SurveyPage_TestCases"/>
        <method signature="SurveyPage_TestCases.tc06_verifyUserIsAbleToRetrunTheQuestionBank()[pri:6, instance:pearl.SmartER.TestCases.SurveyPage_TestCases@6d60fe40]" name="tc06_verifyUserIsAbleToRetrunTheQuestionBank" class="pearl.SmartER.TestCases.SurveyPage_TestCases"/>
        <method signature="SurveyPage_TestCases.tc07_verifyUserIsAbleToSearchAQuestionWithQuestionName()[pri:7, instance:pearl.SmartER.TestCases.SurveyPage_TestCases@6d60fe40]" name="tc07_verifyUserIsAbleToSearchAQuestionWithQuestionName" class="pearl.SmartER.TestCases.SurveyPage_TestCases"/>
      </group> <!-- Positive -->
      <group name="positive">
        <method signature="SurveyPage_TestCases.tc08_verifyUserIsAbleToDeleteAQuestionInTheQuestionBank()[pri:8, instance:pearl.SmartER.TestCases.SurveyPage_TestCases@6d60fe40]" name="tc08_verifyUserIsAbleToDeleteAQuestionInTheQuestionBank" class="pearl.SmartER.TestCases.SurveyPage_TestCases"/>
        <method signature="SurveyPage_TestCases.tc09_verifyUserIsAbleToEnterCurrentSurveys()[pri:9, instance:pearl.SmartER.TestCases.SurveyPage_TestCases@6d60fe40]" name="tc09_verifyUserIsAbleToEnterCurrentSurveys" class="pearl.SmartER.TestCases.SurveyPage_TestCases"/>
        <method signature="SurveyPage_TestCases.tc10_verifyUserIsAbleToViewCreateSurvey()[pri:10, instance:pearl.SmartER.TestCases.SurveyPage_TestCases@6d60fe40]" name="tc10_verifyUserIsAbleToViewCreateSurvey" class="pearl.SmartER.TestCases.SurveyPage_TestCases"/>
        <method signature="SurveyPage_TestCases.tc11_verifyUserIsAllowToCreateANewSurvey()[pri:11, instance:pearl.SmartER.TestCases.SurveyPage_TestCases@6d60fe40]" name="tc11_verifyUserIsAllowToCreateANewSurvey" class="pearl.SmartER.TestCases.SurveyPage_TestCases"/>
        <method signature="SurveyPage_TestCases.tc12_verifyUserIsAllowToCreateANewSurveyWithExistingData()[pri:12, instance:pearl.SmartER.TestCases.SurveyPage_TestCases@6d60fe40]" name="tc12_verifyUserIsAllowToCreateANewSurveyWithExistingData" class="pearl.SmartER.TestCases.SurveyPage_TestCases"/>
        <method signature="SurveyPage_TestCases.tc13_verifyUserIsAllowToMoveSurveyIntoASurveyDefinition()[pri:13, instance:pearl.SmartER.TestCases.SurveyPage_TestCases@6d60fe40]" name="tc13_verifyUserIsAllowToMoveSurveyIntoASurveyDefinition" class="pearl.SmartER.TestCases.SurveyPage_TestCases"/>
        <method signature="SurveyPage_TestCases.tc15_verifyUserIsAllowToGoSurveyDefinitionFormIntoResponseDefinitionForm()[pri:15, instance:pearl.SmartER.TestCases.SurveyPage_TestCases@6d60fe40]" name="tc15_verifyUserIsAllowToGoSurveyDefinitionFormIntoResponseDefinitionForm" class="pearl.SmartER.TestCases.SurveyPage_TestCases"/>
        <method signature="SurveyPage_TestCases.t17_verifyUserIsAllowToGoResponseDefinitionFormIntoAlertDefinitionForm()[pri:17, instance:pearl.SmartER.TestCases.SurveyPage_TestCases@6d60fe40]" name="t17_verifyUserIsAllowToGoResponseDefinitionFormIntoAlertDefinitionForm" class="pearl.SmartER.TestCases.SurveyPage_TestCases"/>
        <method signature="SurveyPage_TestCases.tc20_verifyUserIsAbleToRetrunTheQuestionBank()[pri:20, instance:pearl.SmartER.TestCases.SurveyPage_TestCases@6d60fe40]" name="tc20_verifyUserIsAbleToRetrunTheQuestionBank" class="pearl.SmartER.TestCases.SurveyPage_TestCases"/>
        <method signature="SurveyPage_TestCases.tc21_verifyUserIsAbleToSearchASurvey()[pri:21, instance:pearl.SmartER.TestCases.SurveyPage_TestCases@6d60fe40]" name="tc21_verifyUserIsAbleToSearchASurvey" class="pearl.SmartER.TestCases.SurveyPage_TestCases"/>
        <method signature="SurveyPage_TestCases.tc22_verifyUserIsAbleToSearchASurveyWithLocation()[pri:22, instance:pearl.SmartER.TestCases.SurveyPage_TestCases@6d60fe40]" name="tc22_verifyUserIsAbleToSearchASurveyWithLocation" class="pearl.SmartER.TestCases.SurveyPage_TestCases"/>
        <method signature="SurveyPage_TestCases.tc23_verifyUserIsAbleToSearchASurveyWithDepartment()[pri:23, instance:pearl.SmartER.TestCases.SurveyPage_TestCases@6d60fe40]" name="tc23_verifyUserIsAbleToSearchASurveyWithDepartment" class="pearl.SmartER.TestCases.SurveyPage_TestCases"/>
        <method signature="SurveyPage_TestCases.tc24_verifyUserIsAbleToSearchASurveyWithSurveyType()[pri:24, instance:pearl.SmartER.TestCases.SurveyPage_TestCases@6d60fe40]" name="tc24_verifyUserIsAbleToSearchASurveyWithSurveyType" class="pearl.SmartER.TestCases.SurveyPage_TestCases"/>
        <method signature="SurveyPage_TestCases.tc25_verifyUserIsAbleToSearchASurveyWithLocationDepartmentAndSurveyType()[pri:25, instance:pearl.SmartER.TestCases.SurveyPage_TestCases@6d60fe40]" name="tc25_verifyUserIsAbleToSearchASurveyWithLocationDepartmentAndSurveyType" class="pearl.SmartER.TestCases.SurveyPage_TestCases"/>
        <method signature="SurveyPage_TestCases.tc26_verifyUserIsAbleToEditASurvey()[pri:26, instance:pearl.SmartER.TestCases.SurveyPage_TestCases@6d60fe40]" name="tc26_verifyUserIsAbleToEditASurvey" class="pearl.SmartER.TestCases.SurveyPage_TestCases"/>
        <method signature="SurveyPage_TestCases.tc28_verifyUserIsAbleToEnterASettingInTheSurvey()[pri:28, instance:pearl.SmartER.TestCases.SurveyPage_TestCases@6d60fe40]" name="tc28_verifyUserIsAbleToEnterASettingInTheSurvey" class="pearl.SmartER.TestCases.SurveyPage_TestCases"/>
        <method signature="SurveyPage_TestCases.tc29_verifyUserIsAbleToEditSettingInTheSurvey()[pri:29, instance:pearl.SmartER.TestCases.SurveyPage_TestCases@6d60fe40]" name="tc29_verifyUserIsAbleToEditSettingInTheSurvey" class="pearl.SmartER.TestCases.SurveyPage_TestCases"/>
        <method signature="SurveyPage_TestCases.tc30_verifyUserIsAbleToReturnASurveyPage()[pri:30, instance:pearl.SmartER.TestCases.SurveyPage_TestCases@6d60fe40]" name="tc30_verifyUserIsAbleToReturnASurveyPage" class="pearl.SmartER.TestCases.SurveyPage_TestCases"/>
        <method signature="SurveyPage_TestCases.tc31_verifyUserIsAllowToEnterAWarehouse()[pri:31, instance:pearl.SmartER.TestCases.SurveyPage_TestCases@6d60fe40]" name="tc31_verifyUserIsAllowToEnterAWarehouse" class="pearl.SmartER.TestCases.SurveyPage_TestCases"/>
        <method signature="SurveyPage_TestCases.tc32_verifyUserIsAbleToSearchAQuestionInWarehouse()[pri:32, instance:pearl.SmartER.TestCases.SurveyPage_TestCases@6d60fe40]" name="tc32_verifyUserIsAbleToSearchAQuestionInWarehouse" class="pearl.SmartER.TestCases.SurveyPage_TestCases"/>
        <method signature="SurveyPage_TestCases.tc33_verifyUserIsAbleToSearchAQuestionWithGroups()[pri:33, instance:pearl.SmartER.TestCases.SurveyPage_TestCases@6d60fe40]" name="tc33_verifyUserIsAbleToSearchAQuestionWithGroups" class="pearl.SmartER.TestCases.SurveyPage_TestCases"/>
        <method signature="SurveyPage_TestCases.tc34_verifyUserIsAbleToSearchAQuestionWithCategory()[pri:34, instance:pearl.SmartER.TestCases.SurveyPage_TestCases@6d60fe40]" name="tc34_verifyUserIsAbleToSearchAQuestionWithCategory" class="pearl.SmartER.TestCases.SurveyPage_TestCases"/>
        <method signature="SurveyPage_TestCases.tc35_verifyUserIsAbleToSearchAQuestionWithLanguage()[pri:35, instance:pearl.SmartER.TestCases.SurveyPage_TestCases@6d60fe40]" name="tc35_verifyUserIsAbleToSearchAQuestionWithLanguage" class="pearl.SmartER.TestCases.SurveyPage_TestCases"/>
        <method signature="SurveyPage_TestCases.tc36_verifyUserIsAbleToSearchAQuestionWithGroupsAndCategoryAndLanguage()[pri:36, instance:pearl.SmartER.TestCases.SurveyPage_TestCases@6d60fe40]" name="tc36_verifyUserIsAbleToSearchAQuestionWithGroupsAndCategoryAndLanguage" class="pearl.SmartER.TestCases.SurveyPage_TestCases"/>
        <method signature="SurveyPage_TestCases.tc37_verifyUserIsAbleToEditQuestion()[pri:37, instance:pearl.SmartER.TestCases.SurveyPage_TestCases@6d60fe40]" name="tc37_verifyUserIsAbleToEditQuestion" class="pearl.SmartER.TestCases.SurveyPage_TestCases"/>
        <method signature="SurveyPage_TestCases.tc38_verifyUserIsAbleToDeleteAQuestion()[pri:38, instance:pearl.SmartER.TestCases.SurveyPage_TestCases@6d60fe40]" name="tc38_verifyUserIsAbleToDeleteAQuestion" class="pearl.SmartER.TestCases.SurveyPage_TestCases"/>
        <method signature="SurveyPage_TestCases.tc39_verifyUserIsAbleToViewAQuestionByGroupOrder()[pri:39, instance:pearl.SmartER.TestCases.SurveyPage_TestCases@6d60fe40]" name="tc39_verifyUserIsAbleToViewAQuestionByGroupOrder" class="pearl.SmartER.TestCases.SurveyPage_TestCases"/>
        <method signature="SurveyPage_TestCases.tc40_verifyUserIsAbleToViewAQuestionByCategoryOrder()[pri:40, instance:pearl.SmartER.TestCases.SurveyPage_TestCases@6d60fe40]" name="tc40_verifyUserIsAbleToViewAQuestionByCategoryOrder" class="pearl.SmartER.TestCases.SurveyPage_TestCases"/>
        <method signature="SurveyPage_TestCases.tc41_verifyUserIsAbleToViewAQuestionByQuestionOrder()[pri:41, instance:pearl.SmartER.TestCases.SurveyPage_TestCases@6d60fe40]" name="tc41_verifyUserIsAbleToViewAQuestionByQuestionOrder" class="pearl.SmartER.TestCases.SurveyPage_TestCases"/>
        <method signature="SurveyPage_TestCases.tc42_verifyUserIsAbleToViewAQuestionByTypeOrder()[pri:42, instance:pearl.SmartER.TestCases.SurveyPage_TestCases@6d60fe40]" name="tc42_verifyUserIsAbleToViewAQuestionByTypeOrder" class="pearl.SmartER.TestCases.SurveyPage_TestCases"/>
        <method signature="SurveyPage_TestCases.tc43_verifyUserIsAbleToViewAQuestionByLanguageOrder()[pri:43, instance:pearl.SmartER.TestCases.SurveyPage_TestCases@6d60fe40]" name="tc43_verifyUserIsAbleToViewAQuestionByLanguageOrder" class="pearl.SmartER.TestCases.SurveyPage_TestCases"/>
        <method signature="SurveyPage_TestCases.tc44_verifyUserIsAbleToEnterAResults()[pri:44, instance:pearl.SmartER.TestCases.SurveyPage_TestCases@6d60fe40]" name="tc44_verifyUserIsAbleToEnterAResults" class="pearl.SmartER.TestCases.SurveyPage_TestCases"/>
        <method signature="SurveyPage_TestCases.tc45_verifyUserIsAbleToSearchASurveyWithLocationInTheResults()[pri:45, instance:pearl.SmartER.TestCases.SurveyPage_TestCases@6d60fe40]" name="tc45_verifyUserIsAbleToSearchASurveyWithLocationInTheResults" class="pearl.SmartER.TestCases.SurveyPage_TestCases"/>
        <method signature="SurveyPage_TestCases.tc46_verifyUserIsAbleToSearchASurveyWithDepartmentInTheResults()[pri:46, instance:pearl.SmartER.TestCases.SurveyPage_TestCases@6d60fe40]" name="tc46_verifyUserIsAbleToSearchASurveyWithDepartmentInTheResults" class="pearl.SmartER.TestCases.SurveyPage_TestCases"/>
        <method signature="SurveyPage_TestCases.tc47_verifyUserIsAbleToSearchASurveyWithMonthInTheResults()[pri:47, instance:pearl.SmartER.TestCases.SurveyPage_TestCases@6d60fe40]" name="tc47_verifyUserIsAbleToSearchASurveyWithMonthInTheResults" class="pearl.SmartER.TestCases.SurveyPage_TestCases"/>
        <method signature="SurveyPage_TestCases.tc48_verifyUserIsAbleToSearchASurveyWithYearInTheResults()[pri:48, instance:pearl.SmartER.TestCases.SurveyPage_TestCases@6d60fe40]" name="tc48_verifyUserIsAbleToSearchASurveyWithYearInTheResults" class="pearl.SmartER.TestCases.SurveyPage_TestCases"/>
        <method signature="SurveyPage_TestCases.tc49_verifyUserIsAbleToSearchASurveyWithSectionInTheResults()[pri:49, instance:pearl.SmartER.TestCases.SurveyPage_TestCases@6d60fe40]" name="tc49_verifyUserIsAbleToSearchASurveyWithSectionInTheResults" class="pearl.SmartER.TestCases.SurveyPage_TestCases"/>
        <method signature="SurveyPage_TestCases.tc50_verifyUserIsAbleToSearchASurveyWithLocationDepartmentMonthYearAndSectionInTheResults()[pri:50, instance:pearl.SmartER.TestCases.SurveyPage_TestCases@6d60fe40]" name="tc50_verifyUserIsAbleToSearchASurveyWithLocationDepartmentMonthYearAndSectionInTheResults" class="pearl.SmartER.TestCases.SurveyPage_TestCases"/>
        <method signature="SurveyPage_TestCases.tc51_verifyUserIsAbleToViewASurveyBySurveyName()[pri:51, instance:pearl.SmartER.TestCases.SurveyPage_TestCases@6d60fe40]" name="tc51_verifyUserIsAbleToViewASurveyBySurveyName" class="pearl.SmartER.TestCases.SurveyPage_TestCases"/>
        <method signature="SurveyPage_TestCases.tc52_verifyWhetherUserIsAbleToViewASurveyByVersion()[pri:52, instance:pearl.SmartER.TestCases.SurveyPage_TestCases@6d60fe40]" name="tc52_verifyWhetherUserIsAbleToViewASurveyByVersion" class="pearl.SmartER.TestCases.SurveyPage_TestCases"/>
        <method signature="SurveyPage_TestCases.tc53_verifyUserIsAbleToViewASurveyByVersionCreateDateOrder()[pri:53, instance:pearl.SmartER.TestCases.SurveyPage_TestCases@6d60fe40]" name="tc53_verifyUserIsAbleToViewASurveyByVersionCreateDateOrder" class="pearl.SmartER.TestCases.SurveyPage_TestCases"/>
        <method signature="SurveyPage_TestCases.tc54_verifyUserIsAbleToViewASurveyByStatus()[pri:54, instance:pearl.SmartER.TestCases.SurveyPage_TestCases@6d60fe40]" name="tc54_verifyUserIsAbleToViewASurveyByStatus" class="pearl.SmartER.TestCases.SurveyPage_TestCases"/>
        <method signature="SurveyPage_TestCases.tc55_verifyUserIsAbleToEnterASendSurvey()[pri:55, instance:pearl.SmartER.TestCases.SurveyPage_TestCases@6d60fe40]" name="tc55_verifyUserIsAbleToEnterASendSurvey" class="pearl.SmartER.TestCases.SurveyPage_TestCases"/>
        <method signature="SurveyPage_TestCases.tc56_verifyUserIsAbleToSendASurvey()[pri:56, instance:pearl.SmartER.TestCases.SurveyPage_TestCases@6d60fe40]" name="tc56_verifyUserIsAbleToSendASurvey" class="pearl.SmartER.TestCases.SurveyPage_TestCases"/>
        <method signature="SurveyPage_TestCases.tc57_verifyUserIsAbleToSendASurveyToEmail()[pri:57, instance:pearl.SmartER.TestCases.SurveyPage_TestCases@6d60fe40]" name="tc57_verifyUserIsAbleToSendASurveyToEmail" class="pearl.SmartER.TestCases.SurveyPage_TestCases"/>
        <method signature="SurveyPage_TestCases.tc58_verifyUserIsAbleToSendASurveyToPhoneNumber()[pri:58, instance:pearl.SmartER.TestCases.SurveyPage_TestCases@6d60fe40]" name="tc58_verifyUserIsAbleToSendASurveyToPhoneNumber" class="pearl.SmartER.TestCases.SurveyPage_TestCases"/>
        <method signature="SurveyPage_TestCases.tc59_verifyUserIsAbleToSendASurveyWithoutFillingAMandatoryFields()[pri:59, instance:pearl.SmartER.TestCases.SurveyPage_TestCases@6d60fe40]" name="tc59_verifyUserIsAbleToSendASurveyWithoutFillingAMandatoryFields" class="pearl.SmartER.TestCases.SurveyPage_TestCases"/>
        <method signature="SurveyPage_TestCases.tc60_verifyUserIsAbleToSendASurveyWithInvalidEmailAndValidPhoneNumber()[pri:60, instance:pearl.SmartER.TestCases.SurveyPage_TestCases@6d60fe40]" name="tc60_verifyUserIsAbleToSendASurveyWithInvalidEmailAndValidPhoneNumber" class="pearl.SmartER.TestCases.SurveyPage_TestCases"/>
        <method signature="SurveyPage_TestCases.tc61_verifyUserIsAbleToSendASurveyToAValidEmailandInvalidPhoneNumber()[pri:61, instance:pearl.SmartER.TestCases.SurveyPage_TestCases@6d60fe40]" name="tc61_verifyUserIsAbleToSendASurveyToAValidEmailandInvalidPhoneNumber" class="pearl.SmartER.TestCases.SurveyPage_TestCases"/>
        <method signature="SurveyPage_TestCases.tc27_verifyUserIsAbleToDeleteASurvey()[pri:62, instance:pearl.SmartER.TestCases.SurveyPage_TestCases@6d60fe40]" name="tc27_verifyUserIsAbleToDeleteASurvey" class="pearl.SmartER.TestCases.SurveyPage_TestCases"/>
      </group> <!-- positive -->
    </groups>
    <test started-at="2023-06-15T17:51:49 IST" name="Default test" finished-at="2023-06-15T17:51:50 IST" duration-ms="1389">
      <class name="pearl.SmartER.TestCases.SurveyPage_TestCases">
        <test-method is-config="true" signature="initialise_Driver()[pri:0, instance:pearl.SmartER.TestCases.SurveyPage_TestCases@6d60fe40]" started-at="2023-06-15T17:51:38 IST" name="initialise_Driver" finished-at="2023-06-15T17:51:49 IST" duration-ms="11180" status="FAIL">
          <exception class="org.openqa.selenium.remote.http.ConnectionFailedException">
            <message>
              <![CDATA[Unable to establish websocket connection to http://localhost:64756/devtools/browser/837250b6-1999-4c7a-ae8f-56c409061928
Build info: version: '4.6.0', revision: '79f1c02ae20'
System info: os.name: 'Windows 10', os.arch: 'amd64', os.version: '10.0', java.version: '17.0.5'
Driver info: driver.version: EdgeDriver]]>
            </message>
            <full-stacktrace>
              <![CDATA[org.openqa.selenium.remote.http.ConnectionFailedException: Unable to establish websocket connection to http://localhost:64756/devtools/browser/837250b6-1999-4c7a-ae8f-56c409061928
Build info: version: '4.6.0', revision: '79f1c02ae20'
System info: os.name: 'Windows 10', os.arch: 'amd64', os.version: '10.0', java.version: '17.0.5'
Driver info: driver.version: EdgeDriver
at org.openqa.selenium.remote.http.netty.NettyWebSocket.<init>(NettyWebSocket.java:102)
at org.openqa.selenium.remote.http.netty.NettyWebSocket.lambda$create$3(NettyWebSocket.java:128)
at org.openqa.selenium.remote.http.netty.NettyClient.openSocket(NettyClient.java:107)
at org.openqa.selenium.devtools.Connection.<init>(Connection.java:77)
at org.openqa.selenium.chromium.ChromiumDriver.lambda$new$2(ChromiumDriver.java:116)
at java.base/java.util.Optional.map(Optional.java:260)
at org.openqa.selenium.chromium.ChromiumDriver.<init>(ChromiumDriver.java:114)
at org.openqa.selenium.edge.EdgeDriver.<init>(EdgeDriver.java:54)
at org.openqa.selenium.edge.EdgeDriver.<init>(EdgeDriver.java:46)
at pearl.SmartER.TestMethods.BaseClassMain.initialise_Driver(BaseClassMain.java:106)
at java.base/jdk.internal.reflect.NativeMethodAccessorImpl.invoke0(Native Method)
at java.base/jdk.internal.reflect.NativeMethodAccessorImpl.invoke(NativeMethodAccessorImpl.java:77)
at java.base/jdk.internal.reflect.DelegatingMethodAccessorImpl.invoke(DelegatingMethodAccessorImpl.java:43)
at java.base/java.lang.reflect.Method.invoke(Method.java:568)
at org.testng.internal.invokers.MethodInvocationHelper.invokeMethod(MethodInvocationHelper.java:139)
at org.testng.internal.invokers.MethodInvocationHelper.invokeMethodConsideringTimeout(MethodInvocationHelper.java:69)
at org.testng.internal.invokers.ConfigInvoker.invokeConfigurationMethod(ConfigInvoker.java:361)
at org.testng.internal.invokers.ConfigInvoker.invokeConfigurations(ConfigInvoker.java:296)
at org.testng.SuiteRunner.privateRun(SuiteRunner.java:372)
at org.testng.SuiteRunner.run(SuiteRunner.java:330)
at org.testng.SuiteRunnerWorker.runSuite(SuiteRunnerWorker.java:52)
at org.testng.SuiteRunnerWorker.run(SuiteRunnerWorker.java:95)
at org.testng.TestNG.runSuitesSequentially(TestNG.java:1256)
at org.testng.TestNG.runSuitesLocally(TestNG.java:1176)
at org.testng.TestNG.runSuites(TestNG.java:1099)
at org.testng.TestNG.run(TestNG.java:1067)
at org.testng.remote.AbstractRemoteTestNG.run(AbstractRemoteTestNG.java:115)
at org.testng.remote.RemoteTestNG.initAndRun(RemoteTestNG.java:251)
at org.testng.remote.RemoteTestNG.main(RemoteTestNG.java:77)
]]>
            </full-stacktrace>
          </exception> <!-- org.openqa.selenium.remote.http.ConnectionFailedException -->
          <reporter-output>
          </reporter-output>
        </test-method> <!-- initialise_Driver -->
        <test-method is-config="true" signature="beforetest()[pri:0, instance:pearl.SmartER.TestCases.SurveyPage_TestCases@6d60fe40]" started-at="2023-06-15T17:51:49 IST" name="beforetest" finished-at="2023-06-15T17:51:49 IST" duration-ms="0" status="SKIP">
          <reporter-output>
          </reporter-output>
        </test-method> <!-- beforetest -->
        <test-method is-config="true" signature="initialize()[pri:0, instance:pearl.SmartER.TestCases.SurveyPage_TestCases@6d60fe40]" started-at="2023-06-15T17:51:49 IST" name="initialize" finished-at="2023-06-15T17:51:49 IST" duration-ms="0" status="SKIP">
          <reporter-output>
          </reporter-output>
        </test-method> <!-- initialize -->
        <test-method signature="tc01_verifySuveyButtonIsVisible()[pri:1, instance:pearl.SmartER.TestCases.SurveyPage_TestCases@6d60fe40]" started-at="2023-06-15T17:51:49 IST" name="tc01_verifySuveyButtonIsVisible" description="SUR_TC01 Verify Survey Button Is Visible" finished-at="2023-06-15T17:51:49 IST" duration-ms="0" status="SKIP">
          <exception class="org.openqa.selenium.remote.http.ConnectionFailedException">
            <message>
              <![CDATA[Unable to establish websocket connection to http://localhost:64756/devtools/browser/837250b6-1999-4c7a-ae8f-56c409061928
Build info: version: '4.6.0', revision: '79f1c02ae20'
System info: os.name: 'Windows 10', os.arch: 'amd64', os.version: '10.0', java.version: '17.0.5'
Driver info: driver.version: EdgeDriver]]>
            </message>
            <full-stacktrace>
              <![CDATA[org.openqa.selenium.remote.http.ConnectionFailedException: Unable to establish websocket connection to http://localhost:64756/devtools/browser/837250b6-1999-4c7a-ae8f-56c409061928
Build info: version: '4.6.0', revision: '79f1c02ae20'
System info: os.name: 'Windows 10', os.arch: 'amd64', os.version: '10.0', java.version: '17.0.5'
Driver info: driver.version: EdgeDriver
at org.openqa.selenium.remote.http.netty.NettyWebSocket.<init>(NettyWebSocket.java:102)
at org.openqa.selenium.remote.http.netty.NettyWebSocket.lambda$create$3(NettyWebSocket.java:128)
at org.openqa.selenium.remote.http.netty.NettyClient.openSocket(NettyClient.java:107)
at org.openqa.selenium.devtools.Connection.<init>(Connection.java:77)
at org.openqa.selenium.chromium.ChromiumDriver.lambda$new$2(ChromiumDriver.java:116)
at java.base/java.util.Optional.map(Optional.java:260)
at org.openqa.selenium.chromium.ChromiumDriver.<init>(ChromiumDriver.java:114)
at org.openqa.selenium.edge.EdgeDriver.<init>(EdgeDriver.java:54)
at org.openqa.selenium.edge.EdgeDriver.<init>(EdgeDriver.java:46)
at pearl.SmartER.TestMethods.BaseClassMain.initialise_Driver(BaseClassMain.java:106)
at java.base/jdk.internal.reflect.NativeMethodAccessorImpl.invoke0(Native Method)
at java.base/jdk.internal.reflect.NativeMethodAccessorImpl.invoke(NativeMethodAccessorImpl.java:77)
at java.base/jdk.internal.reflect.DelegatingMethodAccessorImpl.invoke(DelegatingMethodAccessorImpl.java:43)
at java.base/java.lang.reflect.Method.invoke(Method.java:568)
at org.testng.internal.invokers.MethodInvocationHelper.invokeMethod(MethodInvocationHelper.java:139)
at org.testng.internal.invokers.MethodInvocationHelper.invokeMethodConsideringTimeout(MethodInvocationHelper.java:69)
at org.testng.internal.invokers.ConfigInvoker.invokeConfigurationMethod(ConfigInvoker.java:361)
at org.testng.internal.invokers.ConfigInvoker.invokeConfigurations(ConfigInvoker.java:296)
at org.testng.SuiteRunner.privateRun(SuiteRunner.java:372)
at org.testng.SuiteRunner.run(SuiteRunner.java:330)
at org.testng.SuiteRunnerWorker.runSuite(SuiteRunnerWorker.java:52)
at org.testng.SuiteRunnerWorker.run(SuiteRunnerWorker.java:95)
at org.testng.TestNG.runSuitesSequentially(TestNG.java:1256)
at org.testng.TestNG.runSuitesLocally(TestNG.java:1176)
at org.testng.TestNG.runSuites(TestNG.java:1099)
at org.testng.TestNG.run(TestNG.java:1067)
at org.testng.remote.AbstractRemoteTestNG.run(AbstractRemoteTestNG.java:115)
at org.testng.remote.RemoteTestNG.initAndRun(RemoteTestNG.java:251)
at org.testng.remote.RemoteTestNG.main(RemoteTestNG.java:77)
]]>
            </full-stacktrace>
          </exception> <!-- org.openqa.selenium.remote.http.ConnectionFailedException -->
          <reporter-output>
          </reporter-output>
        </test-method> <!-- tc01_verifySuveyButtonIsVisible -->
        <test-method is-config="true" signature="webDriverClose(org.testng.ITestResult)[pri:0, instance:pearl.SmartER.TestCases.SurveyPage_TestCases@6d60fe40]" started-at="2023-06-15T17:51:49 IST" name="webDriverClose" finished-at="2023-06-15T17:51:49 IST" duration-ms="0" status="SKIP">
          <reporter-output>
          </reporter-output>
        </test-method> <!-- webDriverClose -->
        <test-method is-config="true" signature="initialize()[pri:0, instance:pearl.SmartER.TestCases.SurveyPage_TestCases@6d60fe40]" started-at="2023-06-15T17:51:49 IST" name="initialize" finished-at="2023-06-15T17:51:49 IST" duration-ms="0" status="SKIP">
          <reporter-output>
          </reporter-output>
        </test-method> <!-- initialize -->
        <test-method signature="tc02_verifyUserIsAbleToEnterQuestionBank()[pri:2, instance:pearl.SmartER.TestCases.SurveyPage_TestCases@6d60fe40]" started-at="2023-06-15T17:51:49 IST" name="tc02_verifyUserIsAbleToEnterQuestionBank" description="SUR_TC02 Verify User Is Able To Enter Question Bank" finished-at="2023-06-15T17:51:49 IST" duration-ms="0" status="SKIP">
          <exception class="org.openqa.selenium.remote.http.ConnectionFailedException">
            <message>
              <![CDATA[Unable to establish websocket connection to http://localhost:64756/devtools/browser/837250b6-1999-4c7a-ae8f-56c409061928
Build info: version: '4.6.0', revision: '79f1c02ae20'
System info: os.name: 'Windows 10', os.arch: 'amd64', os.version: '10.0', java.version: '17.0.5'
Driver info: driver.version: EdgeDriver]]>
            </message>
            <full-stacktrace>
              <![CDATA[org.openqa.selenium.remote.http.ConnectionFailedException: Unable to establish websocket connection to http://localhost:64756/devtools/browser/837250b6-1999-4c7a-ae8f-56c409061928
Build info: version: '4.6.0', revision: '79f1c02ae20'
System info: os.name: 'Windows 10', os.arch: 'amd64', os.version: '10.0', java.version: '17.0.5'
Driver info: driver.version: EdgeDriver
at org.openqa.selenium.remote.http.netty.NettyWebSocket.<init>(NettyWebSocket.java:102)
at org.openqa.selenium.remote.http.netty.NettyWebSocket.lambda$create$3(NettyWebSocket.java:128)
at org.openqa.selenium.remote.http.netty.NettyClient.openSocket(NettyClient.java:107)
at org.openqa.selenium.devtools.Connection.<init>(Connection.java:77)
at org.openqa.selenium.chromium.ChromiumDriver.lambda$new$2(ChromiumDriver.java:116)
at java.base/java.util.Optional.map(Optional.java:260)
at org.openqa.selenium.chromium.ChromiumDriver.<init>(ChromiumDriver.java:114)
at org.openqa.selenium.edge.EdgeDriver.<init>(EdgeDriver.java:54)
at org.openqa.selenium.edge.EdgeDriver.<init>(EdgeDriver.java:46)
at pearl.SmartER.TestMethods.BaseClassMain.initialise_Driver(BaseClassMain.java:106)
at java.base/jdk.internal.reflect.NativeMethodAccessorImpl.invoke0(Native Method)
at java.base/jdk.internal.reflect.NativeMethodAccessorImpl.invoke(NativeMethodAccessorImpl.java:77)
at java.base/jdk.internal.reflect.DelegatingMethodAccessorImpl.invoke(DelegatingMethodAccessorImpl.java:43)
at java.base/java.lang.reflect.Method.invoke(Method.java:568)
at org.testng.internal.invokers.MethodInvocationHelper.invokeMethod(MethodInvocationHelper.java:139)
at org.testng.internal.invokers.MethodInvocationHelper.invokeMethodConsideringTimeout(MethodInvocationHelper.java:69)
at org.testng.internal.invokers.ConfigInvoker.invokeConfigurationMethod(ConfigInvoker.java:361)
at org.testng.internal.invokers.ConfigInvoker.invokeConfigurations(ConfigInvoker.java:296)
at org.testng.SuiteRunner.privateRun(SuiteRunner.java:372)
at org.testng.SuiteRunner.run(SuiteRunner.java:330)
at org.testng.SuiteRunnerWorker.runSuite(SuiteRunnerWorker.java:52)
at org.testng.SuiteRunnerWorker.run(SuiteRunnerWorker.java:95)
at org.testng.TestNG.runSuitesSequentially(TestNG.java:1256)
at org.testng.TestNG.runSuitesLocally(TestNG.java:1176)
at org.testng.TestNG.runSuites(TestNG.java:1099)
at org.testng.TestNG.run(TestNG.java:1067)
at org.testng.remote.AbstractRemoteTestNG.run(AbstractRemoteTestNG.java:115)
at org.testng.remote.RemoteTestNG.initAndRun(RemoteTestNG.java:251)
at org.testng.remote.RemoteTestNG.main(RemoteTestNG.java:77)
]]>
            </full-stacktrace>
          </exception> <!-- org.openqa.selenium.remote.http.ConnectionFailedException -->
          <reporter-output>
          </reporter-output>
        </test-method> <!-- tc02_verifyUserIsAbleToEnterQuestionBank -->
        <test-method is-config="true" signature="webDriverClose(org.testng.ITestResult)[pri:0, instance:pearl.SmartER.TestCases.SurveyPage_TestCases@6d60fe40]" started-at="2023-06-15T17:51:49 IST" name="webDriverClose" finished-at="2023-06-15T17:51:49 IST" duration-ms="0" status="SKIP">
          <reporter-output>
          </reporter-output>
        </test-method> <!-- webDriverClose -->
        <test-method is-config="true" signature="initialize()[pri:0, instance:pearl.SmartER.TestCases.SurveyPage_TestCases@6d60fe40]" started-at="2023-06-15T17:51:49 IST" name="initialize" finished-at="2023-06-15T17:51:49 IST" duration-ms="0" status="SKIP">
          <reporter-output>
          </reporter-output>
        </test-method> <!-- initialize -->
        <test-method signature="tc03_verifyUserIsAbleToEnterWarehouse()[pri:3, instance:pearl.SmartER.TestCases.SurveyPage_TestCases@6d60fe40]" started-at="2023-06-15T17:51:49 IST" name="tc03_verifyUserIsAbleToEnterWarehouse" description="SUR_TC03 Verify User Is Able To Enter Warehouse For Clicking  &#039;Add From Warehouse&#039; In The Question Bank" finished-at="2023-06-15T17:51:49 IST" duration-ms="0" status="SKIP">
          <exception class="org.openqa.selenium.remote.http.ConnectionFailedException">
            <message>
              <![CDATA[Unable to establish websocket connection to http://localhost:64756/devtools/browser/837250b6-1999-4c7a-ae8f-56c409061928
Build info: version: '4.6.0', revision: '79f1c02ae20'
System info: os.name: 'Windows 10', os.arch: 'amd64', os.version: '10.0', java.version: '17.0.5'
Driver info: driver.version: EdgeDriver]]>
            </message>
            <full-stacktrace>
              <![CDATA[org.openqa.selenium.remote.http.ConnectionFailedException: Unable to establish websocket connection to http://localhost:64756/devtools/browser/837250b6-1999-4c7a-ae8f-56c409061928
Build info: version: '4.6.0', revision: '79f1c02ae20'
System info: os.name: 'Windows 10', os.arch: 'amd64', os.version: '10.0', java.version: '17.0.5'
Driver info: driver.version: EdgeDriver
at org.openqa.selenium.remote.http.netty.NettyWebSocket.<init>(NettyWebSocket.java:102)
at org.openqa.selenium.remote.http.netty.NettyWebSocket.lambda$create$3(NettyWebSocket.java:128)
at org.openqa.selenium.remote.http.netty.NettyClient.openSocket(NettyClient.java:107)
at org.openqa.selenium.devtools.Connection.<init>(Connection.java:77)
at org.openqa.selenium.chromium.ChromiumDriver.lambda$new$2(ChromiumDriver.java:116)
at java.base/java.util.Optional.map(Optional.java:260)
at org.openqa.selenium.chromium.ChromiumDriver.<init>(ChromiumDriver.java:114)
at org.openqa.selenium.edge.EdgeDriver.<init>(EdgeDriver.java:54)
at org.openqa.selenium.edge.EdgeDriver.<init>(EdgeDriver.java:46)
at pearl.SmartER.TestMethods.BaseClassMain.initialise_Driver(BaseClassMain.java:106)
at java.base/jdk.internal.reflect.NativeMethodAccessorImpl.invoke0(Native Method)
at java.base/jdk.internal.reflect.NativeMethodAccessorImpl.invoke(NativeMethodAccessorImpl.java:77)
at java.base/jdk.internal.reflect.DelegatingMethodAccessorImpl.invoke(DelegatingMethodAccessorImpl.java:43)
at java.base/java.lang.reflect.Method.invoke(Method.java:568)
at org.testng.internal.invokers.MethodInvocationHelper.invokeMethod(MethodInvocationHelper.java:139)
at org.testng.internal.invokers.MethodInvocationHelper.invokeMethodConsideringTimeout(MethodInvocationHelper.java:69)
at org.testng.internal.invokers.ConfigInvoker.invokeConfigurationMethod(ConfigInvoker.java:361)
at org.testng.internal.invokers.ConfigInvoker.invokeConfigurations(ConfigInvoker.java:296)
at org.testng.SuiteRunner.privateRun(SuiteRunner.java:372)
at org.testng.SuiteRunner.run(SuiteRunner.java:330)
at org.testng.SuiteRunnerWorker.runSuite(SuiteRunnerWorker.java:52)
at org.testng.SuiteRunnerWorker.run(SuiteRunnerWorker.java:95)
at org.testng.TestNG.runSuitesSequentially(TestNG.java:1256)
at org.testng.TestNG.runSuitesLocally(TestNG.java:1176)
at org.testng.TestNG.runSuites(TestNG.java:1099)
at org.testng.TestNG.run(TestNG.java:1067)
at org.testng.remote.AbstractRemoteTestNG.run(AbstractRemoteTestNG.java:115)
at org.testng.remote.RemoteTestNG.initAndRun(RemoteTestNG.java:251)
at org.testng.remote.RemoteTestNG.main(RemoteTestNG.java:77)
]]>
            </full-stacktrace>
          </exception> <!-- org.openqa.selenium.remote.http.ConnectionFailedException -->
          <reporter-output>
          </reporter-output>
        </test-method> <!-- tc03_verifyUserIsAbleToEnterWarehouse -->
        <test-method is-config="true" signature="webDriverClose(org.testng.ITestResult)[pri:0, instance:pearl.SmartER.TestCases.SurveyPage_TestCases@6d60fe40]" started-at="2023-06-15T17:51:49 IST" name="webDriverClose" finished-at="2023-06-15T17:51:49 IST" duration-ms="0" status="SKIP">
          <reporter-output>
          </reporter-output>
        </test-method> <!-- webDriverClose -->
        <test-method is-config="true" signature="initialize()[pri:0, instance:pearl.SmartER.TestCases.SurveyPage_TestCases@6d60fe40]" started-at="2023-06-15T17:51:49 IST" name="initialize" finished-at="2023-06-15T17:51:49 IST" duration-ms="0" status="SKIP">
          <reporter-output>
          </reporter-output>
        </test-method> <!-- initialize -->
        <test-method signature="tc04_verifyUserIsAbleToCreateANewQuestion()[pri:4, instance:pearl.SmartER.TestCases.SurveyPage_TestCases@6d60fe40]" started-at="2023-06-15T17:51:49 IST" name="tc04_verifyUserIsAbleToCreateANewQuestion" description="SUR_TC04 Verify User is able to create a New Question with valid data" finished-at="2023-06-15T17:51:49 IST" duration-ms="0" status="SKIP">
          <exception class="org.openqa.selenium.remote.http.ConnectionFailedException">
            <message>
              <![CDATA[Unable to establish websocket connection to http://localhost:64756/devtools/browser/837250b6-1999-4c7a-ae8f-56c409061928
Build info: version: '4.6.0', revision: '79f1c02ae20'
System info: os.name: 'Windows 10', os.arch: 'amd64', os.version: '10.0', java.version: '17.0.5'
Driver info: driver.version: EdgeDriver]]>
            </message>
            <full-stacktrace>
              <![CDATA[org.openqa.selenium.remote.http.ConnectionFailedException: Unable to establish websocket connection to http://localhost:64756/devtools/browser/837250b6-1999-4c7a-ae8f-56c409061928
Build info: version: '4.6.0', revision: '79f1c02ae20'
System info: os.name: 'Windows 10', os.arch: 'amd64', os.version: '10.0', java.version: '17.0.5'
Driver info: driver.version: EdgeDriver
at org.openqa.selenium.remote.http.netty.NettyWebSocket.<init>(NettyWebSocket.java:102)
at org.openqa.selenium.remote.http.netty.NettyWebSocket.lambda$create$3(NettyWebSocket.java:128)
at org.openqa.selenium.remote.http.netty.NettyClient.openSocket(NettyClient.java:107)
at org.openqa.selenium.devtools.Connection.<init>(Connection.java:77)
at org.openqa.selenium.chromium.ChromiumDriver.lambda$new$2(ChromiumDriver.java:116)
at java.base/java.util.Optional.map(Optional.java:260)
at org.openqa.selenium.chromium.ChromiumDriver.<init>(ChromiumDriver.java:114)
at org.openqa.selenium.edge.EdgeDriver.<init>(EdgeDriver.java:54)
at org.openqa.selenium.edge.EdgeDriver.<init>(EdgeDriver.java:46)
at pearl.SmartER.TestMethods.BaseClassMain.initialise_Driver(BaseClassMain.java:106)
at java.base/jdk.internal.reflect.NativeMethodAccessorImpl.invoke0(Native Method)
at java.base/jdk.internal.reflect.NativeMethodAccessorImpl.invoke(NativeMethodAccessorImpl.java:77)
at java.base/jdk.internal.reflect.DelegatingMethodAccessorImpl.invoke(DelegatingMethodAccessorImpl.java:43)
at java.base/java.lang.reflect.Method.invoke(Method.java:568)
at org.testng.internal.invokers.MethodInvocationHelper.invokeMethod(MethodInvocationHelper.java:139)
at org.testng.internal.invokers.MethodInvocationHelper.invokeMethodConsideringTimeout(MethodInvocationHelper.java:69)
at org.testng.internal.invokers.ConfigInvoker.invokeConfigurationMethod(ConfigInvoker.java:361)
at org.testng.internal.invokers.ConfigInvoker.invokeConfigurations(ConfigInvoker.java:296)
at org.testng.SuiteRunner.privateRun(SuiteRunner.java:372)
at org.testng.SuiteRunner.run(SuiteRunner.java:330)
at org.testng.SuiteRunnerWorker.runSuite(SuiteRunnerWorker.java:52)
at org.testng.SuiteRunnerWorker.run(SuiteRunnerWorker.java:95)
at org.testng.TestNG.runSuitesSequentially(TestNG.java:1256)
at org.testng.TestNG.runSuitesLocally(TestNG.java:1176)
at org.testng.TestNG.runSuites(TestNG.java:1099)
at org.testng.TestNG.run(TestNG.java:1067)
at org.testng.remote.AbstractRemoteTestNG.run(AbstractRemoteTestNG.java:115)
at org.testng.remote.RemoteTestNG.initAndRun(RemoteTestNG.java:251)
at org.testng.remote.RemoteTestNG.main(RemoteTestNG.java:77)
]]>
            </full-stacktrace>
          </exception> <!-- org.openqa.selenium.remote.http.ConnectionFailedException -->
          <reporter-output>
          </reporter-output>
        </test-method> <!-- tc04_verifyUserIsAbleToCreateANewQuestion -->
        <test-method is-config="true" signature="webDriverClose(org.testng.ITestResult)[pri:0, instance:pearl.SmartER.TestCases.SurveyPage_TestCases@6d60fe40]" started-at="2023-06-15T17:51:49 IST" name="webDriverClose" finished-at="2023-06-15T17:51:49 IST" duration-ms="0" status="SKIP">
          <reporter-output>
          </reporter-output>
        </test-method> <!-- webDriverClose -->
        <test-method is-config="true" signature="initialize()[pri:0, instance:pearl.SmartER.TestCases.SurveyPage_TestCases@6d60fe40]" started-at="2023-06-15T17:51:49 IST" name="initialize" finished-at="2023-06-15T17:51:49 IST" duration-ms="0" status="SKIP">
          <reporter-output>
          </reporter-output>
        </test-method> <!-- initialize -->
        <test-method signature="tc05_verifyUserIsNotAbleToCreateANewQuestionWithoutFillingAnyData()[pri:5, instance:pearl.SmartER.TestCases.SurveyPage_TestCases@6d60fe40]" started-at="2023-06-15T17:51:49 IST" name="tc05_verifyUserIsNotAbleToCreateANewQuestionWithoutFillingAnyData" description="SUR_TC05 Verify Whether User is able to create a New Question without filling mandatory fields" finished-at="2023-06-15T17:51:49 IST" duration-ms="0" status="SKIP">
          <exception class="org.openqa.selenium.remote.http.ConnectionFailedException">
            <message>
              <![CDATA[Unable to establish websocket connection to http://localhost:64756/devtools/browser/837250b6-1999-4c7a-ae8f-56c409061928
Build info: version: '4.6.0', revision: '79f1c02ae20'
System info: os.name: 'Windows 10', os.arch: 'amd64', os.version: '10.0', java.version: '17.0.5'
Driver info: driver.version: EdgeDriver]]>
            </message>
            <full-stacktrace>
              <![CDATA[org.openqa.selenium.remote.http.ConnectionFailedException: Unable to establish websocket connection to http://localhost:64756/devtools/browser/837250b6-1999-4c7a-ae8f-56c409061928
Build info: version: '4.6.0', revision: '79f1c02ae20'
System info: os.name: 'Windows 10', os.arch: 'amd64', os.version: '10.0', java.version: '17.0.5'
Driver info: driver.version: EdgeDriver
at org.openqa.selenium.remote.http.netty.NettyWebSocket.<init>(NettyWebSocket.java:102)
at org.openqa.selenium.remote.http.netty.NettyWebSocket.lambda$create$3(NettyWebSocket.java:128)
at org.openqa.selenium.remote.http.netty.NettyClient.openSocket(NettyClient.java:107)
at org.openqa.selenium.devtools.Connection.<init>(Connection.java:77)
at org.openqa.selenium.chromium.ChromiumDriver.lambda$new$2(ChromiumDriver.java:116)
at java.base/java.util.Optional.map(Optional.java:260)
at org.openqa.selenium.chromium.ChromiumDriver.<init>(ChromiumDriver.java:114)
at org.openqa.selenium.edge.EdgeDriver.<init>(EdgeDriver.java:54)
at org.openqa.selenium.edge.EdgeDriver.<init>(EdgeDriver.java:46)
at pearl.SmartER.TestMethods.BaseClassMain.initialise_Driver(BaseClassMain.java:106)
at java.base/jdk.internal.reflect.NativeMethodAccessorImpl.invoke0(Native Method)
at java.base/jdk.internal.reflect.NativeMethodAccessorImpl.invoke(NativeMethodAccessorImpl.java:77)
at java.base/jdk.internal.reflect.DelegatingMethodAccessorImpl.invoke(DelegatingMethodAccessorImpl.java:43)
at java.base/java.lang.reflect.Method.invoke(Method.java:568)
at org.testng.internal.invokers.MethodInvocationHelper.invokeMethod(MethodInvocationHelper.java:139)
at org.testng.internal.invokers.MethodInvocationHelper.invokeMethodConsideringTimeout(MethodInvocationHelper.java:69)
at org.testng.internal.invokers.ConfigInvoker.invokeConfigurationMethod(ConfigInvoker.java:361)
at org.testng.internal.invokers.ConfigInvoker.invokeConfigurations(ConfigInvoker.java:296)
at org.testng.SuiteRunner.privateRun(SuiteRunner.java:372)
at org.testng.SuiteRunner.run(SuiteRunner.java:330)
at org.testng.SuiteRunnerWorker.runSuite(SuiteRunnerWorker.java:52)
at org.testng.SuiteRunnerWorker.run(SuiteRunnerWorker.java:95)
at org.testng.TestNG.runSuitesSequentially(TestNG.java:1256)
at org.testng.TestNG.runSuitesLocally(TestNG.java:1176)
at org.testng.TestNG.runSuites(TestNG.java:1099)
at org.testng.TestNG.run(TestNG.java:1067)
at org.testng.remote.AbstractRemoteTestNG.run(AbstractRemoteTestNG.java:115)
at org.testng.remote.RemoteTestNG.initAndRun(RemoteTestNG.java:251)
at org.testng.remote.RemoteTestNG.main(RemoteTestNG.java:77)
]]>
            </full-stacktrace>
          </exception> <!-- org.openqa.selenium.remote.http.ConnectionFailedException -->
          <reporter-output>
          </reporter-output>
        </test-method> <!-- tc05_verifyUserIsNotAbleToCreateANewQuestionWithoutFillingAnyData -->
        <test-method is-config="true" signature="webDriverClose(org.testng.ITestResult)[pri:0, instance:pearl.SmartER.TestCases.SurveyPage_TestCases@6d60fe40]" started-at="2023-06-15T17:51:49 IST" name="webDriverClose" finished-at="2023-06-15T17:51:49 IST" duration-ms="0" status="SKIP">
          <reporter-output>
          </reporter-output>
        </test-method> <!-- webDriverClose -->
        <test-method is-config="true" signature="initialize()[pri:0, instance:pearl.SmartER.TestCases.SurveyPage_TestCases@6d60fe40]" started-at="2023-06-15T17:51:49 IST" name="initialize" finished-at="2023-06-15T17:51:49 IST" duration-ms="0" status="SKIP">
          <reporter-output>
          </reporter-output>
        </test-method> <!-- initialize -->
        <test-method signature="tc62_verifyUserIsAbleToCreateANewQuestionAndAddIntoTheWareHouse()[pri:5, instance:pearl.SmartER.TestCases.SurveyPage_TestCases@6d60fe40]" started-at="2023-06-15T17:51:49 IST" name="tc62_verifyUserIsAbleToCreateANewQuestionAndAddIntoTheWareHouse" description="SUR_TC62 Verify Whether User is able to create a New Question and add into the Warehouse" finished-at="2023-06-15T17:51:49 IST" duration-ms="0" status="SKIP">
          <exception class="org.openqa.selenium.remote.http.ConnectionFailedException">
            <message>
              <![CDATA[Unable to establish websocket connection to http://localhost:64756/devtools/browser/837250b6-1999-4c7a-ae8f-56c409061928
Build info: version: '4.6.0', revision: '79f1c02ae20'
System info: os.name: 'Windows 10', os.arch: 'amd64', os.version: '10.0', java.version: '17.0.5'
Driver info: driver.version: EdgeDriver]]>
            </message>
            <full-stacktrace>
              <![CDATA[org.openqa.selenium.remote.http.ConnectionFailedException: Unable to establish websocket connection to http://localhost:64756/devtools/browser/837250b6-1999-4c7a-ae8f-56c409061928
Build info: version: '4.6.0', revision: '79f1c02ae20'
System info: os.name: 'Windows 10', os.arch: 'amd64', os.version: '10.0', java.version: '17.0.5'
Driver info: driver.version: EdgeDriver
at org.openqa.selenium.remote.http.netty.NettyWebSocket.<init>(NettyWebSocket.java:102)
at org.openqa.selenium.remote.http.netty.NettyWebSocket.lambda$create$3(NettyWebSocket.java:128)
at org.openqa.selenium.remote.http.netty.NettyClient.openSocket(NettyClient.java:107)
at org.openqa.selenium.devtools.Connection.<init>(Connection.java:77)
at org.openqa.selenium.chromium.ChromiumDriver.lambda$new$2(ChromiumDriver.java:116)
at java.base/java.util.Optional.map(Optional.java:260)
at org.openqa.selenium.chromium.ChromiumDriver.<init>(ChromiumDriver.java:114)
at org.openqa.selenium.edge.EdgeDriver.<init>(EdgeDriver.java:54)
at org.openqa.selenium.edge.EdgeDriver.<init>(EdgeDriver.java:46)
at pearl.SmartER.TestMethods.BaseClassMain.initialise_Driver(BaseClassMain.java:106)
at java.base/jdk.internal.reflect.NativeMethodAccessorImpl.invoke0(Native Method)
at java.base/jdk.internal.reflect.NativeMethodAccessorImpl.invoke(NativeMethodAccessorImpl.java:77)
at java.base/jdk.internal.reflect.DelegatingMethodAccessorImpl.invoke(DelegatingMethodAccessorImpl.java:43)
at java.base/java.lang.reflect.Method.invoke(Method.java:568)
at org.testng.internal.invokers.MethodInvocationHelper.invokeMethod(MethodInvocationHelper.java:139)
at org.testng.internal.invokers.MethodInvocationHelper.invokeMethodConsideringTimeout(MethodInvocationHelper.java:69)
at org.testng.internal.invokers.ConfigInvoker.invokeConfigurationMethod(ConfigInvoker.java:361)
at org.testng.internal.invokers.ConfigInvoker.invokeConfigurations(ConfigInvoker.java:296)
at org.testng.SuiteRunner.privateRun(SuiteRunner.java:372)
at org.testng.SuiteRunner.run(SuiteRunner.java:330)
at org.testng.SuiteRunnerWorker.runSuite(SuiteRunnerWorker.java:52)
at org.testng.SuiteRunnerWorker.run(SuiteRunnerWorker.java:95)
at org.testng.TestNG.runSuitesSequentially(TestNG.java:1256)
at org.testng.TestNG.runSuitesLocally(TestNG.java:1176)
at org.testng.TestNG.runSuites(TestNG.java:1099)
at org.testng.TestNG.run(TestNG.java:1067)
at org.testng.remote.AbstractRemoteTestNG.run(AbstractRemoteTestNG.java:115)
at org.testng.remote.RemoteTestNG.initAndRun(RemoteTestNG.java:251)
at org.testng.remote.RemoteTestNG.main(RemoteTestNG.java:77)
]]>
            </full-stacktrace>
          </exception> <!-- org.openqa.selenium.remote.http.ConnectionFailedException -->
          <reporter-output>
          </reporter-output>
        </test-method> <!-- tc62_verifyUserIsAbleToCreateANewQuestionAndAddIntoTheWareHouse -->
        <test-method is-config="true" signature="webDriverClose(org.testng.ITestResult)[pri:0, instance:pearl.SmartER.TestCases.SurveyPage_TestCases@6d60fe40]" started-at="2023-06-15T17:51:49 IST" name="webDriverClose" finished-at="2023-06-15T17:51:49 IST" duration-ms="0" status="SKIP">
          <reporter-output>
          </reporter-output>
        </test-method> <!-- webDriverClose -->
        <test-method is-config="true" signature="initialize()[pri:0, instance:pearl.SmartER.TestCases.SurveyPage_TestCases@6d60fe40]" started-at="2023-06-15T17:51:49 IST" name="initialize" finished-at="2023-06-15T17:51:49 IST" duration-ms="0" status="SKIP">
          <reporter-output>
          </reporter-output>
        </test-method> <!-- initialize -->
        <test-method signature="tc06_verifyUserIsAbleToRetrunTheQuestionBank()[pri:6, instance:pearl.SmartER.TestCases.SurveyPage_TestCases@6d60fe40]" started-at="2023-06-15T17:51:49 IST" name="tc06_verifyUserIsAbleToRetrunTheQuestionBank" description="SUR_TC06 Verify Whether User is able to return the Creating a New Question Page into Question Bank" finished-at="2023-06-15T17:51:49 IST" duration-ms="0" status="SKIP">
          <exception class="org.openqa.selenium.remote.http.ConnectionFailedException">
            <message>
              <![CDATA[Unable to establish websocket connection to http://localhost:64756/devtools/browser/837250b6-1999-4c7a-ae8f-56c409061928
Build info: version: '4.6.0', revision: '79f1c02ae20'
System info: os.name: 'Windows 10', os.arch: 'amd64', os.version: '10.0', java.version: '17.0.5'
Driver info: driver.version: EdgeDriver]]>
            </message>
            <full-stacktrace>
              <![CDATA[org.openqa.selenium.remote.http.ConnectionFailedException: Unable to establish websocket connection to http://localhost:64756/devtools/browser/837250b6-1999-4c7a-ae8f-56c409061928
Build info: version: '4.6.0', revision: '79f1c02ae20'
System info: os.name: 'Windows 10', os.arch: 'amd64', os.version: '10.0', java.version: '17.0.5'
Driver info: driver.version: EdgeDriver
at org.openqa.selenium.remote.http.netty.NettyWebSocket.<init>(NettyWebSocket.java:102)
at org.openqa.selenium.remote.http.netty.NettyWebSocket.lambda$create$3(NettyWebSocket.java:128)
at org.openqa.selenium.remote.http.netty.NettyClient.openSocket(NettyClient.java:107)
at org.openqa.selenium.devtools.Connection.<init>(Connection.java:77)
at org.openqa.selenium.chromium.ChromiumDriver.lambda$new$2(ChromiumDriver.java:116)
at java.base/java.util.Optional.map(Optional.java:260)
at org.openqa.selenium.chromium.ChromiumDriver.<init>(ChromiumDriver.java:114)
at org.openqa.selenium.edge.EdgeDriver.<init>(EdgeDriver.java:54)
at org.openqa.selenium.edge.EdgeDriver.<init>(EdgeDriver.java:46)
at pearl.SmartER.TestMethods.BaseClassMain.initialise_Driver(BaseClassMain.java:106)
at java.base/jdk.internal.reflect.NativeMethodAccessorImpl.invoke0(Native Method)
at java.base/jdk.internal.reflect.NativeMethodAccessorImpl.invoke(NativeMethodAccessorImpl.java:77)
at java.base/jdk.internal.reflect.DelegatingMethodAccessorImpl.invoke(DelegatingMethodAccessorImpl.java:43)
at java.base/java.lang.reflect.Method.invoke(Method.java:568)
at org.testng.internal.invokers.MethodInvocationHelper.invokeMethod(MethodInvocationHelper.java:139)
at org.testng.internal.invokers.MethodInvocationHelper.invokeMethodConsideringTimeout(MethodInvocationHelper.java:69)
at org.testng.internal.invokers.ConfigInvoker.invokeConfigurationMethod(ConfigInvoker.java:361)
at org.testng.internal.invokers.ConfigInvoker.invokeConfigurations(ConfigInvoker.java:296)
at org.testng.SuiteRunner.privateRun(SuiteRunner.java:372)
at org.testng.SuiteRunner.run(SuiteRunner.java:330)
at org.testng.SuiteRunnerWorker.runSuite(SuiteRunnerWorker.java:52)
at org.testng.SuiteRunnerWorker.run(SuiteRunnerWorker.java:95)
at org.testng.TestNG.runSuitesSequentially(TestNG.java:1256)
at org.testng.TestNG.runSuitesLocally(TestNG.java:1176)
at org.testng.TestNG.runSuites(TestNG.java:1099)
at org.testng.TestNG.run(TestNG.java:1067)
at org.testng.remote.AbstractRemoteTestNG.run(AbstractRemoteTestNG.java:115)
at org.testng.remote.RemoteTestNG.initAndRun(RemoteTestNG.java:251)
at org.testng.remote.RemoteTestNG.main(RemoteTestNG.java:77)
]]>
            </full-stacktrace>
          </exception> <!-- org.openqa.selenium.remote.http.ConnectionFailedException -->
          <reporter-output>
          </reporter-output>
        </test-method> <!-- tc06_verifyUserIsAbleToRetrunTheQuestionBank -->
        <test-method is-config="true" signature="webDriverClose(org.testng.ITestResult)[pri:0, instance:pearl.SmartER.TestCases.SurveyPage_TestCases@6d60fe40]" started-at="2023-06-15T17:51:49 IST" name="webDriverClose" finished-at="2023-06-15T17:51:49 IST" duration-ms="0" status="SKIP">
          <reporter-output>
          </reporter-output>
        </test-method> <!-- webDriverClose -->
        <test-method is-config="true" signature="initialize()[pri:0, instance:pearl.SmartER.TestCases.SurveyPage_TestCases@6d60fe40]" started-at="2023-06-15T17:51:49 IST" name="initialize" finished-at="2023-06-15T17:51:49 IST" duration-ms="0" status="SKIP">
          <reporter-output>
          </reporter-output>
        </test-method> <!-- initialize -->
        <test-method signature="tc07_verifyUserIsAbleToSearchAQuestionWithQuestionName()[pri:7, instance:pearl.SmartER.TestCases.SurveyPage_TestCases@6d60fe40]" started-at="2023-06-15T17:51:49 IST" name="tc07_verifyUserIsAbleToSearchAQuestionWithQuestionName" description="SUR_TC07 Verify Whether User is able to search a Question" finished-at="2023-06-15T17:51:49 IST" duration-ms="0" status="SKIP">
          <exception class="org.openqa.selenium.remote.http.ConnectionFailedException">
            <message>
              <![CDATA[Unable to establish websocket connection to http://localhost:64756/devtools/browser/837250b6-1999-4c7a-ae8f-56c409061928
Build info: version: '4.6.0', revision: '79f1c02ae20'
System info: os.name: 'Windows 10', os.arch: 'amd64', os.version: '10.0', java.version: '17.0.5'
Driver info: driver.version: EdgeDriver]]>
            </message>
            <full-stacktrace>
              <![CDATA[org.openqa.selenium.remote.http.ConnectionFailedException: Unable to establish websocket connection to http://localhost:64756/devtools/browser/837250b6-1999-4c7a-ae8f-56c409061928
Build info: version: '4.6.0', revision: '79f1c02ae20'
System info: os.name: 'Windows 10', os.arch: 'amd64', os.version: '10.0', java.version: '17.0.5'
Driver info: driver.version: EdgeDriver
at org.openqa.selenium.remote.http.netty.NettyWebSocket.<init>(NettyWebSocket.java:102)
at org.openqa.selenium.remote.http.netty.NettyWebSocket.lambda$create$3(NettyWebSocket.java:128)
at org.openqa.selenium.remote.http.netty.NettyClient.openSocket(NettyClient.java:107)
at org.openqa.selenium.devtools.Connection.<init>(Connection.java:77)
at org.openqa.selenium.chromium.ChromiumDriver.lambda$new$2(ChromiumDriver.java:116)
at java.base/java.util.Optional.map(Optional.java:260)
at org.openqa.selenium.chromium.ChromiumDriver.<init>(ChromiumDriver.java:114)
at org.openqa.selenium.edge.EdgeDriver.<init>(EdgeDriver.java:54)
at org.openqa.selenium.edge.EdgeDriver.<init>(EdgeDriver.java:46)
at pearl.SmartER.TestMethods.BaseClassMain.initialise_Driver(BaseClassMain.java:106)
at java.base/jdk.internal.reflect.NativeMethodAccessorImpl.invoke0(Native Method)
at java.base/jdk.internal.reflect.NativeMethodAccessorImpl.invoke(NativeMethodAccessorImpl.java:77)
at java.base/jdk.internal.reflect.DelegatingMethodAccessorImpl.invoke(DelegatingMethodAccessorImpl.java:43)
at java.base/java.lang.reflect.Method.invoke(Method.java:568)
at org.testng.internal.invokers.MethodInvocationHelper.invokeMethod(MethodInvocationHelper.java:139)
at org.testng.internal.invokers.MethodInvocationHelper.invokeMethodConsideringTimeout(MethodInvocationHelper.java:69)
at org.testng.internal.invokers.ConfigInvoker.invokeConfigurationMethod(ConfigInvoker.java:361)
at org.testng.internal.invokers.ConfigInvoker.invokeConfigurations(ConfigInvoker.java:296)
at org.testng.SuiteRunner.privateRun(SuiteRunner.java:372)
at org.testng.SuiteRunner.run(SuiteRunner.java:330)
at org.testng.SuiteRunnerWorker.runSuite(SuiteRunnerWorker.java:52)
at org.testng.SuiteRunnerWorker.run(SuiteRunnerWorker.java:95)
at org.testng.TestNG.runSuitesSequentially(TestNG.java:1256)
at org.testng.TestNG.runSuitesLocally(TestNG.java:1176)
at org.testng.TestNG.runSuites(TestNG.java:1099)
at org.testng.TestNG.run(TestNG.java:1067)
at org.testng.remote.AbstractRemoteTestNG.run(AbstractRemoteTestNG.java:115)
at org.testng.remote.RemoteTestNG.initAndRun(RemoteTestNG.java:251)
at org.testng.remote.RemoteTestNG.main(RemoteTestNG.java:77)
]]>
            </full-stacktrace>
          </exception> <!-- org.openqa.selenium.remote.http.ConnectionFailedException -->
          <reporter-output>
          </reporter-output>
        </test-method> <!-- tc07_verifyUserIsAbleToSearchAQuestionWithQuestionName -->
        <test-method is-config="true" signature="webDriverClose(org.testng.ITestResult)[pri:0, instance:pearl.SmartER.TestCases.SurveyPage_TestCases@6d60fe40]" started-at="2023-06-15T17:51:49 IST" name="webDriverClose" finished-at="2023-06-15T17:51:49 IST" duration-ms="0" status="SKIP">
          <reporter-output>
          </reporter-output>
        </test-method> <!-- webDriverClose -->
        <test-method is-config="true" signature="initialize()[pri:0, instance:pearl.SmartER.TestCases.SurveyPage_TestCases@6d60fe40]" started-at="2023-06-15T17:51:49 IST" name="initialize" finished-at="2023-06-15T17:51:49 IST" duration-ms="0" status="SKIP">
          <reporter-output>
          </reporter-output>
        </test-method> <!-- initialize -->
        <test-method signature="tc08_verifyUserIsAbleToDeleteAQuestionInTheQuestionBank()[pri:8, instance:pearl.SmartER.TestCases.SurveyPage_TestCases@6d60fe40]" started-at="2023-06-15T17:51:49 IST" name="tc08_verifyUserIsAbleToDeleteAQuestionInTheQuestionBank" description="SUR_TC08 Verify Whether User is able to delete a Question" finished-at="2023-06-15T17:51:49 IST" duration-ms="0" status="SKIP">
          <exception class="org.openqa.selenium.remote.http.ConnectionFailedException">
            <message>
              <![CDATA[Unable to establish websocket connection to http://localhost:64756/devtools/browser/837250b6-1999-4c7a-ae8f-56c409061928
Build info: version: '4.6.0', revision: '79f1c02ae20'
System info: os.name: 'Windows 10', os.arch: 'amd64', os.version: '10.0', java.version: '17.0.5'
Driver info: driver.version: EdgeDriver]]>
            </message>
            <full-stacktrace>
              <![CDATA[org.openqa.selenium.remote.http.ConnectionFailedException: Unable to establish websocket connection to http://localhost:64756/devtools/browser/837250b6-1999-4c7a-ae8f-56c409061928
Build info: version: '4.6.0', revision: '79f1c02ae20'
System info: os.name: 'Windows 10', os.arch: 'amd64', os.version: '10.0', java.version: '17.0.5'
Driver info: driver.version: EdgeDriver
at org.openqa.selenium.remote.http.netty.NettyWebSocket.<init>(NettyWebSocket.java:102)
at org.openqa.selenium.remote.http.netty.NettyWebSocket.lambda$create$3(NettyWebSocket.java:128)
at org.openqa.selenium.remote.http.netty.NettyClient.openSocket(NettyClient.java:107)
at org.openqa.selenium.devtools.Connection.<init>(Connection.java:77)
at org.openqa.selenium.chromium.ChromiumDriver.lambda$new$2(ChromiumDriver.java:116)
at java.base/java.util.Optional.map(Optional.java:260)
at org.openqa.selenium.chromium.ChromiumDriver.<init>(ChromiumDriver.java:114)
at org.openqa.selenium.edge.EdgeDriver.<init>(EdgeDriver.java:54)
at org.openqa.selenium.edge.EdgeDriver.<init>(EdgeDriver.java:46)
at pearl.SmartER.TestMethods.BaseClassMain.initialise_Driver(BaseClassMain.java:106)
at java.base/jdk.internal.reflect.NativeMethodAccessorImpl.invoke0(Native Method)
at java.base/jdk.internal.reflect.NativeMethodAccessorImpl.invoke(NativeMethodAccessorImpl.java:77)
at java.base/jdk.internal.reflect.DelegatingMethodAccessorImpl.invoke(DelegatingMethodAccessorImpl.java:43)
at java.base/java.lang.reflect.Method.invoke(Method.java:568)
at org.testng.internal.invokers.MethodInvocationHelper.invokeMethod(MethodInvocationHelper.java:139)
at org.testng.internal.invokers.MethodInvocationHelper.invokeMethodConsideringTimeout(MethodInvocationHelper.java:69)
at org.testng.internal.invokers.ConfigInvoker.invokeConfigurationMethod(ConfigInvoker.java:361)
at org.testng.internal.invokers.ConfigInvoker.invokeConfigurations(ConfigInvoker.java:296)
at org.testng.SuiteRunner.privateRun(SuiteRunner.java:372)
at org.testng.SuiteRunner.run(SuiteRunner.java:330)
at org.testng.SuiteRunnerWorker.runSuite(SuiteRunnerWorker.java:52)
at org.testng.SuiteRunnerWorker.run(SuiteRunnerWorker.java:95)
at org.testng.TestNG.runSuitesSequentially(TestNG.java:1256)
at org.testng.TestNG.runSuitesLocally(TestNG.java:1176)
at org.testng.TestNG.runSuites(TestNG.java:1099)
at org.testng.TestNG.run(TestNG.java:1067)
at org.testng.remote.AbstractRemoteTestNG.run(AbstractRemoteTestNG.java:115)
at org.testng.remote.RemoteTestNG.initAndRun(RemoteTestNG.java:251)
at org.testng.remote.RemoteTestNG.main(RemoteTestNG.java:77)
]]>
            </full-stacktrace>
          </exception> <!-- org.openqa.selenium.remote.http.ConnectionFailedException -->
          <reporter-output>
          </reporter-output>
        </test-method> <!-- tc08_verifyUserIsAbleToDeleteAQuestionInTheQuestionBank -->
        <test-method is-config="true" signature="webDriverClose(org.testng.ITestResult)[pri:0, instance:pearl.SmartER.TestCases.SurveyPage_TestCases@6d60fe40]" started-at="2023-06-15T17:51:49 IST" name="webDriverClose" finished-at="2023-06-15T17:51:49 IST" duration-ms="0" status="SKIP">
          <reporter-output>
          </reporter-output>
        </test-method> <!-- webDriverClose -->
        <test-method is-config="true" signature="initialize()[pri:0, instance:pearl.SmartER.TestCases.SurveyPage_TestCases@6d60fe40]" started-at="2023-06-15T17:51:49 IST" name="initialize" finished-at="2023-06-15T17:51:49 IST" duration-ms="0" status="SKIP">
          <reporter-output>
          </reporter-output>
        </test-method> <!-- initialize -->
        <test-method signature="tc09_verifyUserIsAbleToEnterCurrentSurveys()[pri:9, instance:pearl.SmartER.TestCases.SurveyPage_TestCases@6d60fe40]" started-at="2023-06-15T17:51:49 IST" name="tc09_verifyUserIsAbleToEnterCurrentSurveys" description="SUR_TC09 Verify Whether User is able to enter Current Surveys" finished-at="2023-06-15T17:51:49 IST" duration-ms="0" status="SKIP">
          <exception class="org.openqa.selenium.remote.http.ConnectionFailedException">
            <message>
              <![CDATA[Unable to establish websocket connection to http://localhost:64756/devtools/browser/837250b6-1999-4c7a-ae8f-56c409061928
Build info: version: '4.6.0', revision: '79f1c02ae20'
System info: os.name: 'Windows 10', os.arch: 'amd64', os.version: '10.0', java.version: '17.0.5'
Driver info: driver.version: EdgeDriver]]>
            </message>
            <full-stacktrace>
              <![CDATA[org.openqa.selenium.remote.http.ConnectionFailedException: Unable to establish websocket connection to http://localhost:64756/devtools/browser/837250b6-1999-4c7a-ae8f-56c409061928
Build info: version: '4.6.0', revision: '79f1c02ae20'
System info: os.name: 'Windows 10', os.arch: 'amd64', os.version: '10.0', java.version: '17.0.5'
Driver info: driver.version: EdgeDriver
at org.openqa.selenium.remote.http.netty.NettyWebSocket.<init>(NettyWebSocket.java:102)
at org.openqa.selenium.remote.http.netty.NettyWebSocket.lambda$create$3(NettyWebSocket.java:128)
at org.openqa.selenium.remote.http.netty.NettyClient.openSocket(NettyClient.java:107)
at org.openqa.selenium.devtools.Connection.<init>(Connection.java:77)
at org.openqa.selenium.chromium.ChromiumDriver.lambda$new$2(ChromiumDriver.java:116)
at java.base/java.util.Optional.map(Optional.java:260)
at org.openqa.selenium.chromium.ChromiumDriver.<init>(ChromiumDriver.java:114)
at org.openqa.selenium.edge.EdgeDriver.<init>(EdgeDriver.java:54)
at org.openqa.selenium.edge.EdgeDriver.<init>(EdgeDriver.java:46)
at pearl.SmartER.TestMethods.BaseClassMain.initialise_Driver(BaseClassMain.java:106)
at java.base/jdk.internal.reflect.NativeMethodAccessorImpl.invoke0(Native Method)
at java.base/jdk.internal.reflect.NativeMethodAccessorImpl.invoke(NativeMethodAccessorImpl.java:77)
at java.base/jdk.internal.reflect.DelegatingMethodAccessorImpl.invoke(DelegatingMethodAccessorImpl.java:43)
at java.base/java.lang.reflect.Method.invoke(Method.java:568)
at org.testng.internal.invokers.MethodInvocationHelper.invokeMethod(MethodInvocationHelper.java:139)
at org.testng.internal.invokers.MethodInvocationHelper.invokeMethodConsideringTimeout(MethodInvocationHelper.java:69)
at org.testng.internal.invokers.ConfigInvoker.invokeConfigurationMethod(ConfigInvoker.java:361)
at org.testng.internal.invokers.ConfigInvoker.invokeConfigurations(ConfigInvoker.java:296)
at org.testng.SuiteRunner.privateRun(SuiteRunner.java:372)
at org.testng.SuiteRunner.run(SuiteRunner.java:330)
at org.testng.SuiteRunnerWorker.runSuite(SuiteRunnerWorker.java:52)
at org.testng.SuiteRunnerWorker.run(SuiteRunnerWorker.java:95)
at org.testng.TestNG.runSuitesSequentially(TestNG.java:1256)
at org.testng.TestNG.runSuitesLocally(TestNG.java:1176)
at org.testng.TestNG.runSuites(TestNG.java:1099)
at org.testng.TestNG.run(TestNG.java:1067)
at org.testng.remote.AbstractRemoteTestNG.run(AbstractRemoteTestNG.java:115)
at org.testng.remote.RemoteTestNG.initAndRun(RemoteTestNG.java:251)
at org.testng.remote.RemoteTestNG.main(RemoteTestNG.java:77)
]]>
            </full-stacktrace>
          </exception> <!-- org.openqa.selenium.remote.http.ConnectionFailedException -->
          <reporter-output>
          </reporter-output>
        </test-method> <!-- tc09_verifyUserIsAbleToEnterCurrentSurveys -->
        <test-method is-config="true" signature="webDriverClose(org.testng.ITestResult)[pri:0, instance:pearl.SmartER.TestCases.SurveyPage_TestCases@6d60fe40]" started-at="2023-06-15T17:51:49 IST" name="webDriverClose" finished-at="2023-06-15T17:51:49 IST" duration-ms="0" status="SKIP">
          <reporter-output>
          </reporter-output>
        </test-method> <!-- webDriverClose -->
        <test-method is-config="true" signature="initialize()[pri:0, instance:pearl.SmartER.TestCases.SurveyPage_TestCases@6d60fe40]" started-at="2023-06-15T17:51:49 IST" name="initialize" finished-at="2023-06-15T17:51:49 IST" duration-ms="0" status="SKIP">
          <reporter-output>
          </reporter-output>
        </test-method> <!-- initialize -->
        <test-method signature="tc10_verifyUserIsAbleToViewCreateSurvey()[pri:10, instance:pearl.SmartER.TestCases.SurveyPage_TestCases@6d60fe40]" started-at="2023-06-15T17:51:49 IST" name="tc10_verifyUserIsAbleToViewCreateSurvey" description="SUR_TC10 Verify Whether User is able to view Create Survey" finished-at="2023-06-15T17:51:49 IST" duration-ms="0" status="SKIP">
          <exception class="org.openqa.selenium.remote.http.ConnectionFailedException">
            <message>
              <![CDATA[Unable to establish websocket connection to http://localhost:64756/devtools/browser/837250b6-1999-4c7a-ae8f-56c409061928
Build info: version: '4.6.0', revision: '79f1c02ae20'
System info: os.name: 'Windows 10', os.arch: 'amd64', os.version: '10.0', java.version: '17.0.5'
Driver info: driver.version: EdgeDriver]]>
            </message>
            <full-stacktrace>
              <![CDATA[org.openqa.selenium.remote.http.ConnectionFailedException: Unable to establish websocket connection to http://localhost:64756/devtools/browser/837250b6-1999-4c7a-ae8f-56c409061928
Build info: version: '4.6.0', revision: '79f1c02ae20'
System info: os.name: 'Windows 10', os.arch: 'amd64', os.version: '10.0', java.version: '17.0.5'
Driver info: driver.version: EdgeDriver
at org.openqa.selenium.remote.http.netty.NettyWebSocket.<init>(NettyWebSocket.java:102)
at org.openqa.selenium.remote.http.netty.NettyWebSocket.lambda$create$3(NettyWebSocket.java:128)
at org.openqa.selenium.remote.http.netty.NettyClient.openSocket(NettyClient.java:107)
at org.openqa.selenium.devtools.Connection.<init>(Connection.java:77)
at org.openqa.selenium.chromium.ChromiumDriver.lambda$new$2(ChromiumDriver.java:116)
at java.base/java.util.Optional.map(Optional.java:260)
at org.openqa.selenium.chromium.ChromiumDriver.<init>(ChromiumDriver.java:114)
at org.openqa.selenium.edge.EdgeDriver.<init>(EdgeDriver.java:54)
at org.openqa.selenium.edge.EdgeDriver.<init>(EdgeDriver.java:46)
at pearl.SmartER.TestMethods.BaseClassMain.initialise_Driver(BaseClassMain.java:106)
at java.base/jdk.internal.reflect.NativeMethodAccessorImpl.invoke0(Native Method)
at java.base/jdk.internal.reflect.NativeMethodAccessorImpl.invoke(NativeMethodAccessorImpl.java:77)
at java.base/jdk.internal.reflect.DelegatingMethodAccessorImpl.invoke(DelegatingMethodAccessorImpl.java:43)
at java.base/java.lang.reflect.Method.invoke(Method.java:568)
at org.testng.internal.invokers.MethodInvocationHelper.invokeMethod(MethodInvocationHelper.java:139)
at org.testng.internal.invokers.MethodInvocationHelper.invokeMethodConsideringTimeout(MethodInvocationHelper.java:69)
at org.testng.internal.invokers.ConfigInvoker.invokeConfigurationMethod(ConfigInvoker.java:361)
at org.testng.internal.invokers.ConfigInvoker.invokeConfigurations(ConfigInvoker.java:296)
at org.testng.SuiteRunner.privateRun(SuiteRunner.java:372)
at org.testng.SuiteRunner.run(SuiteRunner.java:330)
at org.testng.SuiteRunnerWorker.runSuite(SuiteRunnerWorker.java:52)
at org.testng.SuiteRunnerWorker.run(SuiteRunnerWorker.java:95)
at org.testng.TestNG.runSuitesSequentially(TestNG.java:1256)
at org.testng.TestNG.runSuitesLocally(TestNG.java:1176)
at org.testng.TestNG.runSuites(TestNG.java:1099)
at org.testng.TestNG.run(TestNG.java:1067)
at org.testng.remote.AbstractRemoteTestNG.run(AbstractRemoteTestNG.java:115)
at org.testng.remote.RemoteTestNG.initAndRun(RemoteTestNG.java:251)
at org.testng.remote.RemoteTestNG.main(RemoteTestNG.java:77)
]]>
            </full-stacktrace>
          </exception> <!-- org.openqa.selenium.remote.http.ConnectionFailedException -->
          <reporter-output>
          </reporter-output>
        </test-method> <!-- tc10_verifyUserIsAbleToViewCreateSurvey -->
        <test-method is-config="true" signature="webDriverClose(org.testng.ITestResult)[pri:0, instance:pearl.SmartER.TestCases.SurveyPage_TestCases@6d60fe40]" started-at="2023-06-15T17:51:49 IST" name="webDriverClose" finished-at="2023-06-15T17:51:49 IST" duration-ms="0" status="SKIP">
          <reporter-output>
          </reporter-output>
        </test-method> <!-- webDriverClose -->
        <test-method is-config="true" signature="initialize()[pri:0, instance:pearl.SmartER.TestCases.SurveyPage_TestCases@6d60fe40]" started-at="2023-06-15T17:51:49 IST" name="initialize" finished-at="2023-06-15T17:51:49 IST" duration-ms="0" status="SKIP">
          <reporter-output>
          </reporter-output>
        </test-method> <!-- initialize -->
        <test-method signature="tc11_verifyUserIsAllowToCreateANewSurvey()[pri:11, instance:pearl.SmartER.TestCases.SurveyPage_TestCases@6d60fe40]" started-at="2023-06-15T17:51:49 IST" name="tc11_verifyUserIsAllowToCreateANewSurvey" description="SUR_TC11 Verify Whether User is able to create a new survey" finished-at="2023-06-15T17:51:49 IST" duration-ms="1" status="SKIP">
          <exception class="org.openqa.selenium.remote.http.ConnectionFailedException">
            <message>
              <![CDATA[Unable to establish websocket connection to http://localhost:64756/devtools/browser/837250b6-1999-4c7a-ae8f-56c409061928
Build info: version: '4.6.0', revision: '79f1c02ae20'
System info: os.name: 'Windows 10', os.arch: 'amd64', os.version: '10.0', java.version: '17.0.5'
Driver info: driver.version: EdgeDriver]]>
            </message>
            <full-stacktrace>
              <![CDATA[org.openqa.selenium.remote.http.ConnectionFailedException: Unable to establish websocket connection to http://localhost:64756/devtools/browser/837250b6-1999-4c7a-ae8f-56c409061928
Build info: version: '4.6.0', revision: '79f1c02ae20'
System info: os.name: 'Windows 10', os.arch: 'amd64', os.version: '10.0', java.version: '17.0.5'
Driver info: driver.version: EdgeDriver
at org.openqa.selenium.remote.http.netty.NettyWebSocket.<init>(NettyWebSocket.java:102)
at org.openqa.selenium.remote.http.netty.NettyWebSocket.lambda$create$3(NettyWebSocket.java:128)
at org.openqa.selenium.remote.http.netty.NettyClient.openSocket(NettyClient.java:107)
at org.openqa.selenium.devtools.Connection.<init>(Connection.java:77)
at org.openqa.selenium.chromium.ChromiumDriver.lambda$new$2(ChromiumDriver.java:116)
at java.base/java.util.Optional.map(Optional.java:260)
at org.openqa.selenium.chromium.ChromiumDriver.<init>(ChromiumDriver.java:114)
at org.openqa.selenium.edge.EdgeDriver.<init>(EdgeDriver.java:54)
at org.openqa.selenium.edge.EdgeDriver.<init>(EdgeDriver.java:46)
at pearl.SmartER.TestMethods.BaseClassMain.initialise_Driver(BaseClassMain.java:106)
at java.base/jdk.internal.reflect.NativeMethodAccessorImpl.invoke0(Native Method)
at java.base/jdk.internal.reflect.NativeMethodAccessorImpl.invoke(NativeMethodAccessorImpl.java:77)
at java.base/jdk.internal.reflect.DelegatingMethodAccessorImpl.invoke(DelegatingMethodAccessorImpl.java:43)
at java.base/java.lang.reflect.Method.invoke(Method.java:568)
at org.testng.internal.invokers.MethodInvocationHelper.invokeMethod(MethodInvocationHelper.java:139)
at org.testng.internal.invokers.MethodInvocationHelper.invokeMethodConsideringTimeout(MethodInvocationHelper.java:69)
at org.testng.internal.invokers.ConfigInvoker.invokeConfigurationMethod(ConfigInvoker.java:361)
at org.testng.internal.invokers.ConfigInvoker.invokeConfigurations(ConfigInvoker.java:296)
at org.testng.SuiteRunner.privateRun(SuiteRunner.java:372)
at org.testng.SuiteRunner.run(SuiteRunner.java:330)
at org.testng.SuiteRunnerWorker.runSuite(SuiteRunnerWorker.java:52)
at org.testng.SuiteRunnerWorker.run(SuiteRunnerWorker.java:95)
at org.testng.TestNG.runSuitesSequentially(TestNG.java:1256)
at org.testng.TestNG.runSuitesLocally(TestNG.java:1176)
at org.testng.TestNG.runSuites(TestNG.java:1099)
at org.testng.TestNG.run(TestNG.java:1067)
at org.testng.remote.AbstractRemoteTestNG.run(AbstractRemoteTestNG.java:115)
at org.testng.remote.RemoteTestNG.initAndRun(RemoteTestNG.java:251)
at org.testng.remote.RemoteTestNG.main(RemoteTestNG.java:77)
]]>
            </full-stacktrace>
          </exception> <!-- org.openqa.selenium.remote.http.ConnectionFailedException -->
          <reporter-output>
          </reporter-output>
        </test-method> <!-- tc11_verifyUserIsAllowToCreateANewSurvey -->
        <test-method is-config="true" signature="webDriverClose(org.testng.ITestResult)[pri:0, instance:pearl.SmartER.TestCases.SurveyPage_TestCases@6d60fe40]" started-at="2023-06-15T17:51:49 IST" name="webDriverClose" finished-at="2023-06-15T17:51:49 IST" duration-ms="0" status="SKIP">
          <reporter-output>
          </reporter-output>
        </test-method> <!-- webDriverClose -->
        <test-method is-config="true" signature="initialize()[pri:0, instance:pearl.SmartER.TestCases.SurveyPage_TestCases@6d60fe40]" started-at="2023-06-15T17:51:49 IST" name="initialize" finished-at="2023-06-15T17:51:49 IST" duration-ms="0" status="SKIP">
          <reporter-output>
          </reporter-output>
        </test-method> <!-- initialize -->
        <test-method signature="tc12_verifyUserIsAllowToCreateANewSurveyWithExistingData()[pri:12, instance:pearl.SmartER.TestCases.SurveyPage_TestCases@6d60fe40]" started-at="2023-06-15T17:51:49 IST" name="tc12_verifyUserIsAllowToCreateANewSurveyWithExistingData" description="SUR_TC12 Verify Whether User is  allow to create a new survey with already existing data" finished-at="2023-06-15T17:51:49 IST" duration-ms="1" status="SKIP">
          <exception class="org.openqa.selenium.remote.http.ConnectionFailedException">
            <message>
              <![CDATA[Unable to establish websocket connection to http://localhost:64756/devtools/browser/837250b6-1999-4c7a-ae8f-56c409061928
Build info: version: '4.6.0', revision: '79f1c02ae20'
System info: os.name: 'Windows 10', os.arch: 'amd64', os.version: '10.0', java.version: '17.0.5'
Driver info: driver.version: EdgeDriver]]>
            </message>
            <full-stacktrace>
              <![CDATA[org.openqa.selenium.remote.http.ConnectionFailedException: Unable to establish websocket connection to http://localhost:64756/devtools/browser/837250b6-1999-4c7a-ae8f-56c409061928
Build info: version: '4.6.0', revision: '79f1c02ae20'
System info: os.name: 'Windows 10', os.arch: 'amd64', os.version: '10.0', java.version: '17.0.5'
Driver info: driver.version: EdgeDriver
at org.openqa.selenium.remote.http.netty.NettyWebSocket.<init>(NettyWebSocket.java:102)
at org.openqa.selenium.remote.http.netty.NettyWebSocket.lambda$create$3(NettyWebSocket.java:128)
at org.openqa.selenium.remote.http.netty.NettyClient.openSocket(NettyClient.java:107)
at org.openqa.selenium.devtools.Connection.<init>(Connection.java:77)
at org.openqa.selenium.chromium.ChromiumDriver.lambda$new$2(ChromiumDriver.java:116)
at java.base/java.util.Optional.map(Optional.java:260)
at org.openqa.selenium.chromium.ChromiumDriver.<init>(ChromiumDriver.java:114)
at org.openqa.selenium.edge.EdgeDriver.<init>(EdgeDriver.java:54)
at org.openqa.selenium.edge.EdgeDriver.<init>(EdgeDriver.java:46)
at pearl.SmartER.TestMethods.BaseClassMain.initialise_Driver(BaseClassMain.java:106)
at java.base/jdk.internal.reflect.NativeMethodAccessorImpl.invoke0(Native Method)
at java.base/jdk.internal.reflect.NativeMethodAccessorImpl.invoke(NativeMethodAccessorImpl.java:77)
at java.base/jdk.internal.reflect.DelegatingMethodAccessorImpl.invoke(DelegatingMethodAccessorImpl.java:43)
at java.base/java.lang.reflect.Method.invoke(Method.java:568)
at org.testng.internal.invokers.MethodInvocationHelper.invokeMethod(MethodInvocationHelper.java:139)
at org.testng.internal.invokers.MethodInvocationHelper.invokeMethodConsideringTimeout(MethodInvocationHelper.java:69)
at org.testng.internal.invokers.ConfigInvoker.invokeConfigurationMethod(ConfigInvoker.java:361)
at org.testng.internal.invokers.ConfigInvoker.invokeConfigurations(ConfigInvoker.java:296)
at org.testng.SuiteRunner.privateRun(SuiteRunner.java:372)
at org.testng.SuiteRunner.run(SuiteRunner.java:330)
at org.testng.SuiteRunnerWorker.runSuite(SuiteRunnerWorker.java:52)
at org.testng.SuiteRunnerWorker.run(SuiteRunnerWorker.java:95)
[...]
at org.testng.TestNG.run(TestNG.java:1067)
at org.testng.remote.AbstractRemoteTestNG.run(AbstractRemoteTestNG.java:115)
at org.testng.remote.RemoteTestNG.initAndRun(RemoteTestNG.java:251)
at org.testng.remote.RemoteTestNG.main(RemoteTestNG.java:77)
]]>
            </full-stacktrace>
          </exception> <!-- org.openqa.selenium.remote.http.ConnectionFailedException -->
          <reporter-output>
          </reporter-output>
        </test-method> <!-- tc58_verifyUserIsAbleToSendASurveyToPhoneNumber -->
        <test-method is-config="true" signature="webDriverClose(org.testng.ITestResult)[pri:0, instance:pearl.SmartER.TestCases.SurveyPage_TestCases@6d60fe40]" started-at="2023-06-15T17:51:50 IST" name="webDriverClose" finished-at="2023-06-15T17:51:50 IST" duration-ms="0" status="SKIP">
          <reporter-output>
          </reporter-output>
        </test-method> <!-- webDriverClose -->
        <test-method is-config="true" signature="initialize()[pri:0, instance:pearl.SmartER.TestCases.SurveyPage_TestCases@6d60fe40]" started-at="2023-06-15T17:51:50 IST" name="initialize" finished-at="2023-06-15T17:51:50 IST" duration-ms="0" status="SKIP">
          <reporter-output>
          </reporter-output>
        </test-method> <!-- initialize -->
        <test-method signature="tc59_verifyUserIsAbleToSendASurveyWithoutFillingAMandatoryFields()[pri:59, instance:pearl.SmartER.TestCases.SurveyPage_TestCases@6d60fe40]" started-at="2023-06-15T17:51:50 IST" name="tc59_verifyUserIsAbleToSendASurveyWithoutFillingAMandatoryFields" description="SUR_TC59 Verify Whether User is able to Send Survey without filling a mandatory fields" finished-at="2023-06-15T17:51:50 IST" duration-ms="0" status="SKIP">
          <exception class="org.openqa.selenium.remote.http.ConnectionFailedException">
            <message>
              <![CDATA[Unable to establish websocket connection to http://localhost:64756/devtools/browser/837250b6-1999-4c7a-ae8f-56c409061928
Build info: version: '4.6.0', revision: '79f1c02ae20'
System info: os.name: 'Windows 10', os.arch: 'amd64', os.version: '10.0', java.version: '17.0.5'
Driver info: driver.version: EdgeDriver]]>
            </message>
            <full-stacktrace>
              <![CDATA[org.openqa.selenium.remote.http.ConnectionFailedException: Unable to establish websocket connection to http://localhost:64756/devtools/browser/837250b6-1999-4c7a-ae8f-56c409061928
Build info: version: '4.6.0', revision: '79f1c02ae20'
System info: os.name: 'Windows 10', os.arch: 'amd64', os.version: '10.0', java.version: '17.0.5'
Driver info: driver.version: EdgeDriver
at org.openqa.selenium.remote.http.netty.NettyWebSocket.<init>(NettyWebSocket.java:102)
at org.openqa.selenium.remote.http.netty.NettyWebSocket.lambda$create$3(NettyWebSocket.java:128)
at org.openqa.selenium.remote.http.netty.NettyClient.openSocket(NettyClient.java:107)
at org.openqa.selenium.devtools.Connection.<init>(Connection.java:77)
at org.openqa.selenium.chromium.ChromiumDriver.lambda$new$2(ChromiumDriver.java:116)
at java.base/java.util.Optional.map(Optional.java:260)
at org.openqa.selenium.chromium.ChromiumDriver.<init>(ChromiumDriver.java:114)
at org.openqa.selenium.edge.EdgeDriver.<init>(EdgeDriver.java:54)
at org.openqa.selenium.edge.EdgeDriver.<init>(EdgeDriver.java:46)
at pearl.SmartER.TestMethods.BaseClassMain.initialise_Driver(BaseClassMain.java:106)
at java.base/jdk.internal.reflect.NativeMethodAccessorImpl.invoke0(Native Method)
at java.base/jdk.internal.reflect.NativeMethodAccessorImpl.invoke(NativeMethodAccessorImpl.java:77)
at java.base/jdk.internal.reflect.DelegatingMethodAccessorImpl.invoke(DelegatingMethodAccessorImpl.java:43)
at java.base/java.lang.reflect.Method.invoke(Method.java:568)
at org.testng.internal.invokers.MethodInvocationHelper.invokeMethod(MethodInvocationHelper.java:139)
at org.testng.internal.invokers.MethodInvocationHelper.invokeMethodConsideringTimeout(MethodInvocationHelper.java:69)
at org.testng.internal.invokers.ConfigInvoker.invokeConfigurationMethod(ConfigInvoker.java:361)
at org.testng.internal.invokers.ConfigInvoker.invokeConfigurations(ConfigInvoker.java:296)
at org.testng.SuiteRunner.privateRun(SuiteRunner.java:372)
at org.testng.SuiteRunner.run(SuiteRunner.java:330)
at org.testng.SuiteRunnerWorker.runSuite(SuiteRunnerWorker.java:52)
at org.testng.SuiteRunnerWorker.run(SuiteRunnerWorker.java:95)
at org.testng.TestNG.runSuitesSequentially(TestNG.java:1256)
at org.testng.TestNG.runSuitesLocally(TestNG.java:1176)
at org.testng.TestNG.runSuites(TestNG.java:1099)
at org.testng.TestNG.run(TestNG.java:1067)
at org.testng.remote.AbstractRemoteTestNG.run(AbstractRemoteTestNG.java:115)
at org.testng.remote.RemoteTestNG.initAndRun(RemoteTestNG.java:251)
at org.testng.remote.RemoteTestNG.main(RemoteTestNG.java:77)
]]>
            </full-stacktrace>
          </exception> <!-- org.openqa.selenium.remote.http.ConnectionFailedException -->
          <reporter-output>
          </reporter-output>
        </test-method> <!-- tc59_verifyUserIsAbleToSendASurveyWithoutFillingAMandatoryFields -->
        <test-method is-config="true" signature="webDriverClose(org.testng.ITestResult)[pri:0, instance:pearl.SmartER.TestCases.SurveyPage_TestCases@6d60fe40]" started-at="2023-06-15T17:51:50 IST" name="webDriverClose" finished-at="2023-06-15T17:51:50 IST" duration-ms="0" status="SKIP">
          <reporter-output>
          </reporter-output>
        </test-method> <!-- webDriverClose -->
        <test-method is-config="true" signature="initialize()[pri:0, instance:pearl.SmartER.TestCases.SurveyPage_TestCases@6d60fe40]" started-at="2023-06-15T17:51:50 IST" name="initialize" finished-at="2023-06-15T17:51:50 IST" duration-ms="0" status="SKIP">
          <reporter-output>
          </reporter-output>
        </test-method> <!-- initialize -->
        <test-method signature="tc60_verifyUserIsAbleToSendASurveyWithInvalidEmailAndValidPhoneNumber()[pri:60, instance:pearl.SmartER.TestCases.SurveyPage_TestCases@6d60fe40]" started-at="2023-06-15T17:51:50 IST" name="tc60_verifyUserIsAbleToSendASurveyWithInvalidEmailAndValidPhoneNumber" description="SUR_TC60 Verify Whether User is able to Send a Survey To a Invalid Email and Valid Phone Number" finished-at="2023-06-15T17:51:50 IST" duration-ms="0" status="SKIP">
          <exception class="org.openqa.selenium.remote.http.ConnectionFailedException">
            <message>
              <![CDATA[Unable to establish websocket connection to http://localhost:64756/devtools/browser/837250b6-1999-4c7a-ae8f-56c409061928
Build info: version: '4.6.0', revision: '79f1c02ae20'
System info: os.name: 'Windows 10', os.arch: 'amd64', os.version: '10.0', java.version: '17.0.5'
Driver info: driver.version: EdgeDriver]]>
            </message>
            <full-stacktrace>
              <![CDATA[org.openqa.selenium.remote.http.ConnectionFailedException: Unable to establish websocket connection to http://localhost:64756/devtools/browser/837250b6-1999-4c7a-ae8f-56c409061928
Build info: version: '4.6.0', revision: '79f1c02ae20'
System info: os.name: 'Windows 10', os.arch: 'amd64', os.version: '10.0', java.version: '17.0.5'
Driver info: driver.version: EdgeDriver
at org.openqa.selenium.remote.http.netty.NettyWebSocket.<init>(NettyWebSocket.java:102)
at org.openqa.selenium.remote.http.netty.NettyWebSocket.lambda$create$3(NettyWebSocket.java:128)
at org.openqa.selenium.remote.http.netty.NettyClient.openSocket(NettyClient.java:107)
at org.openqa.selenium.devtools.Connection.<init>(Connection.java:77)
at org.openqa.selenium.chromium.ChromiumDriver.lambda$new$2(ChromiumDriver.java:116)
at java.base/java.util.Optional.map(Optional.java:260)
at org.openqa.selenium.chromium.ChromiumDriver.<init>(ChromiumDriver.java:114)
at org.openqa.selenium.edge.EdgeDriver.<init>(EdgeDriver.java:54)
at org.openqa.selenium.edge.EdgeDriver.<init>(EdgeDriver.java:46)
at pearl.SmartER.TestMethods.BaseClassMain.initialise_Driver(BaseClassMain.java:106)
at java.base/jdk.internal.reflect.NativeMethodAccessorImpl.invoke0(Native Method)
at java.base/jdk.internal.reflect.NativeMethodAccessorImpl.invoke(NativeMethodAccessorImpl.java:77)
at java.base/jdk.internal.reflect.DelegatingMethodAccessorImpl.invoke(DelegatingMethodAccessorImpl.java:43)
at java.base/java.lang.reflect.Method.invoke(Method.java:568)
at org.testng.internal.invokers.MethodInvocationHelper.invokeMethod(MethodInvocationHelper.java:139)
at org.testng.internal.invokers.MethodInvocationHelper.invokeMethodConsideringTimeout(MethodInvocationHelper.java:69)
at org.testng.internal.invokers.ConfigInvoker.invokeConfigurationMethod(ConfigInvoker.java:361)
at org.testng.internal.invokers.ConfigInvoker.invokeConfigurations(ConfigInvoker.java:296)
at org.testng.SuiteRunner.privateRun(SuiteRunner.java:372)
at org.testng.SuiteRunner.run(SuiteRunner.java:330)
at org.testng.SuiteRunnerWorker.runSuite(SuiteRunnerWorker.java:52)
at org.testng.SuiteRunnerWorker.run(SuiteRunnerWorker.java:95)
at org.testng.TestNG.runSuitesSequentially(TestNG.java:1256)
at org.testng.TestNG.runSuitesLocally(TestNG.java:1176)
at org.testng.TestNG.runSuites(TestNG.java:1099)
at org.testng.TestNG.run(TestNG.java:1067)
at org.testng.remote.AbstractRemoteTestNG.run(AbstractRemoteTestNG.java:115)
at org.testng.remote.RemoteTestNG.initAndRun(RemoteTestNG.java:251)
at org.testng.remote.RemoteTestNG.main(RemoteTestNG.java:77)
]]>
            </full-stacktrace>
          </exception> <!-- org.openqa.selenium.remote.http.ConnectionFailedException -->
          <reporter-output>
          </reporter-output>
        </test-method> <!-- tc60_verifyUserIsAbleToSendASurveyWithInvalidEmailAndValidPhoneNumber -->
        <test-method is-config="true" signature="webDriverClose(org.testng.ITestResult)[pri:0, instance:pearl.SmartER.TestCases.SurveyPage_TestCases@6d60fe40]" started-at="2023-06-15T17:51:50 IST" name="webDriverClose" finished-at="2023-06-15T17:51:50 IST" duration-ms="0" status="SKIP">
          <reporter-output>
          </reporter-output>
        </test-method> <!-- webDriverClose -->
        <test-method is-config="true" signature="initialize()[pri:0, instance:pearl.SmartER.TestCases.SurveyPage_TestCases@6d60fe40]" started-at="2023-06-15T17:51:50 IST" name="initialize" finished-at="2023-06-15T17:51:50 IST" duration-ms="0" status="SKIP">
          <reporter-output>
          </reporter-output>
        </test-method> <!-- initialize -->
        <test-method signature="tc61_verifyUserIsAbleToSendASurveyToAValidEmailandInvalidPhoneNumber()[pri:61, instance:pearl.SmartER.TestCases.SurveyPage_TestCases@6d60fe40]" started-at="2023-06-15T17:51:50 IST" name="tc61_verifyUserIsAbleToSendASurveyToAValidEmailandInvalidPhoneNumber" description="SUR_TC61 Verify Whether User is able to Send a Survey To a Valid Email and Invalid Phone Number" finished-at="2023-06-15T17:51:50 IST" duration-ms="0" status="SKIP">
          <exception class="org.openqa.selenium.remote.http.ConnectionFailedException">
            <message>
              <![CDATA[Unable to establish websocket connection to http://localhost:64756/devtools/browser/837250b6-1999-4c7a-ae8f-56c409061928
Build info: version: '4.6.0', revision: '79f1c02ae20'
System info: os.name: 'Windows 10', os.arch: 'amd64', os.version: '10.0', java.version: '17.0.5'
Driver info: driver.version: EdgeDriver]]>
            </message>
            <full-stacktrace>
              <![CDATA[org.openqa.selenium.remote.http.ConnectionFailedException: Unable to establish websocket connection to http://localhost:64756/devtools/browser/837250b6-1999-4c7a-ae8f-56c409061928
Build info: version: '4.6.0', revision: '79f1c02ae20'
System info: os.name: 'Windows 10', os.arch: 'amd64', os.version: '10.0', java.version: '17.0.5'
Driver info: driver.version: EdgeDriver
at org.openqa.selenium.remote.http.netty.NettyWebSocket.<init>(NettyWebSocket.java:102)
at org.openqa.selenium.remote.http.netty.NettyWebSocket.lambda$create$3(NettyWebSocket.java:128)
at org.openqa.selenium.remote.http.netty.NettyClient.openSocket(NettyClient.java:107)
at org.openqa.selenium.devtools.Connection.<init>(Connection.java:77)
at org.openqa.selenium.chromium.ChromiumDriver.lambda$new$2(ChromiumDriver.java:116)
at java.base/java.util.Optional.map(Optional.java:260)
at org.openqa.selenium.chromium.ChromiumDriver.<init>(ChromiumDriver.java:114)
at org.openqa.selenium.edge.EdgeDriver.<init>(EdgeDriver.java:54)
at org.openqa.selenium.edge.EdgeDriver.<init>(EdgeDriver.java:46)
at pearl.SmartER.TestMethods.BaseClassMain.initialise_Driver(BaseClassMain.java:106)
at java.base/jdk.internal.reflect.NativeMethodAccessorImpl.invoke0(Native Method)
at java.base/jdk.internal.reflect.NativeMethodAccessorImpl.invoke(NativeMethodAccessorImpl.java:77)
at java.base/jdk.internal.reflect.DelegatingMethodAccessorImpl.invoke(DelegatingMethodAccessorImpl.java:43)
at java.base/java.lang.reflect.Method.invoke(Method.java:568)
at org.testng.internal.invokers.MethodInvocationHelper.invokeMethod(MethodInvocationHelper.java:139)
at org.testng.internal.invokers.MethodInvocationHelper.invokeMethodConsideringTimeout(MethodInvocationHelper.java:69)
at org.testng.internal.invokers.ConfigInvoker.invokeConfigurationMethod(ConfigInvoker.java:361)
at org.testng.internal.invokers.ConfigInvoker.invokeConfigurations(ConfigInvoker.java:296)
at org.testng.SuiteRunner.privateRun(SuiteRunner.java:372)
at org.testng.SuiteRunner.run(SuiteRunner.java:330)
at org.testng.SuiteRunnerWorker.runSuite(SuiteRunnerWorker.java:52)
at org.testng.SuiteRunnerWorker.run(SuiteRunnerWorker.java:95)
at org.testng.TestNG.runSuitesSequentially(TestNG.java:1256)
at org.testng.TestNG.runSuitesLocally(TestNG.java:1176)
at org.testng.TestNG.runSuites(TestNG.java:1099)
at org.testng.TestNG.run(TestNG.java:1067)
at org.testng.remote.AbstractRemoteTestNG.run(AbstractRemoteTestNG.java:115)
at org.testng.remote.RemoteTestNG.initAndRun(RemoteTestNG.java:251)
at org.testng.remote.RemoteTestNG.main(RemoteTestNG.java:77)
]]>
            </full-stacktrace>
          </exception> <!-- org.openqa.selenium.remote.http.ConnectionFailedException -->
          <reporter-output>
          </reporter-output>
        </test-method> <!-- tc61_verifyUserIsAbleToSendASurveyToAValidEmailandInvalidPhoneNumber -->
        <test-method is-config="true" signature="webDriverClose(org.testng.ITestResult)[pri:0, instance:pearl.SmartER.TestCases.SurveyPage_TestCases@6d60fe40]" started-at="2023-06-15T17:51:50 IST" name="webDriverClose" finished-at="2023-06-15T17:51:50 IST" duration-ms="0" status="SKIP">
          <reporter-output>
          </reporter-output>
        </test-method> <!-- webDriverClose -->
        <test-method is-config="true" signature="initialize()[pri:0, instance:pearl.SmartER.TestCases.SurveyPage_TestCases@6d60fe40]" started-at="2023-06-15T17:51:50 IST" name="initialize" finished-at="2023-06-15T17:51:50 IST" duration-ms="0" status="SKIP">
          <reporter-output>
          </reporter-output>
        </test-method> <!-- initialize -->
        <test-method signature="tc27_verifyUserIsAbleToDeleteASurvey()[pri:62, instance:pearl.SmartER.TestCases.SurveyPage_TestCases@6d60fe40]" started-at="2023-06-15T17:51:50 IST" name="tc27_verifyUserIsAbleToDeleteASurvey" description="SUR_TC27 Verify Whether User is able to delete a Survey" finished-at="2023-06-15T17:51:50 IST" duration-ms="0" status="SKIP">
          <exception class="org.openqa.selenium.remote.http.ConnectionFailedException">
            <message>
              <![CDATA[Unable to establish websocket connection to http://localhost:64756/devtools/browser/837250b6-1999-4c7a-ae8f-56c409061928
Build info: version: '4.6.0', revision: '79f1c02ae20'
System info: os.name: 'Windows 10', os.arch: 'amd64', os.version: '10.0', java.version: '17.0.5'
Driver info: driver.version: EdgeDriver]]>
            </message>
            <full-stacktrace>
              <![CDATA[org.openqa.selenium.remote.http.ConnectionFailedException: Unable to establish websocket connection to http://localhost:64756/devtools/browser/837250b6-1999-4c7a-ae8f-56c409061928
Build info: version: '4.6.0', revision: '79f1c02ae20'
System info: os.name: 'Windows 10', os.arch: 'amd64', os.version: '10.0', java.version: '17.0.5'
Driver info: driver.version: EdgeDriver
at org.openqa.selenium.remote.http.netty.NettyWebSocket.<init>(NettyWebSocket.java:102)
at org.openqa.selenium.remote.http.netty.NettyWebSocket.lambda$create$3(NettyWebSocket.java:128)
at org.openqa.selenium.remote.http.netty.NettyClient.openSocket(NettyClient.java:107)
at org.openqa.selenium.devtools.Connection.<init>(Connection.java:77)
at org.openqa.selenium.chromium.ChromiumDriver.lambda$new$2(ChromiumDriver.java:116)
at java.base/java.util.Optional.map(Optional.java:260)
at org.openqa.selenium.chromium.ChromiumDriver.<init>(ChromiumDriver.java:114)
at org.openqa.selenium.edge.EdgeDriver.<init>(EdgeDriver.java:54)
at org.openqa.selenium.edge.EdgeDriver.<init>(EdgeDriver.java:46)
at pearl.SmartER.TestMethods.BaseClassMain.initialise_Driver(BaseClassMain.java:106)
at java.base/jdk.internal.reflect.NativeMethodAccessorImpl.invoke0(Native Method)
at java.base/jdk.internal.reflect.NativeMethodAccessorImpl.invoke(NativeMethodAccessorImpl.java:77)
at java.base/jdk.internal.reflect.DelegatingMethodAccessorImpl.invoke(DelegatingMethodAccessorImpl.java:43)
at java.base/java.lang.reflect.Method.invoke(Method.java:568)
at org.testng.internal.invokers.MethodInvocationHelper.invokeMethod(MethodInvocationHelper.java:139)
at org.testng.internal.invokers.MethodInvocationHelper.invokeMethodConsideringTimeout(MethodInvocationHelper.java:69)
at org.testng.internal.invokers.ConfigInvoker.invokeConfigurationMethod(ConfigInvoker.java:361)
at org.testng.internal.invokers.ConfigInvoker.invokeConfigurations(ConfigInvoker.java:296)
at org.testng.SuiteRunner.privateRun(SuiteRunner.java:372)
at org.testng.SuiteRunner.run(SuiteRunner.java:330)
at org.testng.SuiteRunnerWorker.runSuite(SuiteRunnerWorker.java:52)
at org.testng.SuiteRunnerWorker.run(SuiteRunnerWorker.java:95)
at org.testng.TestNG.runSuitesSequentially(TestNG.java:1256)
at org.testng.TestNG.runSuitesLocally(TestNG.java:1176)
at org.testng.TestNG.runSuites(TestNG.java:1099)
at org.testng.TestNG.run(TestNG.java:1067)
at org.testng.remote.AbstractRemoteTestNG.run(AbstractRemoteTestNG.java:115)
at org.testng.remote.RemoteTestNG.initAndRun(RemoteTestNG.java:251)
at org.testng.remote.RemoteTestNG.main(RemoteTestNG.java:77)
]]>
            </full-stacktrace>
          </exception> <!-- org.openqa.selenium.remote.http.ConnectionFailedException -->
          <reporter-output>
          </reporter-output>
        </test-method> <!-- tc27_verifyUserIsAbleToDeleteASurvey -->
        <test-method is-config="true" signature="webDriverClose(org.testng.ITestResult)[pri:0, instance:pearl.SmartER.TestCases.SurveyPage_TestCases@6d60fe40]" started-at="2023-06-15T17:51:50 IST" name="webDriverClose" finished-at="2023-06-15T17:51:50 IST" duration-ms="0" status="SKIP">
          <reporter-output>
          </reporter-output>
        </test-method> <!-- webDriverClose -->
        <test-method is-config="true" signature="aftertest()[pri:0, instance:pearl.SmartER.TestCases.SurveyPage_TestCases@6d60fe40]" started-at="2023-06-15T17:51:50 IST" name="aftertest" finished-at="2023-06-15T17:51:50 IST" duration-ms="0" status="SKIP">
          <reporter-output>
          </reporter-output>
        </test-method> <!-- aftertest -->
        <test-method is-config="true" signature="tearDown()[pri:0, instance:pearl.SmartER.TestCases.SurveyPage_TestCases@6d60fe40]" started-at="2023-06-15T17:51:51 IST" name="tearDown" finished-at="2023-06-15T17:51:51 IST" duration-ms="0" status="SKIP">
          <reporter-output>
          </reporter-output>
        </test-method> <!-- tearDown -->
      </class> <!-- pearl.SmartER.TestCases.SurveyPage_TestCases -->
    </test> <!-- Default test -->
  </suite> <!-- Default suite -->
</testng-results>
