# JRE version: Java(TM) SE Runtime Environment (19.0.1+10) (build 19.0.1+10-21)
# Java VM: Java HotSpot(TM) 64-Bit Server VM (19.0.1+10-21, mixed mode, sharing, tiered, compressed oops, compressed class ptrs, g1 gc, windows-amd64)
GC Precious Log:
 CardTable entry size: 512
 Card Set container configuration: InlinePtr #cards 5 size 8 Array Of Cards #cards 12 size 40 Howl #buckets 4 coarsen threshold 1843 Howl Bitmap #cards 512 size 80 coarsen threshold 460 Card regions per heap region 1 cards per card region 2048
 CPUs: 4 total, 4 available
 Memory: 6078M
 Large Page Support: Disabled
 NUMA Support: Disabled
 Compressed Oops: Enabled (32-bit)
 Heap Region Size: 1M
 Heap Min Capacity: 8M
 Heap Initial Capacity: 96M
 Heap Max Capacity: 1520M
 Pre-touch: Disabled
 Parallel Workers: 4
 Concurrent Workers: 1
 Concurrent Refinement Workers: 4
 Periodic GC: Disabled
Heap:
 garbage-first heap   total 91136K, used 62664K [0x00000000a1000000, 0x0000000100000000)
  region size 1024K, 40 young (40960K), 3 survivors (3072K)
 Metaspace       used 35512K, committed 35840K, reserved 1114112K
  class space    used 3803K, committed 3968K, reserved 1048576K
GC Heap History (20 events):
Event: 4.888 GC heap before
{Heap before GC invocations=6 (full 0):
 garbage-first heap   total 98304K, used 65276K [0x00000000a1000000, 0x0000000100000000)
  region size 1024K, 57 young (58368K), 4 survivors (4096K)
 Metaspace       used 17556K, committed 17984K, reserved 1114112K
  class space    used 1739K, committed 1920K, reserved 1048576K
}
Event: 4.895 GC heap after
{Heap after GC invocations=7 (full 0):
 garbage-first heap   total 98304K, used 12549K [0x00000000a1000000, 0x0000000100000000)
  region size 1024K, 6 young (6144K), 6 survivors (6144K)
 Metaspace       used 17556K, committed 17984K, reserved 1114112K
  class space    used 1739K, committed 1920K, reserved 1048576K
}
Event: 5.431 GC heap before
{Heap before GC invocations=7 (full 0):
 garbage-first heap   total 98304K, used 64773K [0x00000000a1000000, 0x0000000100000000)
  region size 1024K, 57 young (58368K), 6 survivors (6144K)
 Metaspace       used 19994K, committed 20288K, reserved 1114112K
  class space    used 2027K, committed 2176K, reserved 1048576K
}
Event: 5.437 GC heap after
{Heap after GC invocations=8 (full 0):
 garbage-first heap   total 98304K, used 13277K [0x00000000a1000000, 0x0000000100000000)
  region size 1024K, 5 young (5120K), 5 survivors (5120K)
 Metaspace       used 19994K, committed 20288K, reserved 1114112K
  class space    used 2027K, committed 2176K, reserved 1048576K
}
Event: 5.689 GC heap before
{Heap before GC invocations=8 (full 0):
 garbage-first heap   total 98304K, used 25565K [0x00000000a1000000, 0x0000000100000000)
  region size 1024K, 18 young (18432K), 5 survivors (5120K)
 Metaspace       used 21198K, committed 21504K, reserved 1114112K
  class space    used 2146K, committed 2304K, reserved 1048576K
}
Event: 5.702 GC heap after
{Heap after GC invocations=9 (full 0):
 garbage-first heap   total 118784K, used 14129K [0x00000000a1000000, 0x0000000100000000)
  region size 1024K, 5 young (5120K), 5 survivors (5120K)
 Metaspace       used 21198K, committed 21504K, reserved 1114112K
  class space    used 2146K, committed 2304K, reserved 1048576K
}
Event: 6.022 GC heap before
{Heap before GC invocations=10 (full 0):
 garbage-first heap   total 51200K, used 40753K [0x00000000a1000000, 0x0000000100000000)
  region size 1024K, 31 young (31744K), 5 survivors (5120K)
 Metaspace       used 22524K, committed 22848K, reserved 1114112K
  class space    used 2309K, committed 2432K, reserved 1048576K
}
Event: 6.030 GC heap after
{Heap after GC invocations=11 (full 0):
 garbage-first heap   total 51200K, used 15817K [0x00000000a1000000, 0x0000000100000000)
  region size 1024K, 4 young (4096K), 4 survivors (4096K)
 Metaspace       used 22524K, committed 22848K, reserved 1114112K
  class space    used 2309K, committed 2432K, reserved 1048576K
}
Event: 6.055 GC heap before
{Heap before GC invocations=11 (full 0):
 garbage-first heap   total 51200K, used 16841K [0x00000000a1000000, 0x0000000100000000)
  region size 1024K, 5 young (5120K), 4 survivors (4096K)
 Metaspace       used 22778K, committed 23104K, reserved 1114112K
  class space    used 2320K, committed 2496K, reserved 1048576K
}
Event: 6.062 GC heap after
{Heap after GC invocations=12 (full 0):
 garbage-first heap   total 51200K, used 15574K [0x00000000a1000000, 0x0000000100000000)
  region size 1024K, 1 young (1024K), 1 survivors (1024K)
 Metaspace       used 22778K, committed 23104K, reserved 1114112K
  class space    used 2320K, committed 2496K, reserved 1048576K
}
Event: 6.400 GC heap before
{Heap before GC invocations=12 (full 0):
 garbage-first heap   total 51200K, used 40150K [0x00000000a1000000, 0x0000000100000000)
  region size 1024K, 25 young (25600K), 1 survivors (1024K)
 Metaspace       used 23531K, committed 23936K, reserved 1114112K
  class space    used 2378K, committed 2560K, reserved 1048576K
}
Event: 6.406 GC heap after
{Heap after GC invocations=13 (full 0):
 garbage-first heap   total 51200K, used 19390K [0x00000000a1000000, 0x0000000100000000)
  region size 1024K, 4 young (4096K), 4 survivors (4096K)
 Metaspace       used 23531K, committed 23936K, reserved 1114112K
  class space    used 2378K, committed 2560K, reserved 1048576K
}
Event: 6.645 GC heap before
{Heap before GC invocations=13 (full 0):
 garbage-first heap   total 51200K, used 37822K [0x00000000a1000000, 0x0000000100000000)
  region size 1024K, 22 young (22528K), 4 survivors (4096K)
 Metaspace       used 24654K, committed 25024K, reserved 1114112K
  class space    used 2519K, committed 2688K, reserved 1048576K
}
Event: 6.650 GC heap after
{Heap after GC invocations=14 (full 0):
 garbage-first heap   total 51200K, used 20116K [0x00000000a1000000, 0x0000000100000000)
  region size 1024K, 1 young (1024K), 1 survivors (1024K)
 Metaspace       used 24654K, committed 25024K, reserved 1114112K
  class space    used 2519K, committed 2688K, reserved 1048576K
}
Event: 6.851 GC heap before
{Heap before GC invocations=14 (full 0):
 garbage-first heap   total 51200K, used 38548K [0x00000000a1000000, 0x0000000100000000)
  region size 1024K, 19 young (19456K), 1 survivors (1024K)
 Metaspace       used 26169K, committed 26560K, reserved 1114112K
  class space    used 2709K, committed 2880K, reserved 1048576K
}
Event: 6.853 GC heap after
{Heap after GC invocations=15 (full 0):
 garbage-first heap   total 91136K, used 20207K [0x00000000a1000000, 0x0000000100000000)
  region size 1024K, 1 young (1024K), 1 survivors (1024K)
 Metaspace       used 26169K, committed 26560K, reserved 1114112K
  class space    used 2709K, committed 2880K, reserved 1048576K
}
Event: 7.487 GC heap before
{Heap before GC invocations=15 (full 0):
 garbage-first heap   total 91136K, used 67311K [0x00000000a1000000, 0x0000000100000000)
  region size 1024K, 47 young (48128K), 1 survivors (1024K)
 Metaspace       used 29762K, committed 30144K, reserved 1114112K
  class space    used 3075K, committed 3264K, reserved 1048576K
}
Event: 7.490 GC heap after
{Heap after GC invocations=16 (full 0):
 garbage-first heap   total 91136K, used 20815K [0x00000000a1000000, 0x0000000100000000)
  region size 1024K, 2 young (2048K), 2 survivors (2048K)
 Metaspace       used 29762K, committed 30144K, reserved 1114112K
  class space    used 3075K, committed 3264K, reserved 1048576K
}
Event: 8.309 GC heap before
{Heap before GC invocations=16 (full 0):
 garbage-first heap   total 91136K, used 68943K [0x00000000a1000000, 0x0000000100000000)
  region size 1024K, 49 young (50176K), 2 survivors (2048K)
 Metaspace       used 33187K, committed 33600K, reserved 1114112K
  class space    used 3519K, committed 3712K, reserved 1048576K
}
Event: 8.314 GC heap after
{Heap after GC invocations=17 (full 0):
 garbage-first heap   total 91136K, used 21704K [0x00000000a1000000, 0x0000000100000000)
  region size 1024K, 3 young (3072K), 3 survivors (3072K)
 Metaspace       used 33187K, committed 33600K, reserved 1114112K
  class space    used 3519K, committed 3712K, reserved 1048576K
}

