[{"line":1,"elements":[{"start_timestamp":"2023-04-13T04:23:52.759Z","line":4,"name":"Verify Whether User is able to view survey button","description":"","id":"survey;verify-whether-user-is-able-to-view-survey-button","type":"scenario","keyword":"Scenario","steps":[{"result":{"duration":37497911700,"status":"passed"},"line":5,"name":"User Navigates to SmartER Login Page1","match":{"location":"pearl.SmartER.StepDefinition.SurveyStepDefinition.Go_to_Specified_url_of_the_application()"},"keyword":"Given "},{"result":{"duration":17540441300,"status":"passed"},"line":6,"name":"User Enter into the Homepage of the Application","match":{"location":"pearl.SmartER.StepDefinition.SurveyStepDefinition.User_Enter_into_the_Homepage_of_the_Application()"},"keyword":"When "},{"result":{"duration":949135300,"status":"passed"},"line":7,"name":"Verify user is able to view Survey Button","match":{"location":"pearl.SmartER.StepDefinition.SurveyStepDefinition.verify_user_is_able_to_view_survey_button()"},"keyword":"Then "}],"tags":[{"name":"@Test1"}]},{"start_timestamp":"2023-04-13T04:24:49.005Z","line":10,"name":"Verify Whether User is able to enter Question Bank","description":"","id":"survey;verify-whether-user-is-able-to-enter-question-bank","type":"scenario","keyword":"Scenario","steps":[{"result":{"duration":15297564000,"status":"passed"},"line":11,"name":"User Navigates to SmartER Login Page2","match":{"location":"pearl.SmartER.StepDefinition.SurveyStepDefinition.Go_to_Speficified_URL_of_the_application()"},"keyword":"Given "},{"result":{"duration":16052061600,"status":"passed"},"line":12,"name":"User Enter Into the Homepage of the Application","match":{"location":"pearl.SmartER.StepDefinition.SurveyStepDefinition.User_Enter_Into_the_Homepage_of_the_Application()"},"keyword":"When "},{"result":{"duration":13648912800,"status":"passed"},"line":13,"name":"Verify User is able to enter Question Bank","match":{"location":"pearl.SmartER.StepDefinition.SurveyStepDefinition.verify_user_is_able_to_enter_question_bank()"},"keyword":"Then "}],"tags":[{"name":"@Test2"}]},{"start_timestamp":"2023-04-13T04:25:34.099Z","line":16,"name":"Verify Whether User is able to enter Add From Warehouse","description":"","id":"survey;verify-whether-user-is-able-to-enter-add-from-warehouse","type":"scenario","keyword":"Scenario","steps":[{"result":{"duration":17268832700,"status":"passed"},"line":17,"name":"User Navigates to SmartER Login Page3","match":{"location":"pearl.SmartER.StepDefinition.SurveyStepDefinition.Go_To_Specified_URL_of_the_application()"},"keyword":"Given "},{"result":{"duration":16000466600,"status":"passed"},"line":18,"name":"User Enter Into The Homepage of the Application","match":{"location":"pearl.SmartER.StepDefinition.SurveyStepDefinition.User_Enter_Into_The_Homepage_of_the_Application()"},"keyword":"When "},{"result":{"duration":11014677000,"status":"passed"},"line":19,"name":"Verify User is able to enter Add From Warehouse","match":{"location":"pearl.SmartER.StepDefinition.SurveyStepDefinition.verify_user_is_able_to_enter_add_from_warehouse()"},"keyword":"Then "}],"tags":[{"name":"@Test3"}]},{"start_timestamp":"2023-04-13T04:26:18.494Z","line":22,"name":"Verify Whether User is able to create a New Question with valid data","description":"","id":"survey;verify-whether-user-is-able-to-create-a-new-question-with-valid-data","type":"scenario","keyword":"Scenario","steps":[{"result":{"duration":16614535200,"status":"passed"},"line":23,"name":"User Navigates to SmartER Login Page4","match":{"location":"pearl.SmartER.StepDefinition.SurveyStepDefinition.user_navigates_to_smart_er_login_page4()"},"keyword":"Given "},{"result":{"duration":16613969700,"status":"passed"},"line":24,"name":"User Enter into The Homepage of the Application","match":{"location":"pearl.SmartER.StepDefinition.SurveyStepDefinition.user_enter_into_the_homepage_of_the_application()"},"keyword":"When "},{"result":{"error_message":"java.lang.AssertionError: expected [Subjective] but found [How about the Hospitality]\r\n\tat org.testng.Assert.fail(Assert.java:110)\r\n\tat org.testng.Assert.failNotEquals(Assert.java:1413)\r\n\tat org.testng.Assert.assertEqualsImpl(Assert.java:149)\r\n\tat org.testng.Assert.assertEquals(Assert.java:131)\r\n\tat org.testng.Assert.assertEquals(Assert.java:655)\r\n\tat org.testng.Assert.assertEquals(Assert.java:665)\r\n\tat pearl.SmartER.TestMethods.SurveyPage_TestMethods.verifyCreatedQuestionDisplayedInTheQuestionBank(SurveyPage_TestMethods.java:173)\r\n\tat pearl.SmartER.StepDefinition.SurveyStepDefinition.verify_whether_user_can_create_a_new_question(SurveyStepDefinition.java:129)\r\n\tat ✽.Verify Whether user can create a new question(file:///C:/Users/PS/Desktop/Projects%20Bdd/SmartContactWebAppBdd/src/test/java/pearl/SmartER/Features/Survey.feature:25)\r\n","duration":51001075900,"status":"failed"},"line":25,"name":"Verify Whether user can create a new question","match":{"location":"pearl.SmartER.StepDefinition.SurveyStepDefinition.verify_whether_user_can_create_a_new_question()"},"keyword":"Then "}],"tags":[{"name":"@Test4"}]},{"start_timestamp":"2023-04-13T04:27:42.780Z","line":28,"name":"Verify Whether User is able to create a new question without filling any data","description":"","id":"survey;verify-whether-user-is-able-to-create-a-new-question-without-filling-any-data","type":"scenario","keyword":"Scenario","steps":[{"result":{"duration":9770305600,"status":"passed"},"line":29,"name":"User Navigates to SmartER Login Page5","match":{"location":"pearl.SmartER.StepDefinition.SurveyStepDefinition.user_navigates_to_smart_er_login_page5()"},"keyword":"Given "},{"result":{"duration":17174644500,"status":"passed"},"line":30,"name":"User enter into the Homepage of the application","match":{"location":"pearl.SmartER.StepDefinition.SurveyStepDefinition.user_enter_into_the_homepage_of_the_application5()"},"keyword":"When "},{"result":{"duration":29355894800,"status":"passed"},"line":31,"name":"Verify Validation messages are displayed","match":{"location":"pearl.SmartER.StepDefinition.SurveyStepDefinition.verify_validation_messages_are_displayed()"},"keyword":"Then "}],"tags":[{"name":"@Test5"}]},{"start_timestamp":"2023-04-13T04:28:39.105Z","line":34,"name":"Verify Whether User is able to return the Creating a New Question Page into Question Bank","description":"","id":"survey;verify-whether-user-is-able-to-return-the-creating-a-new-question-page-into-question-bank","type":"scenario","keyword":"Scenario","steps":[{"result":{"duration":9093783200,"status":"passed"},"line":35,"name":"User Navigates to SmartER Login Page6","match":{"location":"pearl.SmartER.StepDefinition.SurveyStepDefinition.user_navigates_to_smart_er_login_page6()"},"keyword":"Given "},{"result":{"duration":15590177300,"status":"passed"},"line":36,"name":"User Enter into the Homepage OF the application","match":{"location":"pearl.SmartER.StepDefinition.SurveyStepDefinition.user_enter_into_the_homepage_of_the_application6()"},"keyword":"When "},{"result":{"error_message":"org.openqa.selenium.ElementNotInteractableException: element not interactable\n  (Session info: chrome=112.0.5615.49)\nBuild info: version: '4.3.0', revision: 'a4995e2c09*'\nSystem info: host: 'DESKTOP-3GFC8UC', ip: '192.168.1.62', os.name: 'Windows 10', os.arch: 'amd64', os.version: '10.0', java.version: '17.0.5'\nDriver info: org.openqa.selenium.chrome.ChromeDriver\nCommand: [12227ed024cb71a69ed5f9f574c51a48, clickElement {id=49003640-a0e0-4e9f-868f-d4cf0e588b56}]\nCapabilities {acceptInsecureCerts: false, browserName: chrome, browserVersion: 112.0.5615.49, chrome: {chromedriverVersion: 112.0.5615.49 (bd2a7bcb881c..., userDataDir: C:\\Users\\PS\\AppData\\Local\\T...}, goog:chromeOptions: {debuggerAddress: localhost:61996}, networkConnectionEnabled: false, pageLoadStrategy: normal, platformName: WINDOWS, proxy: Proxy(), se:cdp: ws://localhost:61996/devtoo..., se:cdpVersion: 112.0.5615.49, setWindowRect: true, strictFileInteractability: false, timeouts: {implicit: 0, pageLoad: 300000, script: 30000}, unhandledPromptBehavior: dismiss and notify, webauthn:extension:credBlob: true, webauthn:extension:largeBlob: true, webauthn:extension:minPinLength: true, webauthn:extension:prf: true, webauthn:virtualAuthenticators: true}\nElement: [[ChromeDriver: chrome on WINDOWS (12227ed024cb71a69ed5f9f574c51a48)] -> xpath: //button[text()='Back']]\nSession ID: 12227ed024cb71a69ed5f9f574c51a48\r\n\tat java.base/jdk.internal.reflect.NativeConstructorAccessorImpl.newInstance0(Native Method)\r\n\tat java.base/jdk.internal.reflect.NativeConstructorAccessorImpl.newInstance(NativeConstructorAccessorImpl.java:77)\r\n\tat java.base/jdk.internal.reflect.DelegatingConstructorAccessorImpl.newInstance(DelegatingConstructorAccessorImpl.java:45)\r\n\tat java.base/java.lang.reflect.Constructor.newInstanceWithCaller(Constructor.java:499)\r\n\tat java.base/java.lang.reflect.Constructor.newInstance(Constructor.java:480)\r\n\tat org.openqa.selenium.remote.codec.w3c.W3CHttpResponseCodec.createException(W3CHttpResponseCodec.java:200)\r\n\tat org.openqa.selenium.remote.codec.w3c.W3CHttpResponseCodec.decode(W3CHttpResponseCodec.java:133)\r\n\tat org.openqa.selenium.remote.codec.w3c.W3CHttpResponseCodec.decode(W3CHttpResponseCodec.java:53)\r\n\tat org.openqa.selenium.remote.HttpCommandExecutor.execute(HttpCommandExecutor.java:184)\r\n\tat org.openqa.selenium.remote.service.DriverCommandExecutor.invokeExecute(DriverCommandExecutor.java:167)\r\n\tat org.openqa.selenium.remote.service.DriverCommandExecutor.execute(DriverCommandExecutor.java:142)\r\n\tat org.openqa.selenium.remote.RemoteWebDriver.execute(RemoteWebDriver.java:569)\r\n\tat org.openqa.selenium.remote.RemoteWebElement.execute(RemoteWebElement.java:257)\r\n\tat org.openqa.selenium.remote.RemoteWebElement.click(RemoteWebElement.java:78)\r\n\tat pearl.SmartER.PageObjects.SurveyPage_Objects.back(SurveyPage_Objects.java:431)\r\n\tat pearl.SmartER.TestMethods.SurveyPage_TestMethods.verifyUserReturnCreateNewQuestionPageIntoQuestionBankPage(SurveyPage_TestMethods.java:249)\r\n\tat pearl.SmartER.StepDefinition.SurveyStepDefinition.verify_user_can_return_from_create_a_new_question_page_into_question_bank_page(SurveyStepDefinition.java:186)\r\n\tat ✽.Verify User can return from Create a new question page into Question Bank Page(file:///C:/Users/PS/Desktop/Projects%20Bdd/SmartContactWebAppBdd/src/test/java/pearl/SmartER/Features/Survey.feature:37)\r\n","duration":35690590100,"status":"failed"},"line":37,"name":"Verify User can return from Create a new question page into Question Bank Page","match":{"location":"pearl.SmartER.StepDefinition.SurveyStepDefinition.verify_user_can_return_from_create_a_new_question_page_into_question_bank_page()"},"keyword":"Then "}],"tags":[{"name":"@Test6"}]},{"start_timestamp":"2023-04-13T04:29:39.507Z","line":40,"name":"Verify Whether the User can able to search a Question","description":"","id":"survey;verify-whether-the-user-can-able-to-search-a-question","type":"scenario","keyword":"Scenario","steps":[{"result":{"duration":8636633600,"status":"passed"},"line":41,"name":"User Navigates to SmartER Login Page7","match":{"location":"pearl.SmartER.StepDefinition.SurveyStepDefinition.user_navigates_to_smart_er_login_page7()"},"keyword":"Given "},{"result":{"duration":16104421500,"status":"passed"},"line":42,"name":"User Enter INTO the Homepage OF the application","match":{"location":"pearl.SmartER.StepDefinition.SurveyStepDefinition.user_enter_into_the_homepage_of_the_application7()"},"keyword":"When "},{"result":{"duration":17887476200,"status":"passed"},"line":43,"name":"Verify Whether the user can search a question in the search field","match":{"location":"pearl.SmartER.StepDefinition.SurveyStepDefinition.verify_whether_the_user_can_search_a_question_in_the_search_field()"},"keyword":"Then "}],"tags":[{"name":"@Test7"}]},{"start_timestamp":"2023-04-13T04:30:22.161Z","line":46,"name":"Verify Whether the User can delete the question in the question bank","description":"","id":"survey;verify-whether-the-user-can-delete-the-question-in-the-question-bank","type":"scenario","keyword":"Scenario","steps":[{"result":{"duration":9206916800,"status":"passed"},"line":47,"name":"User Navigates to SmartER Login Page8","match":{"location":"pearl.SmartER.StepDefinition.SurveyStepDefinition.user_navigates_to_smart_er_login_page8()"},"keyword":"Given "},{"result":{"duration":15572307500,"status":"passed"},"line":48,"name":"User Enter InTo the Homepage of the application","match":{"location":"pearl.SmartER.StepDefinition.SurveyStepDefinition.user_enter_in_to_the_homepage_of_the_application8()"},"keyword":"When "},{"result":{"error_message":"org.openqa.selenium.ElementNotInteractableException: element not interactable\n  (Session info: chrome=112.0.5615.49)\nBuild info: version: '4.3.0', revision: 'a4995e2c09*'\nSystem info: host: 'DESKTOP-3GFC8UC', ip: '192.168.1.62', os.name: 'Windows 10', os.arch: 'amd64', os.version: '10.0', java.version: '17.0.5'\nDriver info: org.openqa.selenium.chrome.ChromeDriver\nCommand: [47936cb92baac67b6cb5b6d32f54fea6, sendKeysToElement {id=465e32cc-0deb-4e67-847d-f0d92c9e5a8c, value=[Ljava.lang.CharSequence;@2e7a9db7}]\nCapabilities {acceptInsecureCerts: false, browserName: chrome, browserVersion: 112.0.5615.49, chrome: {chromedriverVersion: 112.0.5615.49 (bd2a7bcb881c..., userDataDir: C:\\Users\\PS\\AppData\\Local\\T...}, goog:chromeOptions: {debuggerAddress: localhost:62090}, networkConnectionEnabled: false, pageLoadStrategy: normal, platformName: WINDOWS, proxy: Proxy(), se:cdp: ws://localhost:62090/devtoo..., se:cdpVersion: 112.0.5615.49, setWindowRect: true, strictFileInteractability: false, timeouts: {implicit: 0, pageLoad: 300000, script: 30000}, unhandledPromptBehavior: dismiss and notify, webauthn:extension:credBlob: true, webauthn:extension:largeBlob: true, webauthn:extension:minPinLength: true, webauthn:extension:prf: true, webauthn:virtualAuthenticators: true}\nElement: [[ChromeDriver: chrome on WINDOWS (47936cb92baac67b6cb5b6d32f54fea6)] -> xpath: //input[@name='searchQuestion']]\nSession ID: 47936cb92baac67b6cb5b6d32f54fea6\r\n\tat java.base/jdk.internal.reflect.NativeConstructorAccessorImpl.newInstance0(Native Method)\r\n\tat java.base/jdk.internal.reflect.NativeConstructorAccessorImpl.newInstance(NativeConstructorAccessorImpl.java:77)\r\n\tat java.base/jdk.internal.reflect.DelegatingConstructorAccessorImpl.newInstance(DelegatingConstructorAccessorImpl.java:45)\r\n\tat java.base/java.lang.reflect.Constructor.newInstanceWithCaller(Constructor.java:499)\r\n\tat java.base/java.lang.reflect.Constructor.newInstance(Constructor.java:480)\r\n\tat org.openqa.selenium.remote.codec.w3c.W3CHttpResponseCodec.createException(W3CHttpResponseCodec.java:200)\r\n\tat org.openqa.selenium.remote.codec.w3c.W3CHttpResponseCodec.decode(W3CHttpResponseCodec.java:133)\r\n\tat org.openqa.selenium.remote.codec.w3c.W3CHttpResponseCodec.decode(W3CHttpResponseCodec.java:53)\r\n\tat org.openqa.selenium.remote.HttpCommandExecutor.execute(HttpCommandExecutor.java:184)\r\n\tat org.openqa.selenium.remote.service.DriverCommandExecutor.invokeExecute(DriverCommandExecutor.java:167)\r\n\tat org.openqa.selenium.remote.service.DriverCommandExecutor.execute(DriverCommandExecutor.java:142)\r\n\tat org.openqa.selenium.remote.RemoteWebDriver.execute(RemoteWebDriver.java:569)\r\n\tat org.openqa.selenium.remote.RemoteWebElement.execute(RemoteWebElement.java:257)\r\n\tat org.openqa.selenium.remote.RemoteWebElement.sendKeys(RemoteWebElement.java:113)\r\n\tat pearl.SmartER.PageObjects.SurveyPage_Objects.typeQuestionNameInSearchByQuestion(SurveyPage_Objects.java:440)\r\n\tat pearl.SmartER.TestMethods.SurveyPage_TestMethods.verifySearchedQuestionDisplayedInTheQuestionBank(SurveyPage_TestMethods.java:274)\r\n\tat pearl.SmartER.StepDefinition.SurveyStepDefinition.verify_whether_the_can_delete_the_question_in_the_question_bank(SurveyStepDefinition.java:247)\r\n\tat ✽.Verify Whether the can delete the question in the question bank(file:///C:/Users/PS/Desktop/Projects%20Bdd/SmartContactWebAppBdd/src/test/java/pearl/SmartER/Features/Survey.feature:49)\r\n","duration":34471100900,"status":"failed"},"line":49,"name":"Verify Whether the can delete the question in the question bank","match":{"location":"pearl.SmartER.StepDefinition.SurveyStepDefinition.verify_whether_the_can_delete_the_question_in_the_question_bank()"},"keyword":"Then "}],"tags":[{"name":"@Test8"}]},{"start_timestamp":"2023-04-13T04:31:21.437Z","line":52,"name":"Verify Whether User is able to enter Current Surveys","description":"","id":"survey;verify-whether-user-is-able-to-enter-current-surveys","type":"scenario","keyword":"Scenario","steps":[{"result":{"duration":11680665600,"status":"passed"},"line":53,"name":"User Navigates to SmartER Login Page9","match":{"location":"pearl.SmartER.StepDefinition.SurveyStepDefinition.user_navigates_to_smart_er_login_page9()"},"keyword":"Given "},{"result":{"duration":15755207700,"status":"passed"},"line":54,"name":"User Enter Into The HomePage of the application","match":{"location":"pearl.SmartER.StepDefinition.SurveyStepDefinition.user_enter_into_the_home_page_of_the_application9()"},"keyword":"When "},{"result":{"duration":10657624100,"status":"passed"},"line":55,"name":"Verify Whether User is able to enter the current Survey page","match":{"location":"pearl.SmartER.StepDefinition.SurveyStepDefinition.verify_whether_user_is_able_to_enter_the_current_survey_page()"},"keyword":"Then "}],"tags":[{"name":"@Test9"}]},{"start_timestamp":"2023-04-13T04:31:59.558Z","line":58,"name":"Verify Whether User is able to view Create Survey","description":"","id":"survey;verify-whether-user-is-able-to-view-create-survey","type":"scenario","keyword":"Scenario","steps":[{"result":{"duration":12577488600,"status":"passed"},"line":59,"name":"User Navigates to SmartER Login Page10","match":{"location":"pearl.SmartER.StepDefinition.SurveyStepDefinition.user_navigates_to_smart_er_login_page10()"},"keyword":"Given "},{"result":{"duration":15643812200,"status":"passed"},"line":60,"name":"User Enter Into the Homepage of the application","match":{"location":"pearl.SmartER.StepDefinition.SurveyStepDefinition.user_enter_into_the_homepage_of_the_application10()"},"keyword":"When "},{"result":{"duration":10852208700,"status":"passed"},"line":61,"name":"Verify Whether User is able to view Create Survey","match":{"location":"pearl.SmartER.StepDefinition.SurveyStepDefinition.verify_whether_user_is_able_to_view_create_survey()"},"keyword":"Then "}],"tags":[{"name":"@Test10"}]},{"start_timestamp":"2023-04-13T04:32:38.665Z","line":64,"name":"Verify Whether User is able to create a new survey","description":"","id":"survey;verify-whether-user-is-able-to-create-a-new-survey","type":"scenario","keyword":"Scenario","steps":[{"result":{"duration":8536491000,"status":"passed"},"line":65,"name":"User Navigates to SmartER Login Page11","match":{"location":"pearl.SmartER.StepDefinition.SurveyStepDefinition.user_navigates_to_smart_er_login_page11()"},"keyword":"Given "},{"result":{"duration":15653260100,"status":"passed"},"line":66,"name":"User Enter Into the Homepage of the application11","match":{"location":"pearl.SmartER.StepDefinition.SurveyStepDefinition.user_enter_into_the_homepage_of_the_application11()"},"keyword":"When "},{"result":{"error_message":"org.openqa.selenium.ElementNotInteractableException: element not interactable\n  (Session info: chrome=112.0.5615.49)\nBuild info: version: '4.3.0', revision: 'a4995e2c09*'\nSystem info: host: 'DESKTOP-3GFC8UC', ip: '192.168.1.62', os.name: 'Windows 10', os.arch: 'amd64', os.version: '10.0', java.version: '17.0.5'\nDriver info: org.openqa.selenium.chrome.ChromeDriver\nCommand: [188d22837430322be318fa37e8f63d19, sendKeysToElement {id=35bd330e-61bb-401a-a98c-7598429a628a, value=[Ljava.lang.CharSequence;@297c3a43}]\nCapabilities {acceptInsecureCerts: false, browserName: chrome, browserVersion: 112.0.5615.49, chrome: {chromedriverVersion: 112.0.5615.49 (bd2a7bcb881c..., userDataDir: C:\\Users\\PS\\AppData\\Local\\T...}, goog:chromeOptions: {debuggerAddress: localhost:62242}, networkConnectionEnabled: false, pageLoadStrategy: normal, platformName: WINDOWS, proxy: Proxy(), se:cdp: ws://localhost:62242/devtoo..., se:cdpVersion: 112.0.5615.49, setWindowRect: true, strictFileInteractability: false, timeouts: {implicit: 0, pageLoad: 300000, script: 30000}, unhandledPromptBehavior: dismiss and notify, webauthn:extension:credBlob: true, webauthn:extension:largeBlob: true, webauthn:extension:minPinLength: true, webauthn:extension:prf: true, webauthn:virtualAuthenticators: true}\nElement: [[ChromeDriver: chrome on WINDOWS (188d22837430322be318fa37e8f63d19)] -> xpath: //input[@formcontrolname='name']]\nSession ID: 188d22837430322be318fa37e8f63d19\r\n\tat java.base/jdk.internal.reflect.NativeConstructorAccessorImpl.newInstance0(Native Method)\r\n\tat java.base/jdk.internal.reflect.NativeConstructorAccessorImpl.newInstance(NativeConstructorAccessorImpl.java:77)\r\n\tat java.base/jdk.internal.reflect.DelegatingConstructorAccessorImpl.newInstance(DelegatingConstructorAccessorImpl.java:45)\r\n\tat java.base/java.lang.reflect.Constructor.newInstanceWithCaller(Constructor.java:499)\r\n\tat java.base/java.lang.reflect.Constructor.newInstance(Constructor.java:480)\r\n\tat org.openqa.selenium.remote.codec.w3c.W3CHttpResponseCodec.createException(W3CHttpResponseCodec.java:200)\r\n\tat org.openqa.selenium.remote.codec.w3c.W3CHttpResponseCodec.decode(W3CHttpResponseCodec.java:133)\r\n\tat org.openqa.selenium.remote.codec.w3c.W3CHttpResponseCodec.decode(W3CHttpResponseCodec.java:53)\r\n\tat org.openqa.selenium.remote.HttpCommandExecutor.execute(HttpCommandExecutor.java:184)\r\n\tat org.openqa.selenium.remote.service.DriverCommandExecutor.invokeExecute(DriverCommandExecutor.java:167)\r\n\tat org.openqa.selenium.remote.service.DriverCommandExecutor.execute(DriverCommandExecutor.java:142)\r\n\tat org.openqa.selenium.remote.RemoteWebDriver.execute(RemoteWebDriver.java:569)\r\n\tat org.openqa.selenium.remote.RemoteWebElement.execute(RemoteWebElement.java:257)\r\n\tat org.openqa.selenium.remote.RemoteWebElement.sendKeys(RemoteWebElement.java:113)\r\n\tat pearl.SmartER.PageObjects.SurveyPage_Objects.getNameTextInTheNameField(SurveyPage_Objects.java:509)\r\n\tat pearl.SmartER.TestMethods.SurveyPage_TestMethods.verifySurveySuccessfullyCreatedValidation(SurveyPage_TestMethods.java:469)\r\n\tat pearl.SmartER.StepDefinition.SurveyStepDefinition.verify_whether_user_is_able_to_create_a_new_survey(SurveyStepDefinition.java:340)\r\n\tat ✽.Verify Whether User is able to create a new survey(file:///C:/Users/PS/Desktop/Projects%20Bdd/SmartContactWebAppBdd/src/test/java/pearl/SmartER/Features/Survey.feature:67)\r\n","duration":44890049100,"status":"failed"},"line":67,"name":"Verify Whether User is able to create a new survey","match":{"location":"pearl.SmartER.StepDefinition.SurveyStepDefinition.verify_whether_user_is_able_to_create_a_new_survey()"},"keyword":"Then "}],"tags":[{"name":"@Test11"}]},{"start_timestamp":"2023-04-13T04:33:47.775Z","line":70,"name":"Verify Whether User is allow to create a new survey with already exiting data","description":"","id":"survey;verify-whether-user-is-allow-to-create-a-new-survey-with-already-exiting-data","type":"scenario","keyword":"Scenario","steps":[{"result":{"duration":10270372200,"status":"passed"},"line":71,"name":"User Navigates to SmartER Login Page12","match":{"location":"pearl.SmartER.StepDefinition.SurveyStepDefinition.user_navigates_to_smart_er_login_page12()"},"keyword":"Given "},{"result":{"duration":15519225200,"status":"passed"},"line":72,"name":"User Enter Into the Homepage of the application12","match":{"location":"pearl.SmartER.StepDefinition.SurveyStepDefinition.user_enter_into_the_homepage_of_the_application12()"},"keyword":"When "},{"result":{"duration":132702950100,"status":"passed"},"line":73,"name":"Verify Whether User is allow to create a new survey with already exiting data","match":{"location":"pearl.SmartER.StepDefinition.SurveyStepDefinition.verify_whether_user_is_allow_to_create_a_new_survey_with_already_exiting_data()"},"keyword":"Then "}],"tags":[{"name":"@Test12"}]},{"start_timestamp":"2023-04-13T04:36:26.283Z","line":76,"name":"Verify Whether User is able to go to the Survey Definition form after filling all mandatory fileds in the Survey form in the Create Survey Page","description":"","id":"survey;verify-whether-user-is-able-to-go-to-the-survey-definition-form-after-filling-all-mandatory-fileds-in-the-survey-form-in-the-create-survey-page","type":"scenario","keyword":"Scenario","steps":[{"result":{"duration":13112051100,"status":"passed"},"line":77,"name":"User Navigates to SmartER Login Page13","match":{"location":"pearl.SmartER.StepDefinition.SurveyStepDefinition.user_navigates_to_smart_er_login_page13()"},"keyword":"Given "},{"result":{"duration":15657033300,"status":"passed"},"line":78,"name":"User Enter Into the Homepage of the application13","match":{"location":"pearl.SmartER.StepDefinition.SurveyStepDefinition.user_enter_into_the_homepage_of_the_application13()"},"keyword":"When "},{"result":{"duration":41533540200,"status":"passed"},"line":79,"name":"Verify Whether User is able to go to the Survey Definition form after filling all mandatory fileds in the Survey form in the Create Survey Page","match":{"location":"pearl.SmartER.StepDefinition.SurveyStepDefinition.verify_whether_user_is_able_to_go_to_the_survey_definition_form_after_filling_all_mandatory_fileds_in_the_survey_form_in_the_create_survey_page()"},"keyword":"Then "}],"tags":[{"name":"@Test13"}]},{"start_timestamp":"2023-04-13T04:37:36.609Z","line":82,"name":"Verify Whtether User is allow to go Survey into a Survey Definition form without entering any data into a survey form in the Create Survey Page","description":"","id":"survey;verify-whtether-user-is-allow-to-go-survey-into-a-survey-definition-form-without-entering-any-data-into-a-survey-form-in-the-create-survey-page","type":"scenario","keyword":"Scenario","steps":[{"result":{"duration":8465378700,"status":"passed"},"line":83,"name":"User Navigates to SmartER Login Page14","match":{"location":"pearl.SmartER.StepDefinition.SurveyStepDefinition.user_navigates_to_smart_er_login_page14()"},"keyword":"Given "},{"result":{"duration":15781075500,"status":"passed"},"line":84,"name":"User Enter Into the Homepage of the application14","match":{"location":"pearl.SmartER.StepDefinition.SurveyStepDefinition.user_enter_into_the_homepage_of_the_application14()"},"keyword":"When "},{"result":{"duration":31156862700,"status":"passed"},"line":85,"name":"Verify Whtether User is allow to go Survey into a Survey Definition form without entering any data into a survey form in the Create Survey Page","match":{"location":"pearl.SmartER.StepDefinition.SurveyStepDefinition.verify_whtether_user_is_allow_to_go_survey_into_a_survey_definition_form_without_entering_any_data_into_a_survey_form_in_the_create_survey_page()"},"keyword":"Then "}],"tags":[{"name":"@Test14"}]},{"start_timestamp":"2023-04-13T04:38:32.031Z","line":88,"name":"Verify Whether User is able to go to the Response Definition form after filling all mandatory fileds in the Survey Definition form in the Create Survey Page","description":"","id":"survey;verify-whether-user-is-able-to-go-to-the-response-definition-form-after-filling-all-mandatory-fileds-in-the-survey-definition-form-in-the-create-survey-page","type":"scenario","keyword":"Scenario","steps":[{"result":{"duration":9368950800,"status":"passed"},"line":89,"name":"User Navigates to SmartER Login Page15","match":{"location":"pearl.SmartER.StepDefinition.SurveyStepDefinition.user_navigates_to_smart_er_login_page15()"},"keyword":"Given "},{"result":{"duration":16299438800,"status":"passed"},"line":90,"name":"User Enter Into the Homepage of the application15","match":{"location":"pearl.SmartER.StepDefinition.SurveyStepDefinition.user_enter_into_the_homepage_of_the_application15()"},"keyword":"When "},{"result":{"error_message":"org.openqa.selenium.ElementNotInteractableException: element not interactable\n  (Session info: chrome=112.0.5615.49)\nBuild info: version: '4.3.0', revision: 'a4995e2c09*'\nSystem info: host: 'DESKTOP-3GFC8UC', ip: '192.168.1.62', os.name: 'Windows 10', os.arch: 'amd64', os.version: '10.0', java.version: '17.0.5'\nDriver info: org.openqa.selenium.chrome.ChromeDriver\nCommand: [70359e4f520dfc1099a246a3715ef452, sendKeysToElement {id=7e3019d9-7114-4d2f-b7fc-591d06ea0f07, value=[Ljava.lang.CharSequence;@64829470}]\nCapabilities {acceptInsecureCerts: false, browserName: chrome, browserVersion: 112.0.5615.49, chrome: {chromedriverVersion: 112.0.5615.49 (bd2a7bcb881c..., userDataDir: C:\\Users\\PS\\AppData\\Local\\T...}, goog:chromeOptions: {debuggerAddress: localhost:62473}, networkConnectionEnabled: false, pageLoadStrategy: normal, platformName: WINDOWS, proxy: Proxy(), se:cdp: ws://localhost:62473/devtoo..., se:cdpVersion: 112.0.5615.49, setWindowRect: true, strictFileInteractability: false, timeouts: {implicit: 0, pageLoad: 300000, script: 30000}, unhandledPromptBehavior: dismiss and notify, webauthn:extension:credBlob: true, webauthn:extension:largeBlob: true, webauthn:extension:minPinLength: true, webauthn:extension:prf: true, webauthn:virtualAuthenticators: true}\nElement: [[ChromeDriver: chrome on WINDOWS (70359e4f520dfc1099a246a3715ef452)] -> xpath: //input[@formcontrolname='name']]\nSession ID: 70359e4f520dfc1099a246a3715ef452\r\n\tat java.base/jdk.internal.reflect.NativeConstructorAccessorImpl.newInstance0(Native Method)\r\n\tat java.base/jdk.internal.reflect.NativeConstructorAccessorImpl.newInstance(NativeConstructorAccessorImpl.java:77)\r\n\tat java.base/jdk.internal.reflect.DelegatingConstructorAccessorImpl.newInstance(DelegatingConstructorAccessorImpl.java:45)\r\n\tat java.base/java.lang.reflect.Constructor.newInstanceWithCaller(Constructor.java:499)\r\n\tat java.base/java.lang.reflect.Constructor.newInstance(Constructor.java:480)\r\n\tat org.openqa.selenium.remote.codec.w3c.W3CHttpResponseCodec.createException(W3CHttpResponseCodec.java:200)\r\n\tat org.openqa.selenium.remote.codec.w3c.W3CHttpResponseCodec.decode(W3CHttpResponseCodec.java:133)\r\n\tat org.openqa.selenium.remote.codec.w3c.W3CHttpResponseCodec.decode(W3CHttpResponseCodec.java:53)\r\n\tat org.openqa.selenium.remote.HttpCommandExecutor.execute(HttpCommandExecutor.java:184)\r\n\tat org.openqa.selenium.remote.service.DriverCommandExecutor.invokeExecute(DriverCommandExecutor.java:167)\r\n\tat org.openqa.selenium.remote.service.DriverCommandExecutor.execute(DriverCommandExecutor.java:142)\r\n\tat org.openqa.selenium.remote.RemoteWebDriver.execute(RemoteWebDriver.java:569)\r\n\tat org.openqa.selenium.remote.RemoteWebElement.execute(RemoteWebElement.java:257)\r\n\tat org.openqa.selenium.remote.RemoteWebElement.sendKeys(RemoteWebElement.java:113)\r\n\tat pearl.SmartER.PageObjects.SurveyPage_Objects.getNameTextInTheNameField(SurveyPage_Objects.java:509)\r\n\tat pearl.SmartER.TestMethods.SurveyPage_TestMethods.verifyUserInTheResponseDefinitionPage(SurveyPage_TestMethods.java:678)\r\n\tat pearl.SmartER.StepDefinition.SurveyStepDefinition.verify_whether_user_is_able_to_go_to_the_response_definition_form_after_filling_all_mandatory_fileds_in_the_survey_definition_form_in_the_create_survey_page(SurveyStepDefinition.java:464)\r\n\tat ✽.Verify Whether User is able to go to the Response Definition form after filling all mandatory fileds in the Survey Definition form in the Create Survey Page(file:///C:/Users/PS/Desktop/Projects%20Bdd/SmartContactWebAppBdd/src/test/java/pearl/SmartER/Features/Survey.feature:91)\r\n","duration":45285446300,"status":"failed"},"line":91,"name":"Verify Whether User is able to go to the Response Definition form after filling all mandatory fileds in the Survey Definition form in the Create Survey Page","match":{"location":"pearl.SmartER.StepDefinition.SurveyStepDefinition.verify_whether_user_is_able_to_go_to_the_response_definition_form_after_filling_all_mandatory_fileds_in_the_survey_definition_form_in_the_create_survey_page()"},"keyword":"Then "}],"tags":[{"name":"@Test15"}]},{"start_timestamp":"2023-04-13T04:39:43.008Z","line":94,"name":"Verify Whether User is allow to go to the Response Definition form without entering any data into the mandatory fields in the Survey Definition form in the Create Survey Page","description":"","id":"survey;verify-whether-user-is-allow-to-go-to-the-response-definition-form-without-entering-any-data-into-the-mandatory-fields-in-the-survey-definition-form-in-the-create-survey-page","type":"scenario","keyword":"Scenario","steps":[{"result":{"duration":19373257700,"status":"passed"},"line":95,"name":"User Navigates to SmartER Login Page16","match":{"location":"pearl.SmartER.StepDefinition.SurveyStepDefinition.user_navigates_to_smart_er_login_page16()"},"keyword":"Given "},{"result":{"duration":16602665700,"status":"passed"},"line":96,"name":"User Enter Into the Homepage of the application16","match":{"location":"pearl.SmartER.StepDefinition.SurveyStepDefinition.user_enter_into_the_homepage_of_the_application16()"},"keyword":"When "},{"result":{"error_message":"org.openqa.selenium.ElementNotInteractableException: element not interactable\n  (Session info: chrome=112.0.5615.49)\nBuild info: version: '4.3.0', revision: 'a4995e2c09*'\nSystem info: host: 'DESKTOP-3GFC8UC', ip: '192.168.1.62', os.name: 'Windows 10', os.arch: 'amd64', os.version: '10.0', java.version: '17.0.5'\nDriver info: org.openqa.selenium.chrome.ChromeDriver\nCommand: [4547255d4ee2083ef774de819078e3a2, sendKeysToElement {id=856f8b43-832b-4245-94b1-5301735efe19, value=[Ljava.lang.CharSequence;@7e84a52b}]\nCapabilities {acceptInsecureCerts: false, browserName: chrome, browserVersion: 112.0.5615.49, chrome: {chromedriverVersion: 112.0.5615.49 (bd2a7bcb881c..., userDataDir: C:\\Users\\PS\\AppData\\Local\\T...}, goog:chromeOptions: {debuggerAddress: localhost:62544}, networkConnectionEnabled: false, pageLoadStrategy: normal, platformName: WINDOWS, proxy: Proxy(), se:cdp: ws://localhost:62544/devtoo..., se:cdpVersion: 112.0.5615.49, setWindowRect: true, strictFileInteractability: false, timeouts: {implicit: 0, pageLoad: 300000, script: 30000}, unhandledPromptBehavior: dismiss and notify, webauthn:extension:credBlob: true, webauthn:extension:largeBlob: true, webauthn:extension:minPinLength: true, webauthn:extension:prf: true, webauthn:virtualAuthenticators: true}\nElement: [[ChromeDriver: chrome on WINDOWS (4547255d4ee2083ef774de819078e3a2)] -> xpath: //input[@formcontrolname='name']]\nSession ID: 4547255d4ee2083ef774de819078e3a2\r\n\tat java.base/jdk.internal.reflect.NativeConstructorAccessorImpl.newInstance0(Native Method)\r\n\tat java.base/jdk.internal.reflect.NativeConstructorAccessorImpl.newInstance(NativeConstructorAccessorImpl.java:77)\r\n\tat java.base/jdk.internal.reflect.DelegatingConstructorAccessorImpl.newInstance(DelegatingConstructorAccessorImpl.java:45)\r\n\tat java.base/java.lang.reflect.Constructor.newInstanceWithCaller(Constructor.java:499)\r\n\tat java.base/java.lang.reflect.Constructor.newInstance(Constructor.java:480)\r\n\tat org.openqa.selenium.remote.codec.w3c.W3CHttpResponseCodec.createException(W3CHttpResponseCodec.java:200)\r\n\tat org.openqa.selenium.remote.codec.w3c.W3CHttpResponseCodec.decode(W3CHttpResponseCodec.java:133)\r\n\tat org.openqa.selenium.remote.codec.w3c.W3CHttpResponseCodec.decode(W3CHttpResponseCodec.java:53)\r\n\tat org.openqa.selenium.remote.HttpCommandExecutor.execute(HttpCommandExecutor.java:184)\r\n\tat org.openqa.selenium.remote.service.DriverCommandExecutor.invokeExecute(DriverCommandExecutor.java:167)\r\n\tat org.openqa.selenium.remote.service.DriverCommandExecutor.execute(DriverCommandExecutor.java:142)\r\n\tat org.openqa.selenium.remote.RemoteWebDriver.execute(RemoteWebDriver.java:569)\r\n\tat org.openqa.selenium.remote.RemoteWebElement.execute(RemoteWebElement.java:257)\r\n\tat org.openqa.selenium.remote.RemoteWebElement.sendKeys(RemoteWebElement.java:113)\r\n\tat pearl.SmartER.PageObjects.SurveyPage_Objects.getNameTextInTheNameField(SurveyPage_Objects.java:509)\r\n\tat pearl.SmartER.TestMethods.SurveyPage_TestMethods.verifyEmailSubjectValidationMessage(SurveyPage_TestMethods.java:749)\r\n\tat pearl.SmartER.StepDefinition.SurveyStepDefinition.verify_whether_user_is_allow_to_go_to_the_response_definition_form_without_entering_any_data_into_the_mandatory_fields_in_the_survey_definition_form_in_the_create_survey_page(SurveyStepDefinition.java:493)\r\n\tat ✽.Verify Whether User is allow to go to the Response Definition form without entering any data into the mandatory fields in the Survey Definition form in the Create Survey Page(file:///C:/Users/PS/Desktop/Projects%20Bdd/SmartContactWebAppBdd/src/test/java/pearl/SmartER/Features/Survey.feature:97)\r\n","duration":44865546800,"status":"failed"},"line":97,"name":"Verify Whether User is allow to go to the Response Definition form without entering any data into the mandatory fields in the Survey Definition form in the Create Survey Page","match":{"location":"pearl.SmartER.StepDefinition.SurveyStepDefinition.verify_whether_user_is_allow_to_go_to_the_response_definition_form_without_entering_any_data_into_the_mandatory_fields_in_the_survey_definition_form_in_the_create_survey_page()"},"keyword":"Then "}],"tags":[{"name":"@Test16"}]},{"start_timestamp":"2023-04-13T04:41:03.872Z","line":100,"name":"Verify Whether User is able to go to the Alert Definition form after filling all mandatory fileds in the Response Definition form in the Create Survey Page","description":"","id":"survey;verify-whether-user-is-able-to-go-to-the-alert-definition-form-after-filling-all-mandatory-fileds-in-the-response-definition-form-in-the-create-survey-page","type":"scenario","keyword":"Scenario","steps":[{"result":{"duration":8990255500,"status":"passed"},"line":101,"name":"User Navigates to SmartER Login Page17","match":{"location":"pearl.SmartER.StepDefinition.SurveyStepDefinition.user_navigates_to_smart_er_login_page17()"},"keyword":"Given "},{"result":{"duration":15630632300,"status":"passed"},"line":102,"name":"User Enter Into the Homepage of the application17","match":{"location":"pearl.SmartER.StepDefinition.SurveyStepDefinition.user_enter_into_the_homepage_of_the_application17()"},"keyword":"When "},{"result":{"duration":95910191800,"status":"passed"},"line":103,"name":"Verify Whether User is able to go to the Alert Definition form after filling all mandatory fileds in the Response Definition form in the Create Survey Page","match":{"location":"pearl.SmartER.StepDefinition.SurveyStepDefinition.verify_whether_user_is_able_to_go_to_the_alert_definition_form_after_filling_all_mandatory_fileds_in_the_response_definition_form_in_the_create_survey_page()"},"keyword":"Then "}],"tags":[{"name":"@Test17"}]},{"start_timestamp":"2023-04-13T04:43:04.418Z","line":106,"name":"Verify Whether User is allow to go to the Alert Definition form without entering any data into the mandatory fields in the Response Definition form in the Create Survey Page","description":"","id":"survey;verify-whether-user-is-allow-to-go-to-the-alert-definition-form-without-entering-any-data-into-the-mandatory-fields-in-the-response-definition-form-in-the-create-survey-page","type":"scenario","keyword":"Scenario","steps":[{"result":{"duration":7990252300,"status":"passed"},"line":107,"name":"User Navigates to SmartER Login Page18","match":{"location":"pearl.SmartER.StepDefinition.SurveyStepDefinition.user_navigates_to_smart_er_login_page18()"},"keyword":"Given "},{"result":{"duration":15669030700,"status":"passed"},"line":108,"name":"User Enter Into the Homepage of the applicaton18","match":{"location":"pearl.SmartER.StepDefinition.SurveyStepDefinition.user_enter_into_the_homepage_of_the_applicaton18()"},"keyword":"When "},{"result":{"error_message":"org.openqa.selenium.WebDriverException: disconnected: Unable to receive message from renderer\n  (failed to check if window was closed: disconnected: not connected to DevTools)\n  (Session info: chrome=112.0.5615.49)\nBuild info: version: '4.3.0', revision: 'a4995e2c09*'\nSystem info: host: 'DESKTOP-3GFC8UC', ip: '192.168.1.62', os.name: 'Windows 10', os.arch: 'amd64', os.version: '10.0', java.version: '17.0.5'\nDriver info: org.openqa.selenium.chrome.ChromeDriver\nCommand: [4eed914de5689bae571834ecd4ec6e8a, findElement {using=xpath, value=//input[@formcontrolname='emailsubject']}]\nCapabilities {acceptInsecureCerts: false, browserName: chrome, browserVersion: 112.0.5615.49, chrome: {chromedriverVersion: 112.0.5615.49 (bd2a7bcb881c..., userDataDir: C:\\Users\\PS\\AppData\\Local\\T...}, goog:chromeOptions: {debuggerAddress: localhost:62657}, networkConnectionEnabled: false, pageLoadStrategy: normal, platformName: WINDOWS, proxy: Proxy(), se:cdp: ws://localhost:62657/devtoo..., se:cdpVersion: 112.0.5615.49, setWindowRect: true, strictFileInteractability: false, timeouts: {implicit: 0, pageLoad: 300000, script: 30000}, unhandledPromptBehavior: dismiss and notify, webauthn:extension:credBlob: true, webauthn:extension:largeBlob: true, webauthn:extension:minPinLength: true, webauthn:extension:prf: true, webauthn:virtualAuthenticators: true}\nSession ID: 4eed914de5689bae571834ecd4ec6e8a\r\n\tat java.base/jdk.internal.reflect.NativeConstructorAccessorImpl.newInstance0(Native Method)\r\n\tat java.base/jdk.internal.reflect.NativeConstructorAccessorImpl.newInstance(NativeConstructorAccessorImpl.java:77)\r\n\tat java.base/jdk.internal.reflect.DelegatingConstructorAccessorImpl.newInstance(DelegatingConstructorAccessorImpl.java:45)\r\n\tat java.base/java.lang.reflect.Constructor.newInstanceWithCaller(Constructor.java:499)\r\n\tat java.base/java.lang.reflect.Constructor.newInstance(Constructor.java:480)\r\n\tat org.openqa.selenium.remote.codec.w3c.W3CHttpResponseCodec.createException(W3CHttpResponseCodec.java:200)\r\n\tat org.openqa.selenium.remote.codec.w3c.W3CHttpResponseCodec.decode(W3CHttpResponseCodec.java:133)\r\n\tat org.openqa.selenium.remote.codec.w3c.W3CHttpResponseCodec.decode(W3CHttpResponseCodec.java:53)\r\n\tat org.openqa.selenium.remote.HttpCommandExecutor.execute(HttpCommandExecutor.java:184)\r\n\tat org.openqa.selenium.remote.service.DriverCommandExecutor.invokeExecute(DriverCommandExecutor.java:167)\r\n\tat org.openqa.selenium.remote.service.DriverCommandExecutor.execute(DriverCommandExecutor.java:142)\r\n\tat org.openqa.selenium.remote.RemoteWebDriver.execute(RemoteWebDriver.java:569)\r\n\tat org.openqa.selenium.remote.ElementLocation$ElementFinder$2.findElement(ElementLocation.java:162)\r\n\tat org.openqa.selenium.remote.ElementLocation.findElement(ElementLocation.java:60)\r\n\tat org.openqa.selenium.remote.RemoteWebDriver.findElement(RemoteWebDriver.java:387)\r\n\tat org.openqa.selenium.remote.RemoteWebDriver.findElement(RemoteWebDriver.java:379)\r\n\tat pearl.SmartER.PageObjects.SurveyPage_Objects.getEmailSubject(SurveyPage_Objects.java:605)\r\n\tat pearl.SmartER.TestMethods.SurveyPage_TestMethods.verifySubjectValidationMessage(SurveyPage_TestMethods.java:988)\r\n\tat pearl.SmartER.StepDefinition.SurveyStepDefinition.verify_whether_user_is_allow_to_go_to_the_alert_definition_form_without_entering_any_data_into_the_mandatory_fields_in_the_response_definition_form_in_the_create_survey_page(SurveyStepDefinition.java:567)\r\n\tat ✽.Verify Whether User is allow to go to the Alert Definition form without entering any data into the mandatory fields in the Response Definition form in the Create Survey Page(file:///C:/Users/PS/Desktop/Projects%20Bdd/SmartContactWebAppBdd/src/test/java/pearl/SmartER/Features/Survey.feature:109)\r\n","duration":39117126600,"status":"failed"},"line":109,"name":"Verify Whether User is allow to go to the Alert Definition form without entering any data into the mandatory fields in the Response Definition form in the Create Survey Page","match":{"location":"pearl.SmartER.StepDefinition.SurveyStepDefinition.verify_whether_user_is_allow_to_go_to_the_alert_definition_form_without_entering_any_data_into_the_mandatory_fields_in_the_response_definition_form_in_the_create_survey_page()"},"keyword":"Then "}],"tags":[{"name":"@Test18"}]},{"start_timestamp":"2023-04-13T04:44:07.210Z","line":112,"name":"Verify Whether User is able to create a new survey without entering any data into the Alert Definition form","description":"","id":"survey;verify-whether-user-is-able-to-create-a-new-survey-without-entering-any-data-into-the-alert-definition-form","type":"scenario","keyword":"Scenario","steps":[{"result":{"error_message":"org.openqa.selenium.remote.UnreachableBrowserException: Error communicating with the remote browser. It may have died.\nBuild info: version: '4.3.0', revision: 'a4995e2c09*'\nSystem info: host: 'DESKTOP-3GFC8UC', ip: '192.168.1.62', os.name: 'Windows 10', os.arch: 'amd64', os.version: '10.0', java.version: '17.0.5'\nDriver info: org.openqa.selenium.chrome.ChromeDriver\nCommand: [3b67bedc3ff5825c7a49f6140913ae0d, get {url=https://beta.s-er.co}]\nCapabilities {acceptInsecureCerts: false, browserName: chrome, browserVersion: 112.0.5615.49, chrome: {chromedriverVersion: 112.0.5615.49 (bd2a7bcb881c..., userDataDir: C:\\Users\\PS\\AppData\\Local\\T...}, goog:chromeOptions: {debuggerAddress: localhost:62710}, networkConnectionEnabled: false, pageLoadStrategy: normal, platformName: WINDOWS, proxy: Proxy(), se:cdp: ws://localhost:62710/devtoo..., se:cdpVersion: 112.0.5615.49, setWindowRect: true, strictFileInteractability: false, timeouts: {implicit: 0, pageLoad: 300000, script: 30000}, unhandledPromptBehavior: dismiss and notify, webauthn:extension:credBlob: true, webauthn:extension:largeBlob: true, webauthn:extension:minPinLength: true, webauthn:extension:prf: true, webauthn:virtualAuthenticators: true}\nSession ID: 3b67bedc3ff5825c7a49f6140913ae0d\r\n\tat org.openqa.selenium.remote.RemoteWebDriver.execute(RemoteWebDriver.java:593)\r\n\tat org.openqa.selenium.remote.RemoteWebDriver.get(RemoteWebDriver.java:332)\r\n\tat pearl.SmartER.TestMethods.BaseClassMain.initializeDriver(BaseClassMain.java:47)\r\n\tat pearl.SmartER.StepDefinition.SurveyStepDefinition.user_navigates_to_smart_er_login_page19(SurveyStepDefinition.java:587)\r\n\tat ✽.User Navigates to SmartER Login Page19(file:///C:/Users/PS/Desktop/Projects%20Bdd/SmartContactWebAppBdd/src/test/java/pearl/SmartER/Features/Survey.feature:113)\r\nCaused by: java.lang.RuntimeException: NettyHttpHandler request execution error\r\n\tat org.openqa.selenium.remote.http.netty.NettyHttpHandler.makeCall(NettyHttpHandler.java:76)\r\n\tat org.openqa.selenium.remote.http.AddSeleniumUserAgent.lambda$apply$0(AddSeleniumUserAgent.java:42)\r\n\tat org.openqa.selenium.remote.http.Filter.lambda$andFinally$1(Filter.java:56)\r\n\tat org.openqa.selenium.remote.http.netty.NettyHttpHandler.execute(NettyHttpHandler.java:49)\r\n\tat org.openqa.selenium.remote.http.AddSeleniumUserAgent.lambda$apply$0(AddSeleniumUserAgent.java:42)\r\n\tat org.openqa.selenium.remote.http.Filter.lambda$andFinally$1(Filter.java:56)\r\n\tat org.openqa.selenium.remote.http.netty.NettyClient.execute(NettyClient.java:98)\r\n\tat org.openqa.selenium.remote.HttpCommandExecutor.execute(HttpCommandExecutor.java:181)\r\n\tat org.openqa.selenium.remote.service.DriverCommandExecutor.invokeExecute(DriverCommandExecutor.java:167)\r\n\tat org.openqa.selenium.remote.service.DriverCommandExecutor.execute(DriverCommandExecutor.java:142)\r\n\tat org.openqa.selenium.remote.RemoteWebDriver.execute(RemoteWebDriver.java:569)\r\n\tat org.openqa.selenium.remote.RemoteWebDriver.get(RemoteWebDriver.java:332)\r\n\tat pearl.SmartER.TestMethods.BaseClassMain.initializeDriver(BaseClassMain.java:47)\r\n\tat pearl.SmartER.StepDefinition.SurveyStepDefinition.user_navigates_to_smart_er_login_page19(SurveyStepDefinition.java:587)\r\n\tat java.base/jdk.internal.reflect.NativeMethodAccessorImpl.invoke0(Native Method)\r\n\tat java.base/jdk.internal.reflect.NativeMethodAccessorImpl.invoke(NativeMethodAccessorImpl.java:77)\r\n\tat java.base/jdk.internal.reflect.DelegatingMethodAccessorImpl.invoke(DelegatingMethodAccessorImpl.java:43)\r\n\tat java.base/java.lang.reflect.Method.invoke(Method.java:568)\r\n\tat io.cucumber.java.Invoker.doInvoke(Invoker.java:66)\r\n\tat io.cucumber.java.Invoker.invoke(Invoker.java:24)\r\n\tat io.cucumber.java.AbstractGlueDefinition.invokeMethod(AbstractGlueDefinition.java:47)\r\n\tat io.cucumber.java.JavaStepDefinition.execute(JavaStepDefinition.java:29)\r\n\tat io.cucumber.core.runner.CoreStepDefinition.execute(CoreStepDefinition.java:66)\r\n\tat io.cucumber.core.runner.PickleStepDefinitionMatch.runStep(PickleStepDefinitionMatch.java:63)\r\n\tat io.cucumber.core.runner.ExecutionMode$1.execute(ExecutionMode.java:10)\r\n\tat io.cucumber.core.runner.TestStep.executeStep(TestStep.java:84)\r\n\tat io.cucumber.core.runner.TestStep.run(TestStep.java:56)\r\n\tat io.cucumber.core.runner.PickleStepTestStep.run(PickleStepTestStep.java:51)\r\n\tat io.cucumber.core.runner.TestCase.run(TestCase.java:84)\r\n\tat io.cucumber.core.runner.Runner.runPickle(Runner.java:75)\r\n\tat io.cucumber.junit.PickleRunners$NoStepDescriptions.lambda$run$0(PickleRunners.java:151)\r\n\tat io.cucumber.core.runtime.CucumberExecutionContext.lambda$runTestCase$5(CucumberExecutionContext.java:130)\r\n\tat io.cucumber.core.runtime.RethrowingThrowableCollector.executeAndThrow(RethrowingThrowableCollector.java:23)\r\n\tat io.cucumber.core.runtime.CucumberExecutionContext.runTestCase(CucumberExecutionContext.java:130)\r\n\tat io.cucumber.junit.PickleRunners$NoStepDescriptions.run(PickleRunners.java:148)\r\n\tat io.cucumber.junit.FeatureRunner.runChild(FeatureRunner.java:144)\r\n\tat io.cucumber.junit.FeatureRunner.runChild(FeatureRunner.java:28)\r\n\tat org.junit.runners.ParentRunner$4.run(ParentRunner.java:331)\r\n\tat org.junit.runners.ParentRunner$1.schedule(ParentRunner.java:79)\r\n\tat org.junit.runners.ParentRunner.runChildren(ParentRunner.java:329)\r\n\tat org.junit.runners.ParentRunner.access$100(ParentRunner.java:66)\r\n\tat org.junit.runners.ParentRunner$2.evaluate(ParentRunner.java:293)\r\n\tat org.junit.runners.ParentRunner$3.evaluate(ParentRunner.java:306)\r\n\tat org.junit.runners.ParentRunner.run(ParentRunner.java:413)\r\n\tat io.cucumber.junit.FeatureRunner.run(FeatureRunner.java:137)\r\n\tat io.cucumber.junit.Cucumber.runChild(Cucumber.java:196)\r\n\tat io.cucumber.junit.Cucumber.runChild(Cucumber.java:89)\r\n\tat org.junit.runners.ParentRunner$4.run(ParentRunner.java:331)\r\n\tat org.junit.runners.ParentRunner$1.schedule(ParentRunner.java:79)\r\n\tat org.junit.runners.ParentRunner.runChildren(ParentRunner.java:329)\r\n\tat org.junit.runners.ParentRunner.access$100(ParentRunner.java:66)\r\n\tat org.junit.runners.ParentRunner$2.evaluate(ParentRunner.java:293)\r\n\tat io.cucumber.junit.Cucumber$RunBeforeAllHooks.evaluate(Cucumber.java:266)\r\n\tat io.cucumber.junit.Cucumber$RunAfterAllHooks.evaluate(Cucumber.java:281)\r\n\tat io.cucumber.junit.Cucumber$StartTestRun.evaluate(Cucumber.java:233)\r\n\tat io.cucumber.junit.Cucumber$FinishTestRun.evaluate(Cucumber.java:248)\r\n\tat org.junit.runners.ParentRunner$3.evaluate(ParentRunner.java:306)\r\n\tat org.junit.runners.ParentRunner.run(ParentRunner.java:413)\r\n\tat org.eclipse.jdt.internal.junit4.runner.JUnit4TestReference.run(JUnit4TestReference.java:93)\r\n\tat org.eclipse.jdt.internal.junit.runner.TestExecution.run(TestExecution.java:40)\r\n\tat org.eclipse.jdt.internal.junit.runner.RemoteTestRunner.runTests(RemoteTestRunner.java:529)\r\n\tat org.eclipse.jdt.internal.junit.runner.RemoteTestRunner.runTests(RemoteTestRunner.java:756)\r\n\tat org.eclipse.jdt.internal.junit.runner.RemoteTestRunner.run(RemoteTestRunner.java:452)\r\n\tat org.eclipse.jdt.internal.junit.runner.RemoteTestRunner.main(RemoteTestRunner.java:210)\r\nCaused by: java.util.concurrent.ExecutionException: java.util.concurrent.TimeoutException: Request timeout to localhost/127.0.0.1:61988 after 180000 ms\r\n\tat java.base/java.util.concurrent.CompletableFuture.reportGet(CompletableFuture.java:396)\r\n\tat java.base/java.util.concurrent.CompletableFuture.get(CompletableFuture.java:2096)\r\n\tat org.asynchttpclient.netty.NettyResponseFuture.get(NettyResponseFuture.java:206)\r\n\tat org.openqa.selenium.remote.http.netty.NettyHttpHandler.makeCall(NettyHttpHandler.java:59)\r\n\t... 63 more\r\nCaused by: java.util.concurrent.TimeoutException: Request timeout to localhost/127.0.0.1:61988 after 180000 ms\r\n\tat org.asynchttpclient.netty.timeout.TimeoutTimerTask.expire(TimeoutTimerTask.java:43)\r\n\tat org.asynchttpclient.netty.timeout.RequestTimeoutTimerTask.run(RequestTimeoutTimerTask.java:50)\r\n\tat io.netty.util.HashedWheelTimer$HashedWheelTimeout.run(HashedWheelTimer.java:715)\r\n\tat io.netty.util.concurrent.ImmediateExecutor.execute(ImmediateExecutor.java:34)\r\n\tat io.netty.util.HashedWheelTimer$HashedWheelTimeout.expire(HashedWheelTimer.java:703)\r\n\tat io.netty.util.HashedWheelTimer$HashedWheelBucket.expireTimeouts(HashedWheelTimer.java:790)\r\n\tat io.netty.util.HashedWheelTimer$Worker.run(HashedWheelTimer.java:503)\r\n\tat io.netty.util.concurrent.FastThreadLocalRunnable.run(FastThreadLocalRunnable.java:30)\r\n\tat java.base/java.lang.Thread.run(Thread.java:833)\r\n","duration":1266996452700,"status":"failed"},"line":113,"name":"User Navigates to SmartER Login Page19","match":{"location":"pearl.SmartER.StepDefinition.SurveyStepDefinition.user_navigates_to_smart_er_login_page19()"},"keyword":"Given "},{"result":{"status":"skipped"},"line":114,"name":"User Enter Into the Homepage of the application19","match":{"location":"pearl.SmartER.StepDefinition.SurveyStepDefinition.user_enter_into_the_homepage_of_the_application19()"},"keyword":"When "},{"result":{"status":"skipped"},"line":115,"name":"Verify Whether User is able to create a new survey without entering any data into the Alert Definition form","match":{"location":"pearl.SmartER.StepDefinition.SurveyStepDefinition.verify_whether_user_is_able_to_create_a_new_survey_without_entering_any_data_into_the_alert_definition_form()"},"keyword":"Then "}],"tags":[{"name":"@Test19"}]},{"start_timestamp":"2023-04-13T05:05:14.242Z","line":118,"name":"Verify Whether User is able to return the Creating a New Survey Page into Survey Page","description":"","id":"survey;verify-whether-user-is-able-to-return-the-creating-a-new-survey-page-into-survey-page","type":"scenario","keyword":"Scenario","steps":[{"result":{"duration":21376363200,"status":"passed"},"line":119,"name":"User Navigates to SmartER Login Page20","match":{"location":"pearl.SmartER.StepDefinition.SurveyStepDefinition.user_navigates_to_smart_er_login_page20()"},"keyword":"Given "},{"result":{"duration":15708322900,"status":"passed"},"line":120,"name":"User Enter Into the Homepage of the application20","match":{"location":"pearl.SmartER.StepDefinition.SurveyStepDefinition.user_enter_into_the_homepage_of_the_application20()"},"keyword":"When "},{"result":{"duration":98786496500,"status":"passed"},"line":121,"name":"Verify Whether User is able to return the Creating a New Survey Page into Survey Page","match":{"location":"pearl.SmartER.StepDefinition.SurveyStepDefinition.verify_whether_user_is_able_to_return_the_creating_a_new_survey_page_into_survey_page()"},"keyword":"Then "}],"tags":[{"name":"@Test20"}]},{"start_timestamp":"2023-04-13T05:07:30.130Z","line":124,"name":"Verify Whether User is able to search a Survey","description":"","id":"survey;verify-whether-user-is-able-to-search-a-survey","type":"scenario","keyword":"Scenario","steps":[{"result":{"duration":11360194200,"status":"passed"},"line":125,"name":"User Navigates to SmartER Login Page21","match":{"location":"pearl.SmartER.StepDefinition.SurveyStepDefinition.user_navigates_to_smart_er_login_page21()"},"keyword":"Given "},{"result":{"duration":15879964100,"status":"passed"},"line":126,"name":"User Enter Into the Homepage of the application21","match":{"location":"pearl.SmartER.StepDefinition.SurveyStepDefinition.user_enter_into_the_homepage_of_the_application21()"},"keyword":"When "},{"result":{"duration":17587364500,"status":"passed"},"line":127,"name":"Verify Whether User is able to search a Survey","match":{"location":"pearl.SmartER.StepDefinition.SurveyStepDefinition.verify_whether_user_is_able_to_search_a_survey()"},"keyword":"Then "}],"tags":[{"name":"@Test21"}]},{"start_timestamp":"2023-04-13T05:08:14.978Z","line":130,"name":"Verify Whether User is able to search a Survey with Location","description":"","id":"survey;verify-whether-user-is-able-to-search-a-survey-with-location","type":"scenario","keyword":"Scenario","steps":[{"result":{"duration":9900429300,"status":"passed"},"line":131,"name":"User Navigates to SmartER Login Page22","match":{"location":"pearl.SmartER.StepDefinition.SurveyStepDefinition.user_navigates_to_smart_er_login_page22()"},"keyword":"Given "},{"result":{"duration":15997620100,"status":"passed"},"line":132,"name":"User Enter Into the Homepage of the application22","match":{"location":"pearl.SmartER.StepDefinition.SurveyStepDefinition.user_enter_into_the_homepage_of_the_application22()"},"keyword":"When "},{"result":{"duration":22459079000,"status":"passed"},"line":133,"name":"Verify Whether User is able to search a Survey with Location","match":{"location":"pearl.SmartER.StepDefinition.SurveyStepDefinition.verify_whether_user_is_able_to_search_a_survey_with_location()"},"keyword":"Then "}],"tags":[{"name":"@Test22"}]},{"start_timestamp":"2023-04-13T05:09:03.359Z","line":136,"name":"Verify Whether User is able to search a Survey with Department","description":"","id":"survey;verify-whether-user-is-able-to-search-a-survey-with-department","type":"scenario","keyword":"Scenario","steps":[{"result":{"duration":9403480700,"status":"passed"},"line":137,"name":"User Navigates to SmartER Login Page23","match":{"location":"pearl.SmartER.StepDefinition.SurveyStepDefinition.user_navigates_to_smart_er_login_page23()"},"keyword":"Given "},{"result":{"duration":15946392700,"status":"passed"},"line":138,"name":"User Enter into the Homepage of the applicaton23","match":{"location":"pearl.SmartER.StepDefinition.SurveyStepDefinition.user_enter_into_the_homepage_of_the_applicaton23()"},"keyword":"When "},{"result":{"duration":20238537100,"status":"passed"},"line":139,"name":"Verify Whether User is able to search a Survey with Department","match":{"location":"pearl.SmartER.StepDefinition.SurveyStepDefinition.verify_whether_user_is_able_to_search_a_survey_with_department()"},"keyword":"Then "}],"tags":[{"name":"@Test23"}]},{"start_timestamp":"2023-04-13T05:09:48.985Z","line":142,"name":"Verify Whether User is able to search a Survey with Survey Type","description":"","id":"survey;verify-whether-user-is-able-to-search-a-survey-with-survey-type","type":"scenario","keyword":"Scenario","steps":[{"result":{"duration":10487702600,"status":"passed"},"line":143,"name":"User Navigates to SmartER Login Page24","match":{"location":"pearl.SmartER.StepDefinition.SurveyStepDefinition.user_navigates_to_smart_er_login_page24()"},"keyword":"Given "},{"result":{"duration":15911794700,"status":"passed"},"line":144,"name":"User Enter into the Homepage of the applciaton24","match":{"location":"pearl.SmartER.StepDefinition.SurveyStepDefinition.user_enter_into_the_homepage_of_the_applciaton24()"},"keyword":"When "},{"result":{"duration":16437942800,"status":"passed"},"line":145,"name":"Verify Whether User is able to search a Survey with Survey Type","match":{"location":"pearl.SmartER.StepDefinition.SurveyStepDefinition.verify_whether_user_is_able_to_search_a_survey_with_survey_type()"},"keyword":"Then "}],"tags":[{"name":"@Test24"}]},{"start_timestamp":"2023-04-13T05:10:31.838Z","line":148,"name":"Verify Whether User is able to search a Survey with Location, Department and Survey Type","description":"","id":"survey;verify-whether-user-is-able-to-search-a-survey-with-location--department-and-survey-type","type":"scenario","keyword":"Scenario","steps":[{"result":{"duration":9306994900,"status":"passed"},"line":149,"name":"User Navigates to SmartER Login Page25","match":{"location":"pearl.SmartER.StepDefinition.SurveyStepDefinition.user_navigates_to_smart_er_login_page25()"},"keyword":"Given "},{"result":{"duration":15872668600,"status":"passed"},"line":150,"name":"User Enter into the Homepage of the application25","match":{"location":"pearl.SmartER.StepDefinition.SurveyStepDefinition.user_enter_into_the_homepage_of_the_application25()"},"keyword":"When "},{"result":{"duration":35467618700,"status":"passed"},"line":151,"name":"Verify Whether User is able to search a Survey with Location, Department and Survey Type","match":{"location":"pearl.SmartER.StepDefinition.SurveyStepDefinition.verify_whether_user_is_able_to_search_a_survey_with_location_department_and_survey_type()"},"keyword":"Then "}],"tags":[{"name":"@Test25"}]},{"start_timestamp":"2023-04-13T05:11:32.502Z","line":154,"name":"Verify Whether User is able to edit a Survey","description":"","id":"survey;verify-whether-user-is-able-to-edit-a-survey","type":"scenario","keyword":"Scenario","steps":[{"result":{"duration":9718533800,"status":"passed"},"line":155,"name":"User Navigates to SmartER Login Pager26","match":{"location":"pearl.SmartER.StepDefinition.SurveyStepDefinition.user_navigates_to_smart_er_login_pager26()"},"keyword":"Given "},{"result":{"duration":15869857600,"status":"passed"},"line":156,"name":"User Enter into the Homepage of the application26","match":{"location":"pearl.SmartER.StepDefinition.SurveyStepDefinition.user_enter_into_the_homepage_of_the_application26()"},"keyword":"When "},{"result":{"error_message":"org.openqa.selenium.StaleElementReferenceException: stale element reference: element is not attached to the page document\n  (Session info: chrome=112.0.5615.49)\nFor documentation on this error, please visit: https://selenium.dev/exceptions/#stale_element_reference\nBuild info: version: '4.3.0', revision: 'a4995e2c09*'\nSystem info: host: 'DESKTOP-3GFC8UC', ip: '192.168.1.62', os.name: 'Windows 10', os.arch: 'amd64', os.version: '10.0', java.version: '17.0.5'\nDriver info: org.openqa.selenium.chrome.ChromeDriver\nCommand: [3fd95c18530fb537f746a0036cdb789e, getElementText {id=0658f723-f5fe-435e-804f-f31b5f5209b8}]\nCapabilities {acceptInsecureCerts: false, browserName: chrome, browserVersion: 112.0.5615.49, chrome: {chromedriverVersion: 112.0.5615.49 (bd2a7bcb881c..., userDataDir: C:\\Users\\PS\\AppData\\Local\\T...}, goog:chromeOptions: {debuggerAddress: localhost:58258}, networkConnectionEnabled: false, pageLoadStrategy: normal, platformName: WINDOWS, proxy: Proxy(), se:cdp: ws://localhost:58258/devtoo..., se:cdpVersion: 112.0.5615.49, setWindowRect: true, strictFileInteractability: false, timeouts: {implicit: 0, pageLoad: 300000, script: 30000}, unhandledPromptBehavior: dismiss and notify, webauthn:extension:credBlob: true, webauthn:extension:largeBlob: true, webauthn:extension:minPinLength: true, webauthn:extension:prf: true, webauthn:virtualAuthenticators: true}\nElement: [[ChromeDriver: chrome on WINDOWS (3fd95c18530fb537f746a0036cdb789e)] -> xpath: (//tr/td)[2]]\nSession ID: 3fd95c18530fb537f746a0036cdb789e\r\n\tat java.base/jdk.internal.reflect.NativeConstructorAccessorImpl.newInstance0(Native Method)\r\n\tat java.base/jdk.internal.reflect.NativeConstructorAccessorImpl.newInstance(NativeConstructorAccessorImpl.java:77)\r\n\tat java.base/jdk.internal.reflect.DelegatingConstructorAccessorImpl.newInstance(DelegatingConstructorAccessorImpl.java:45)\r\n\tat java.base/java.lang.reflect.Constructor.newInstanceWithCaller(Constructor.java:499)\r\n\tat java.base/java.lang.reflect.Constructor.newInstance(Constructor.java:480)\r\n\tat org.openqa.selenium.remote.codec.w3c.W3CHttpResponseCodec.createException(W3CHttpResponseCodec.java:200)\r\n\tat org.openqa.selenium.remote.codec.w3c.W3CHttpResponseCodec.decode(W3CHttpResponseCodec.java:133)\r\n\tat org.openqa.selenium.remote.codec.w3c.W3CHttpResponseCodec.decode(W3CHttpResponseCodec.java:53)\r\n\tat org.openqa.selenium.remote.HttpCommandExecutor.execute(HttpCommandExecutor.java:184)\r\n\tat org.openqa.selenium.remote.service.DriverCommandExecutor.invokeExecute(DriverCommandExecutor.java:167)\r\n\tat org.openqa.selenium.remote.service.DriverCommandExecutor.execute(DriverCommandExecutor.java:142)\r\n\tat org.openqa.selenium.remote.RemoteWebDriver.execute(RemoteWebDriver.java:569)\r\n\tat org.openqa.selenium.remote.RemoteWebElement.execute(RemoteWebElement.java:257)\r\n\tat org.openqa.selenium.remote.RemoteWebElement.getText(RemoteWebElement.java:207)\r\n\tat pearl.SmartER.TestMethods.SurveyPage_TestMethods.verifyEditedSurveyIsDisplayed(SurveyPage_TestMethods.java:1442)\r\n\tat pearl.SmartER.StepDefinition.SurveyStepDefinition.verify_whether_user_is_able_to_edit_a_survey(SurveyStepDefinition.java:810)\r\n\tat ✽.Verify Whether User is able to edit a Survey(file:///C:/Users/PS/Desktop/Projects%20Bdd/SmartContactWebAppBdd/src/test/java/pearl/SmartER/Features/Survey.feature:157)\r\n","duration":57452108700,"status":"failed"},"line":157,"name":"Verify Whether User is able to edit a Survey","match":{"location":"pearl.SmartER.StepDefinition.SurveyStepDefinition.verify_whether_user_is_able_to_edit_a_survey()"},"keyword":"Then "}],"tags":[{"name":"@Test26"}]},{"start_timestamp":"2023-04-13T05:12:55.560Z","line":160,"name":"Verify Whether User is able to delete a Survey","description":"","id":"survey;verify-whether-user-is-able-to-delete-a-survey","type":"scenario","keyword":"Scenario","steps":[{"result":{"duration":122221016600,"status":"passed"},"line":161,"name":"User Navigates to SmartER Login Page27","match":{"location":"pearl.SmartER.StepDefinition.SurveyStepDefinition.user_navigates_to_smart_er_login_page27()"},"keyword":"Given "},{"result":{"duration":15845340700,"status":"passed"},"line":162,"name":"User Enter into the Homepage of the application27","match":{"location":"pearl.SmartER.StepDefinition.SurveyStepDefinition.user_enter_into_the_homepage_of_the_application27()"},"keyword":"When "},{"result":{"duration":41301553200,"status":"passed"},"line":163,"name":"Verify Whether User is able to delete a Survey","match":{"location":"pearl.SmartER.StepDefinition.SurveyStepDefinition.verify_whether_user_is_able_to_delete_a_survey()"},"keyword":"Then "}],"tags":[{"name":"@Test27"}]},{"start_timestamp":"2023-04-13T05:15:54.945Z","line":166,"name":"Verify Whether User is able to enter a setting in the Survey","description":"","id":"survey;verify-whether-user-is-able-to-enter-a-setting-in-the-survey","type":"scenario","keyword":"Scenario","steps":[{"result":{"duration":13425689500,"status":"passed"},"line":167,"name":"User Navigates to SmartER Login Page28","match":{"location":"pearl.SmartER.StepDefinition.SurveyStepDefinition.user_navigates_to_smart_er_login_page28()"},"keyword":"Given "},{"result":{"duration":15711787900,"status":"passed"},"line":168,"name":"User Enter into the Homepage of the application28","match":{"location":"pearl.SmartER.StepDefinition.SurveyStepDefinition.user_enter_into_the_homepage_of_the_application28()"},"keyword":"When "},{"result":{"error_message":"org.openqa.selenium.NoSuchElementException: no such element: Unable to locate element: {\"method\":\"xpath\",\"selector\":\"//a[@title='Settings']/i\"}\n  (Session info: chrome=112.0.5615.49)\nFor documentation on this error, please visit: https://selenium.dev/exceptions/#no_such_element\nBuild info: version: '4.3.0', revision: 'a4995e2c09*'\nSystem info: host: 'DESKTOP-3GFC8UC', ip: '192.168.1.62', os.name: 'Windows 10', os.arch: 'amd64', os.version: '10.0', java.version: '17.0.5'\nDriver info: org.openqa.selenium.chrome.ChromeDriver\nCommand: [73cb54d26200a620aadb0d7e3ba76151, findElement {using=xpath, value=//a[@title='Settings']/i}]\nCapabilities {acceptInsecureCerts: false, browserName: chrome, browserVersion: 112.0.5615.49, chrome: {chromedriverVersion: 112.0.5615.49 (bd2a7bcb881c..., userDataDir: C:\\Users\\PS\\AppData\\Local\\T...}, goog:chromeOptions: {debuggerAddress: localhost:58446}, networkConnectionEnabled: false, pageLoadStrategy: normal, platformName: WINDOWS, proxy: Proxy(), se:cdp: ws://localhost:58446/devtoo..., se:cdpVersion: 112.0.5615.49, setWindowRect: true, strictFileInteractability: false, timeouts: {implicit: 0, pageLoad: 300000, script: 30000}, unhandledPromptBehavior: dismiss and notify, webauthn:extension:credBlob: true, webauthn:extension:largeBlob: true, webauthn:extension:minPinLength: true, webauthn:extension:prf: true, webauthn:virtualAuthenticators: true}\nSession ID: 73cb54d26200a620aadb0d7e3ba76151\r\n\tat java.base/jdk.internal.reflect.NativeConstructorAccessorImpl.newInstance0(Native Method)\r\n\tat java.base/jdk.internal.reflect.NativeConstructorAccessorImpl.newInstance(NativeConstructorAccessorImpl.java:77)\r\n\tat java.base/jdk.internal.reflect.DelegatingConstructorAccessorImpl.newInstance(DelegatingConstructorAccessorImpl.java:45)\r\n\tat java.base/java.lang.reflect.Constructor.newInstanceWithCaller(Constructor.java:499)\r\n\tat java.base/java.lang.reflect.Constructor.newInstance(Constructor.java:480)\r\n\tat org.openqa.selenium.remote.codec.w3c.W3CHttpResponseCodec.createException(W3CHttpResponseCodec.java:200)\r\n\tat org.openqa.selenium.remote.codec.w3c.W3CHttpResponseCodec.decode(W3CHttpResponseCodec.java:133)\r\n\tat org.openqa.selenium.remote.codec.w3c.W3CHttpResponseCodec.decode(W3CHttpResponseCodec.java:53)\r\n\tat org.openqa.selenium.remote.HttpCommandExecutor.execute(HttpCommandExecutor.java:184)\r\n\tat org.openqa.selenium.remote.service.DriverCommandExecutor.invokeExecute(DriverCommandExecutor.java:167)\r\n\tat org.openqa.selenium.remote.service.DriverCommandExecutor.execute(DriverCommandExecutor.java:142)\r\n\tat org.openqa.selenium.remote.RemoteWebDriver.execute(RemoteWebDriver.java:569)\r\n\tat org.openqa.selenium.remote.ElementLocation$ElementFinder$2.findElement(ElementLocation.java:162)\r\n\tat org.openqa.selenium.remote.ElementLocation.findElement(ElementLocation.java:60)\r\n\tat org.openqa.selenium.remote.RemoteWebDriver.findElement(RemoteWebDriver.java:387)\r\n\tat org.openqa.selenium.remote.RemoteWebDriver.findElement(RemoteWebDriver.java:379)\r\n\tat pearl.SmartER.PageObjects.SurveyPage_Objects.clickSetting(SurveyPage_Objects.java:907)\r\n\tat pearl.SmartER.TestMethods.SurveyPage_TestMethods.verifyUserInTheSettingPage(SurveyPage_TestMethods.java:1495)\r\n\tat pearl.SmartER.StepDefinition.SurveyStepDefinition.verify_whether_user_is_able_to_enter_a_setting_in_the_survey(SurveyStepDefinition.java:869)\r\n\tat ✽.Verify Whether User is able to enter a setting in the Survey(file:///C:/Users/PS/Desktop/Projects%20Bdd/SmartContactWebAppBdd/src/test/java/pearl/SmartER/Features/Survey.feature:169)\r\n","duration":44173131500,"status":"failed"},"line":169,"name":"Verify Whether User is able to enter a setting in the Survey","match":{"location":"pearl.SmartER.StepDefinition.SurveyStepDefinition.verify_whether_user_is_able_to_enter_a_setting_in_the_survey()"},"keyword":"Then "}],"tags":[{"name":"@Test28"}]},{"start_timestamp":"2023-04-13T05:17:08.272Z","line":172,"name":"Verify Whether User is able to Edit setting in the Survey","description":"","id":"survey;verify-whether-user-is-able-to-edit-setting-in-the-survey","type":"scenario","keyword":"Scenario","steps":[{"result":{"duration":23533332200,"status":"passed"},"line":173,"name":"User Navigates to SmartER Login Page29","match":{"location":"pearl.SmartER.StepDefinition.SurveyStepDefinition.user_navigates_to_smart_er_login_page29()"},"keyword":"Given "},{"result":{"duration":15747059600,"status":"passed"},"line":174,"name":"User Enter into the Homepage of the application29","match":{"location":"pearl.SmartER.StepDefinition.SurveyStepDefinition.user_enter_into_the_homepage_of_the_application29()"},"keyword":"When "},{"result":{"error_message":"org.openqa.selenium.NoSuchElementException: no such element: Unable to locate element: {\"method\":\"xpath\",\"selector\":\"//a[@title='Settings']/i\"}\n  (Session info: chrome=112.0.5615.49)\nFor documentation on this error, please visit: https://selenium.dev/exceptions/#no_such_element\nBuild info: version: '4.3.0', revision: 'a4995e2c09*'\nSystem info: host: 'DESKTOP-3GFC8UC', ip: '192.168.1.62', os.name: 'Windows 10', os.arch: 'amd64', os.version: '10.0', java.version: '17.0.5'\nDriver info: org.openqa.selenium.chrome.ChromeDriver\nCommand: [15a37bf9fbda3453cc5b0b3cf1abebb9, findElement {using=xpath, value=//a[@title='Settings']/i}]\nCapabilities {acceptInsecureCerts: false, browserName: chrome, browserVersion: 112.0.5615.49, chrome: {chromedriverVersion: 112.0.5615.49 (bd2a7bcb881c..., userDataDir: C:\\Users\\PS\\AppData\\Local\\T...}, goog:chromeOptions: {debuggerAddress: localhost:58497}, networkConnectionEnabled: false, pageLoadStrategy: normal, platformName: WINDOWS, proxy: Proxy(), se:cdp: ws://localhost:58497/devtoo..., se:cdpVersion: 112.0.5615.49, setWindowRect: true, strictFileInteractability: false, timeouts: {implicit: 0, pageLoad: 300000, script: 30000}, unhandledPromptBehavior: dismiss and notify, webauthn:extension:credBlob: true, webauthn:extension:largeBlob: true, webauthn:extension:minPinLength: true, webauthn:extension:prf: true, webauthn:virtualAuthenticators: true}\nSession ID: 15a37bf9fbda3453cc5b0b3cf1abebb9\r\n\tat java.base/jdk.internal.reflect.NativeConstructorAccessorImpl.newInstance0(Native Method)\r\n\tat java.base/jdk.internal.reflect.NativeConstructorAccessorImpl.newInstance(NativeConstructorAccessorImpl.java:77)\r\n\tat java.base/jdk.internal.reflect.DelegatingConstructorAccessorImpl.newInstance(DelegatingConstructorAccessorImpl.java:45)\r\n\tat java.base/java.lang.reflect.Constructor.newInstanceWithCaller(Constructor.java:499)\r\n\tat java.base/java.lang.reflect.Constructor.newInstance(Constructor.java:480)\r\n\tat org.openqa.selenium.remote.codec.w3c.W3CHttpResponseCodec.createException(W3CHttpResponseCodec.java:200)\r\n\tat org.openqa.selenium.remote.codec.w3c.W3CHttpResponseCodec.decode(W3CHttpResponseCodec.java:133)\r\n\tat org.openqa.selenium.remote.codec.w3c.W3CHttpResponseCodec.decode(W3CHttpResponseCodec.java:53)\r\n\tat org.openqa.selenium.remote.HttpCommandExecutor.execute(HttpCommandExecutor.java:184)\r\n\tat org.openqa.selenium.remote.service.DriverCommandExecutor.invokeExecute(DriverCommandExecutor.java:167)\r\n\tat org.openqa.selenium.remote.service.DriverCommandExecutor.execute(DriverCommandExecutor.java:142)\r\n\tat org.openqa.selenium.remote.RemoteWebDriver.execute(RemoteWebDriver.java:569)\r\n\tat org.openqa.selenium.remote.ElementLocation$ElementFinder$2.findElement(ElementLocation.java:162)\r\n\tat org.openqa.selenium.remote.ElementLocation.findElement(ElementLocation.java:60)\r\n\tat org.openqa.selenium.remote.RemoteWebDriver.findElement(RemoteWebDriver.java:387)\r\n\tat org.openqa.selenium.remote.RemoteWebDriver.findElement(RemoteWebDriver.java:379)\r\n\tat pearl.SmartER.PageObjects.SurveyPage_Objects.clickSetting(SurveyPage_Objects.java:907)\r\n\tat pearl.SmartER.TestMethods.SurveyPage_TestMethods.verifySettingSuccessfullyAdded(SurveyPage_TestMethods.java:1527)\r\n\tat pearl.SmartER.StepDefinition.SurveyStepDefinition.verify_whether_user_is_able_to_edit_setting_in_the_survey(SurveyStepDefinition.java:898)\r\n\tat ✽.Verify Whether User is able to Edit setting in the Survey(file:///C:/Users/PS/Desktop/Projects%20Bdd/SmartContactWebAppBdd/src/test/java/pearl/SmartER/Features/Survey.feature:175)\r\n","duration":70704452400,"status":"failed"},"line":175,"name":"Verify Whether User is able to Edit setting in the Survey","match":{"location":"pearl.SmartER.StepDefinition.SurveyStepDefinition.verify_whether_user_is_able_to_edit_setting_in_the_survey()"},"keyword":"Then "}],"tags":[{"name":"@Test29"}]},{"start_timestamp":"2023-04-13T05:18:58.274Z","line":178,"name":"Verify Whether User is able to return a Survey Page","description":"","id":"survey;verify-whether-user-is-able-to-return-a-survey-page","type":"scenario","keyword":"Scenario","steps":[{"result":{"duration":63195782600,"status":"passed"},"line":179,"name":"User Navigates to SmartER Login Page30","match":{"location":"pearl.SmartER.StepDefinition.SurveyStepDefinition.user_navigates_to_smart_er_login_page30()"},"keyword":"Given "},{"result":{"duration":15730231900,"status":"passed"},"line":180,"name":"User Enter into the Homepage of the application30","match":{"location":"pearl.SmartER.StepDefinition.SurveyStepDefinition.user_enter_into_the_homepage_of_the_application30()"},"keyword":"When "},{"result":{"error_message":"org.openqa.selenium.NoSuchElementException: no such element: Unable to locate element: {\"method\":\"xpath\",\"selector\":\"//a[@title='Settings']/i\"}\n  (Session info: chrome=112.0.5615.49)\nFor documentation on this error, please visit: https://selenium.dev/exceptions/#no_such_element\nBuild info: version: '4.3.0', revision: 'a4995e2c09*'\nSystem info: host: 'DESKTOP-3GFC8UC', ip: '192.168.1.62', os.name: 'Windows 10', os.arch: 'amd64', os.version: '10.0', java.version: '17.0.5'\nDriver info: org.openqa.selenium.chrome.ChromeDriver\nCommand: [33619e25f0c04d28f9323d229d6d5460, findElement {using=xpath, value=//a[@title='Settings']/i}]\nCapabilities {acceptInsecureCerts: false, browserName: chrome, browserVersion: 112.0.5615.49, chrome: {chromedriverVersion: 112.0.5615.49 (bd2a7bcb881c..., userDataDir: C:\\Users\\PS\\AppData\\Local\\T...}, goog:chromeOptions: {debuggerAddress: localhost:58573}, networkConnectionEnabled: false, pageLoadStrategy: normal, platformName: WINDOWS, proxy: Proxy(), se:cdp: ws://localhost:58573/devtoo..., se:cdpVersion: 112.0.5615.49, setWindowRect: true, strictFileInteractability: false, timeouts: {implicit: 0, pageLoad: 300000, script: 30000}, unhandledPromptBehavior: dismiss and notify, webauthn:extension:credBlob: true, webauthn:extension:largeBlob: true, webauthn:extension:minPinLength: true, webauthn:extension:prf: true, webauthn:virtualAuthenticators: true}\nSession ID: 33619e25f0c04d28f9323d229d6d5460\r\n\tat java.base/jdk.internal.reflect.NativeConstructorAccessorImpl.newInstance0(Native Method)\r\n\tat java.base/jdk.internal.reflect.NativeConstructorAccessorImpl.newInstance(NativeConstructorAccessorImpl.java:77)\r\n\tat java.base/jdk.internal.reflect.DelegatingConstructorAccessorImpl.newInstance(DelegatingConstructorAccessorImpl.java:45)\r\n\tat java.base/java.lang.reflect.Constructor.newInstanceWithCaller(Constructor.java:499)\r\n\tat java.base/java.lang.reflect.Constructor.newInstance(Constructor.java:480)\r\n\tat org.openqa.selenium.remote.codec.w3c.W3CHttpResponseCodec.createException(W3CHttpResponseCodec.java:200)\r\n\tat org.openqa.selenium.remote.codec.w3c.W3CHttpResponseCodec.decode(W3CHttpResponseCodec.java:133)\r\n\tat org.openqa.selenium.remote.codec.w3c.W3CHttpResponseCodec.decode(W3CHttpResponseCodec.java:53)\r\n\tat org.openqa.selenium.remote.HttpCommandExecutor.execute(HttpCommandExecutor.java:184)\r\n\tat org.openqa.selenium.remote.service.DriverCommandExecutor.invokeExecute(DriverCommandExecutor.java:167)\r\n\tat org.openqa.selenium.remote.service.DriverCommandExecutor.execute(DriverCommandExecutor.java:142)\r\n\tat org.openqa.selenium.remote.RemoteWebDriver.execute(RemoteWebDriver.java:569)\r\n\tat org.openqa.selenium.remote.ElementLocation$ElementFinder$2.findElement(ElementLocation.java:162)\r\n\tat org.openqa.selenium.remote.ElementLocation.findElement(ElementLocation.java:60)\r\n\tat org.openqa.selenium.remote.RemoteWebDriver.findElement(RemoteWebDriver.java:387)\r\n\tat org.openqa.selenium.remote.RemoteWebDriver.findElement(RemoteWebDriver.java:379)\r\n\tat pearl.SmartER.PageObjects.SurveyPage_Objects.clickSetting(SurveyPage_Objects.java:907)\r\n\tat pearl.SmartER.TestMethods.SurveyPage_TestMethods.verifyUserIsAbleToReturnASurveyPage(SurveyPage_TestMethods.java:1565)\r\n\tat pearl.SmartER.StepDefinition.SurveyStepDefinition.verify_whether_user_is_able_to_return_a_survey_page(SurveyStepDefinition.java:927)\r\n\tat ✽.Verify Whether User is able to return a Survey Page(file:///C:/Users/PS/Desktop/Projects%20Bdd/SmartContactWebAppBdd/src/test/java/pearl/SmartER/Features/Survey.feature:181)\r\n","duration":43607568800,"status":"failed"},"line":181,"name":"Verify Whether User is able to return a Survey Page","match":{"location":"pearl.SmartER.StepDefinition.SurveyStepDefinition.verify_whether_user_is_able_to_return_a_survey_page()"},"keyword":"Then "}],"tags":[{"name":"@Test30"}]}],"name":"Survey","description":"","id":"survey","keyword":"Feature","uri":"file:src/test/java/pearl/SmartER/Features/Survey.feature","tags":[]},{"line":1,"elements":[{"start_timestamp":"2023-04-13T05:21:00.824Z","line":4,"name":"Verify user can be created without credentials","description":"","id":"users;verify-user-can-be-created-without-credentials","type":"scenario","keyword":"Scenario","steps":[{"result":{"duration":9330718800,"status":"passed"},"line":5,"name":"Invoking the browser","match":{"location":"pearl.SmartER.StepDefinition.UsersStepDefinition.invoking_The_Browser()"},"keyword":"Given "},{"result":{"duration":26885389700,"status":"passed"},"line":6,"name":"Navigate to Home page","match":{"location":"pearl.SmartER.StepDefinition.UsersStepDefinition.navigate_To_Home_Page()"},"keyword":"When "},{"result":{"error_message":"org.openqa.selenium.NoSuchWindowException: no such window: target window already closed\nfrom unknown error: web view not found\n  (Session info: chrome=112.0.5615.49)\nBuild info: version: '4.3.0', revision: 'a4995e2c09*'\nSystem info: host: 'DESKTOP-3GFC8UC', ip: '192.168.1.62', os.name: 'Windows 10', os.arch: 'amd64', os.version: '10.0', java.version: '17.0.5'\nDriver info: org.openqa.selenium.chrome.ChromeDriver\nCommand: [65b0c88d00eb1441834bbfafe89f1bf2, findElement {using=xpath, value=//button[normalize-space()='Create User']}]\nCapabilities {acceptInsecureCerts: false, browserName: chrome, browserVersion: 112.0.5615.49, chrome: {chromedriverVersion: 112.0.5615.49 (bd2a7bcb881c..., userDataDir: C:\\Users\\PS\\AppData\\Local\\T...}, goog:chromeOptions: {debuggerAddress: localhost:58642}, networkConnectionEnabled: false, pageLoadStrategy: normal, platformName: WINDOWS, proxy: Proxy(), se:cdp: ws://localhost:58642/devtoo..., se:cdpVersion: 112.0.5615.49, setWindowRect: true, strictFileInteractability: false, timeouts: {implicit: 0, pageLoad: 300000, script: 30000}, unhandledPromptBehavior: dismiss and notify, webauthn:extension:credBlob: true, webauthn:extension:largeBlob: true, webauthn:extension:minPinLength: true, webauthn:extension:prf: true, webauthn:virtualAuthenticators: true}\nSession ID: 65b0c88d00eb1441834bbfafe89f1bf2\r\n\tat java.base/jdk.internal.reflect.NativeConstructorAccessorImpl.newInstance0(Native Method)\r\n\tat java.base/jdk.internal.reflect.NativeConstructorAccessorImpl.newInstance(NativeConstructorAccessorImpl.java:77)\r\n\tat java.base/jdk.internal.reflect.DelegatingConstructorAccessorImpl.newInstance(DelegatingConstructorAccessorImpl.java:45)\r\n\tat java.base/java.lang.reflect.Constructor.newInstanceWithCaller(Constructor.java:499)\r\n\tat java.base/java.lang.reflect.Constructor.newInstance(Constructor.java:480)\r\n\tat org.openqa.selenium.remote.codec.w3c.W3CHttpResponseCodec.createException(W3CHttpResponseCodec.java:200)\r\n\tat org.openqa.selenium.remote.codec.w3c.W3CHttpResponseCodec.decode(W3CHttpResponseCodec.java:133)\r\n\tat org.openqa.selenium.remote.codec.w3c.W3CHttpResponseCodec.decode(W3CHttpResponseCodec.java:53)\r\n\tat org.openqa.selenium.remote.HttpCommandExecutor.execute(HttpCommandExecutor.java:184)\r\n\tat org.openqa.selenium.remote.service.DriverCommandExecutor.invokeExecute(DriverCommandExecutor.java:167)\r\n\tat org.openqa.selenium.remote.service.DriverCommandExecutor.execute(DriverCommandExecutor.java:142)\r\n\tat org.openqa.selenium.remote.RemoteWebDriver.execute(RemoteWebDriver.java:569)\r\n\tat org.openqa.selenium.remote.ElementLocation$ElementFinder$2.findElement(ElementLocation.java:162)\r\n\tat org.openqa.selenium.remote.ElementLocation.findElement(ElementLocation.java:60)\r\n\tat org.openqa.selenium.remote.RemoteWebDriver.findElement(RemoteWebDriver.java:387)\r\n\tat org.openqa.selenium.remote.RemoteWebDriver.findElement(RemoteWebDriver.java:379)\r\n\tat pearl.SmartER.PageObjects.UsersPage_Objects.create_User_Btn_Click(UsersPage_Objects.java:190)\r\n\tat pearl.SmartER.TestMethods.UsersPage_TestMethods.verify_User_Creation_Without_Credentials(UsersPage_TestMethods.java:137)\r\n\tat pearl.SmartER.StepDefinition.UsersStepDefinition.verify_User_Can_Be_Created_Without_Credentials(UsersStepDefinition.java:34)\r\n\tat ✽.Verify user can be created without credentials(file:///C:/Users/PS/Desktop/Projects%20Bdd/SmartContactWebAppBdd/src/test/java/pearl/SmartER/Features/Users.feature:7)\r\n","duration":129920700,"status":"failed"},"line":7,"name":"Verify user can be created without credentials","match":{"location":"pearl.SmartER.StepDefinition.UsersStepDefinition.verify_User_Can_Be_Created_Without_Credentials()"},"keyword":"Then "}],"tags":[{"name":"@Test1"}]},{"start_timestamp":"2023-04-13T05:21:37.195Z","line":10,"name":"Verify whether a new user can be created after providing all data","description":"","id":"users;verify-whether-a-new-user-can-be-created-after-providing-all-data","type":"scenario","keyword":"Scenario","steps":[{"result":{"duration":9713367400,"status":"passed"},"line":11,"name":"Invoking browser","match":{"location":"pearl.SmartER.StepDefinition.UsersStepDefinition.invoking_Browser()"},"keyword":"Given "},{"result":{"duration":26376352200,"status":"passed"},"line":12,"name":"Navigate to the Home page","match":{"location":"pearl.SmartER.StepDefinition.UsersStepDefinition.navigate_To_The_Home_Page()"},"keyword":"When "},{"result":{"error_message":"org.openqa.selenium.NoSuchElementException: no such element: Unable to locate element: {\"method\":\"xpath\",\"selector\":\"//ngb-alert[@class='alert alert-success alert-dismissible']\"}\n  (Session info: chrome=112.0.5615.49)\nFor documentation on this error, please visit: https://selenium.dev/exceptions/#no_such_element\nBuild info: version: '4.3.0', revision: 'a4995e2c09*'\nSystem info: host: 'DESKTOP-3GFC8UC', ip: '192.168.1.62', os.name: 'Windows 10', os.arch: 'amd64', os.version: '10.0', java.version: '17.0.5'\nDriver info: org.openqa.selenium.chrome.ChromeDriver\nCommand: [710177909e1ec7cd6ea087204cc05f6d, findElement {using=xpath, value=//ngb-alert[@class='alert alert-success alert-dismissible']}]\nCapabilities {acceptInsecureCerts: false, browserName: chrome, browserVersion: 112.0.5615.49, chrome: {chromedriverVersion: 112.0.5615.49 (bd2a7bcb881c..., userDataDir: C:\\Users\\PS\\AppData\\Local\\T...}, goog:chromeOptions: {debuggerAddress: localhost:58683}, networkConnectionEnabled: false, pageLoadStrategy: normal, platformName: WINDOWS, proxy: Proxy(), se:cdp: ws://localhost:58683/devtoo..., se:cdpVersion: 112.0.5615.49, setWindowRect: true, strictFileInteractability: false, timeouts: {implicit: 0, pageLoad: 300000, script: 30000}, unhandledPromptBehavior: dismiss and notify, webauthn:extension:credBlob: true, webauthn:extension:largeBlob: true, webauthn:extension:minPinLength: true, webauthn:extension:prf: true, webauthn:virtualAuthenticators: true}\nSession ID: 710177909e1ec7cd6ea087204cc05f6d\r\n\tat java.base/jdk.internal.reflect.NativeConstructorAccessorImpl.newInstance0(Native Method)\r\n\tat java.base/jdk.internal.reflect.NativeConstructorAccessorImpl.newInstance(NativeConstructorAccessorImpl.java:77)\r\n\tat java.base/jdk.internal.reflect.DelegatingConstructorAccessorImpl.newInstance(DelegatingConstructorAccessorImpl.java:45)\r\n\tat java.base/java.lang.reflect.Constructor.newInstanceWithCaller(Constructor.java:499)\r\n\tat java.base/java.lang.reflect.Constructor.newInstance(Constructor.java:480)\r\n\tat org.openqa.selenium.remote.codec.w3c.W3CHttpResponseCodec.createException(W3CHttpResponseCodec.java:200)\r\n\tat org.openqa.selenium.remote.codec.w3c.W3CHttpResponseCodec.decode(W3CHttpResponseCodec.java:133)\r\n\tat org.openqa.selenium.remote.codec.w3c.W3CHttpResponseCodec.decode(W3CHttpResponseCodec.java:53)\r\n\tat org.openqa.selenium.remote.HttpCommandExecutor.execute(HttpCommandExecutor.java:184)\r\n\tat org.openqa.selenium.remote.service.DriverCommandExecutor.invokeExecute(DriverCommandExecutor.java:167)\r\n\tat org.openqa.selenium.remote.service.DriverCommandExecutor.execute(DriverCommandExecutor.java:142)\r\n\tat org.openqa.selenium.remote.RemoteWebDriver.execute(RemoteWebDriver.java:569)\r\n\tat org.openqa.selenium.remote.ElementLocation$ElementFinder$2.findElement(ElementLocation.java:162)\r\n\tat org.openqa.selenium.remote.ElementLocation.findElement(ElementLocation.java:60)\r\n\tat org.openqa.selenium.remote.RemoteWebDriver.findElement(RemoteWebDriver.java:387)\r\n\tat org.openqa.selenium.remote.RemoteWebDriver.findElement(RemoteWebDriver.java:379)\r\n\tat pearl.SmartER.PageObjects.UsersPage_Objects.save_Validation_Message_Lbl(UsersPage_Objects.java:311)\r\n\tat pearl.SmartER.TestMethods.UsersPage_TestMethods.verify_User_Creation(UsersPage_TestMethods.java:179)\r\n\tat pearl.SmartER.StepDefinition.UsersStepDefinition.verify_User_Can_Be_Created_After_Providing_All_Data(UsersStepDefinition.java:55)\r\n\tat ✽.Verify user can be created after providing all data(file:///C:/Users/PS/Desktop/Projects%20Bdd/SmartContactWebAppBdd/src/test/java/pearl/SmartER/Features/Users.feature:13)\r\n","duration":45006332700,"status":"failed"},"line":13,"name":"Verify user can be created after providing all data","match":{"location":"pearl.SmartER.StepDefinition.UsersStepDefinition.verify_User_Can_Be_Created_After_Providing_All_Data()"},"keyword":"Then "}],"tags":[{"name":"@Test2"}]},{"start_timestamp":"2023-04-13T05:22:58.308Z","line":16,"name":"Verify if a duplicate user can be created","description":"","id":"users;verify-if-a-duplicate-user-can-be-created","type":"scenario","keyword":"Scenario","steps":[{"result":{"duration":12422002800,"status":"passed"},"line":17,"name":"Invoking webbrowser","match":{"location":"pearl.SmartER.StepDefinition.UsersStepDefinition.invoking_Webbrowser()"},"keyword":"Given "},{"result":{"duration":27819486800,"status":"passed"},"line":18,"name":"Navigate to homepage","match":{"location":"pearl.SmartER.StepDefinition.UsersStepDefinition.navigate_To_Homepage()"},"keyword":"When "},{"result":{"duration":17972269800,"status":"passed"},"line":19,"name":"Verify if a duplicate user can be created","match":{"location":"pearl.SmartER.StepDefinition.UsersStepDefinition.verify_If_A_Duplicate_User_Can_Be_Created()"},"keyword":"Then "}],"tags":[{"name":"@Test3"}]},{"start_timestamp":"2023-04-13T05:23:56.535Z","line":22,"name":"Verify whether new user can be created without giving the username","description":"","id":"users;verify-whether-new-user-can-be-created-without-giving-the-username","type":"scenario","keyword":"Scenario","steps":[{"result":{"duration":8961761600,"status":"passed"},"line":23,"name":"Opening the browser","match":{"location":"pearl.SmartER.StepDefinition.UsersStepDefinition.opening_The_Browser()"},"keyword":"Given "},{"result":{"duration":25555461400,"status":"passed"},"line":24,"name":"Navigating to home page","match":{"location":"pearl.SmartER.StepDefinition.UsersStepDefinition.navigating_To_Home_Page()"},"keyword":"When "},{"result":{"duration":17468475500,"status":"passed"},"line":25,"name":"Verify whether new user can be created without giving the username","match":{"location":"pearl.SmartER.StepDefinition.UsersStepDefinition.verify_Whether_New_User_Can_Be_Created_Without_Giving_The_Username()"},"keyword":"Then "}],"tags":[{"name":"@Test4"}]},{"start_timestamp":"2023-04-13T05:24:48.534Z","line":28,"name":"Verify whether new user can be created without giving the name","description":"","id":"users;verify-whether-new-user-can-be-created-without-giving-the-name","type":"scenario","keyword":"Scenario","steps":[{"result":{"duration":8169405600,"status":"passed"},"line":29,"name":"Opening the web browser","match":{"location":"pearl.SmartER.StepDefinition.UsersStepDefinition.opening_the_web_browser()"},"keyword":"Given "},{"result":{"duration":27021886100,"status":"passed"},"line":30,"name":"Navigating to homepage","match":{"location":"pearl.SmartER.StepDefinition.UsersStepDefinition.navigating_to_homepage()"},"keyword":"When "},{"result":{"duration":17770427800,"status":"passed"},"line":31,"name":"Verify whether new user can be created without giving the name","match":{"location":"pearl.SmartER.StepDefinition.UsersStepDefinition.verify_whether_new_user_can_be_created_without_giving_the_name()"},"keyword":"Then "}],"tags":[{"name":"@Test5"}]},{"start_timestamp":"2023-04-13T05:25:41.508Z","line":34,"name":"Verify whether new user can be created without giving the title","description":"","id":"users;verify-whether-new-user-can-be-created-without-giving-the-title","type":"scenario","keyword":"Scenario","steps":[{"result":{"duration":9224694400,"status":"passed"},"line":35,"name":"Opening the webbrowser","match":{"location":"pearl.SmartER.StepDefinition.UsersStepDefinition.opening_the_webbrowser()"},"keyword":"Given "},{"result":{"duration":25171277000,"status":"passed"},"line":36,"name":"Navigating to the homepage","match":{"location":"pearl.SmartER.StepDefinition.UsersStepDefinition.navigating_to_the_homepage()"},"keyword":"When "},{"result":{"duration":17955970700,"status":"passed"},"line":37,"name":"Verify whether new user can be created without giving the title","match":{"location":"pearl.SmartER.StepDefinition.UsersStepDefinition.verify_whether_new_user_can_be_created_without_giving_the_title()"},"keyword":"Then "}],"tags":[{"name":"@Test6"}]},{"start_timestamp":"2023-04-13T05:26:33.875Z","line":40,"name":"Verify whether new user can be created without giving the email","description":"","id":"users;verify-whether-new-user-can-be-created-without-giving-the-email","type":"scenario","keyword":"Scenario","steps":[{"result":{"duration":7678762100,"status":"passed"},"line":41,"name":"Open the webbrowser","match":{"location":"pearl.SmartER.StepDefinition.UsersStepDefinition.open_the_webbrowser()"},"keyword":"Given "},{"result":{"duration":24429354700,"status":"passed"},"line":42,"name":"Navigating to the home page","match":{"location":"pearl.SmartER.StepDefinition.UsersStepDefinition.navigating_to_the_home_page()"},"keyword":"When "},{"result":{"duration":17495050100,"status":"passed"},"line":43,"name":"Verify whether new user can be created without giving the email","match":{"location":"pearl.SmartER.StepDefinition.UsersStepDefinition.verify_whether_new_user_can_be_created_without_giving_the_email()"},"keyword":"Then "}],"tags":[{"name":"@Test7"}]},{"start_timestamp":"2023-04-13T05:27:23.498Z","line":46,"name":"Verify whether new user can be created without giving the phone number","description":"","id":"users;verify-whether-new-user-can-be-created-without-giving-the-phone-number","type":"scenario","keyword":"Scenario","steps":[{"result":{"duration":8458531700,"status":"passed"},"line":47,"name":"Load the browser","match":{"location":"pearl.SmartER.StepDefinition.UsersStepDefinition.load_the_browser()"},"keyword":"Given "},{"result":{"duration":26929152600,"status":"passed"},"line":48,"name":"Go to home page","match":{"location":"pearl.SmartER.StepDefinition.UsersStepDefinition.go_to_home_page()"},"keyword":"When "},{"result":{"duration":18031940600,"status":"passed"},"line":49,"name":"Verify whether new user can be created without giving the phone number","match":{"location":"pearl.SmartER.StepDefinition.UsersStepDefinition.verify_whether_new_user_can_be_created_without_giving_the_phone_number()"},"keyword":"Then "}],"tags":[{"name":"@Test8"}]},{"start_timestamp":"2023-04-13T05:28:16.928Z","line":52,"name":"Verify whether new user can be created without giving the role","description":"","id":"users;verify-whether-new-user-can-be-created-without-giving-the-role","type":"scenario","keyword":"Scenario","steps":[{"result":{"duration":9164556900,"status":"passed"},"line":53,"name":"Load browser","match":{"location":"pearl.SmartER.StepDefinition.UsersStepDefinition.load_browser()"},"keyword":"Given "},{"result":{"duration":24411982300,"status":"passed"},"line":54,"name":"Go to homepage","match":{"location":"pearl.SmartER.StepDefinition.UsersStepDefinition.go_to_homepage()"},"keyword":"When "},{"result":{"duration":19127544400,"status":"passed"},"line":55,"name":"Verify whether new user can be created without giving the role","match":{"location":"pearl.SmartER.StepDefinition.UsersStepDefinition.verify_whether_new_user_can_be_created_without_giving_the_role()"},"keyword":"Then "}],"tags":[{"name":"@Test9"}]},{"start_timestamp":"2023-04-13T05:29:09.644Z","line":58,"name":"Verify whether new user can be created without giving the level","description":"","id":"users;verify-whether-new-user-can-be-created-without-giving-the-level","type":"scenario","keyword":"Scenario","steps":[{"result":{"duration":12836379200,"status":"passed"},"line":59,"name":"Load the web browser","match":{"location":"pearl.SmartER.StepDefinition.UsersStepDefinition.load_the_web_browser()"},"keyword":"Given "},{"result":{"duration":25101271100,"status":"passed"},"line":60,"name":"Go to the home page","match":{"location":"pearl.SmartER.StepDefinition.UsersStepDefinition.go_to_the_home_page()"},"keyword":"When "},{"result":{"error_message":"org.openqa.selenium.NoSuchElementException: no such element: Unable to locate element: {\"method\":\"xpath\",\"selector\":\"//font[normalize-space()='Level required']\"}\n  (Session info: chrome=112.0.5615.49)\nFor documentation on this error, please visit: https://selenium.dev/exceptions/#no_such_element\nBuild info: version: '4.3.0', revision: 'a4995e2c09*'\nSystem info: host: 'DESKTOP-3GFC8UC', ip: '192.168.1.62', os.name: 'Windows 10', os.arch: 'amd64', os.version: '10.0', java.version: '17.0.5'\nDriver info: org.openqa.selenium.chrome.ChromeDriver\nCommand: [113055f0bfb957759e0b54fd645a83e6, findElement {using=xpath, value=//font[normalize-space()='Level required']}]\nCapabilities {acceptInsecureCerts: false, browserName: chrome, browserVersion: 112.0.5615.49, chrome: {chromedriverVersion: 112.0.5615.49 (bd2a7bcb881c..., userDataDir: C:\\Users\\PS\\AppData\\Local\\T...}, goog:chromeOptions: {debuggerAddress: localhost:59062}, networkConnectionEnabled: false, pageLoadStrategy: normal, platformName: WINDOWS, proxy: Proxy(), se:cdp: ws://localhost:59062/devtoo..., se:cdpVersion: 112.0.5615.49, setWindowRect: true, strictFileInteractability: false, timeouts: {implicit: 0, pageLoad: 300000, script: 30000}, unhandledPromptBehavior: dismiss and notify, webauthn:extension:credBlob: true, webauthn:extension:largeBlob: true, webauthn:extension:minPinLength: true, webauthn:extension:prf: true, webauthn:virtualAuthenticators: true}\nSession ID: 113055f0bfb957759e0b54fd645a83e6\r\n\tat java.base/jdk.internal.reflect.NativeConstructorAccessorImpl.newInstance0(Native Method)\r\n\tat java.base/jdk.internal.reflect.NativeConstructorAccessorImpl.newInstance(NativeConstructorAccessorImpl.java:77)\r\n\tat java.base/jdk.internal.reflect.DelegatingConstructorAccessorImpl.newInstance(DelegatingConstructorAccessorImpl.java:45)\r\n\tat java.base/java.lang.reflect.Constructor.newInstanceWithCaller(Constructor.java:499)\r\n\tat java.base/java.lang.reflect.Constructor.newInstance(Constructor.java:480)\r\n\tat org.openqa.selenium.remote.codec.w3c.W3CHttpResponseCodec.createException(W3CHttpResponseCodec.java:200)\r\n\tat org.openqa.selenium.remote.codec.w3c.W3CHttpResponseCodec.decode(W3CHttpResponseCodec.java:133)\r\n\tat org.openqa.selenium.remote.codec.w3c.W3CHttpResponseCodec.decode(W3CHttpResponseCodec.java:53)\r\n\tat org.openqa.selenium.remote.HttpCommandExecutor.execute(HttpCommandExecutor.java:184)\r\n\tat org.openqa.selenium.remote.service.DriverCommandExecutor.invokeExecute(DriverCommandExecutor.java:167)\r\n\tat org.openqa.selenium.remote.service.DriverCommandExecutor.execute(DriverCommandExecutor.java:142)\r\n\tat org.openqa.selenium.remote.RemoteWebDriver.execute(RemoteWebDriver.java:569)\r\n\tat org.openqa.selenium.remote.ElementLocation$ElementFinder$2.findElement(ElementLocation.java:162)\r\n\tat org.openqa.selenium.remote.ElementLocation.findElement(ElementLocation.java:60)\r\n\tat org.openqa.selenium.remote.RemoteWebDriver.findElement(RemoteWebDriver.java:387)\r\n\tat org.openqa.selenium.remote.RemoteWebDriver.findElement(RemoteWebDriver.java:379)\r\n\tat pearl.SmartER.PageObjects.UsersPage_Objects.level_Validation_Message_Lbl(UsersPage_Objects.java:305)\r\n\tat pearl.SmartER.TestMethods.UsersPage_TestMethods.create_New_User_Without_Level(UsersPage_TestMethods.java:420)\r\n\tat pearl.SmartER.StepDefinition.UsersStepDefinition.verify_whether_new_user_can_be_created_without_giving_the_level(UsersStepDefinition.java:224)\r\n\tat ✽.Verify whether new user can be created without giving the level(file:///C:/Users/PS/Desktop/Projects%20Bdd/SmartContactWebAppBdd/src/test/java/pearl/SmartER/Features/Users.feature:61)\r\n","duration":43914384000,"status":"failed"},"line":61,"name":"Verify whether new user can be created without giving the level","match":{"location":"pearl.SmartER.StepDefinition.UsersStepDefinition.verify_whether_new_user_can_be_created_without_giving_the_level()"},"keyword":"Then "}],"tags":[{"name":"@Test10"}]},{"start_timestamp":"2023-04-13T05:30:31.515Z","line":64,"name":"Verify Users button is enabled","description":"","id":"users;verify-users-button-is-enabled","type":"scenario","keyword":"Scenario","steps":[{"result":{"duration":10575450200,"status":"passed"},"line":65,"name":"Load web browser","match":{"location":"pearl.SmartER.StepDefinition.UsersStepDefinition.load_web_browser()"},"keyword":"Given "},{"result":{"duration":14337289200,"status":"passed"},"line":66,"name":"Load the home page","match":{"location":"pearl.SmartER.StepDefinition.UsersStepDefinition.load_the_home_page()"},"keyword":"When "},{"result":{"duration":10246739600,"status":"passed"},"line":67,"name":"Verify whether Users button is enabled","match":{"location":"pearl.SmartER.StepDefinition.UsersStepDefinition.verify_whether_users_button_is_enabled()"},"keyword":"Then "}],"tags":[{"name":"@Test11"}]},{"start_timestamp":"2023-04-13T05:31:06.687Z","line":70,"name":"Verify whether an existing user data can be edited","description":"","id":"users;verify-whether-an-existing-user-data-can-be-edited","type":"scenario","keyword":"Scenario","steps":[{"result":{"duration":9792480000,"status":"passed"},"line":71,"name":"Load the webbrowser","match":{"location":"pearl.SmartER.StepDefinition.UsersStepDefinition.load_the_webbrowser()"},"keyword":"Given "},{"result":{"duration":14397299200,"status":"passed"},"line":72,"name":"Navigate to home page","match":{"location":"pearl.SmartER.StepDefinition.UsersStepDefinition.navigate_to_home_page()"},"keyword":"When "},{"result":{"error_message":"org.openqa.selenium.NoSuchElementException: no such element: Unable to locate element: {\"method\":\"xpath\",\"selector\":\"//tbody/tr[1]/td[8]/a[1]/i[1]\"}\n  (Session info: chrome=112.0.5615.49)\nFor documentation on this error, please visit: https://selenium.dev/exceptions/#no_such_element\nBuild info: version: '4.3.0', revision: 'a4995e2c09*'\nSystem info: host: 'DESKTOP-3GFC8UC', ip: '192.168.1.62', os.name: 'Windows 10', os.arch: 'amd64', os.version: '10.0', java.version: '17.0.5'\nDriver info: org.openqa.selenium.chrome.ChromeDriver\nCommand: [1f50efcdcebc1e4c2cb073a49b11bb3b, findElement {using=xpath, value=//tbody/tr[1]/td[8]/a[1]/i[1]}]\nCapabilities {acceptInsecureCerts: false, browserName: chrome, browserVersion: 112.0.5615.49, chrome: {chromedriverVersion: 112.0.5615.49 (bd2a7bcb881c..., userDataDir: C:\\Users\\PS\\AppData\\Local\\T...}, goog:chromeOptions: {debuggerAddress: localhost:59154}, networkConnectionEnabled: false, pageLoadStrategy: normal, platformName: WINDOWS, proxy: Proxy(), se:cdp: ws://localhost:59154/devtoo..., se:cdpVersion: 112.0.5615.49, setWindowRect: true, strictFileInteractability: false, timeouts: {implicit: 0, pageLoad: 300000, script: 30000}, unhandledPromptBehavior: dismiss and notify, webauthn:extension:credBlob: true, webauthn:extension:largeBlob: true, webauthn:extension:minPinLength: true, webauthn:extension:prf: true, webauthn:virtualAuthenticators: true}\nSession ID: 1f50efcdcebc1e4c2cb073a49b11bb3b\r\n\tat java.base/jdk.internal.reflect.NativeConstructorAccessorImpl.newInstance0(Native Method)\r\n\tat java.base/jdk.internal.reflect.NativeConstructorAccessorImpl.newInstance(NativeConstructorAccessorImpl.java:77)\r\n\tat java.base/jdk.internal.reflect.DelegatingConstructorAccessorImpl.newInstance(DelegatingConstructorAccessorImpl.java:45)\r\n\tat java.base/java.lang.reflect.Constructor.newInstanceWithCaller(Constructor.java:499)\r\n\tat java.base/java.lang.reflect.Constructor.newInstance(Constructor.java:480)\r\n\tat org.openqa.selenium.remote.codec.w3c.W3CHttpResponseCodec.createException(W3CHttpResponseCodec.java:200)\r\n\tat org.openqa.selenium.remote.codec.w3c.W3CHttpResponseCodec.decode(W3CHttpResponseCodec.java:133)\r\n\tat org.openqa.selenium.remote.codec.w3c.W3CHttpResponseCodec.decode(W3CHttpResponseCodec.java:53)\r\n\tat org.openqa.selenium.remote.HttpCommandExecutor.execute(HttpCommandExecutor.java:184)\r\n\tat org.openqa.selenium.remote.service.DriverCommandExecutor.invokeExecute(DriverCommandExecutor.java:167)\r\n\tat org.openqa.selenium.remote.service.DriverCommandExecutor.execute(DriverCommandExecutor.java:142)\r\n\tat org.openqa.selenium.remote.RemoteWebDriver.execute(RemoteWebDriver.java:569)\r\n\tat org.openqa.selenium.remote.ElementLocation$ElementFinder$2.findElement(ElementLocation.java:162)\r\n\tat org.openqa.selenium.remote.ElementLocation.findElement(ElementLocation.java:60)\r\n\tat org.openqa.selenium.remote.RemoteWebDriver.findElement(RemoteWebDriver.java:387)\r\n\tat org.openqa.selenium.remote.RemoteWebDriver.findElement(RemoteWebDriver.java:379)\r\n\tat pearl.SmartER.PageObjects.UsersPage_Objects.edit_Btn_Click(UsersPage_Objects.java:328)\r\n\tat pearl.SmartER.TestMethods.UsersPage_TestMethods.edit_Existing_User(UsersPage_TestMethods.java:442)\r\n\tat pearl.SmartER.StepDefinition.UsersStepDefinition.verify_whether_an_existing_user_data_can_be_edited(UsersStepDefinition.java:267)\r\n\tat ✽.Verify whether an existing user data can be edited(file:///C:/Users/PS/Desktop/Projects%20Bdd/SmartContactWebAppBdd/src/test/java/pearl/SmartER/Features/Users.feature:73)\r\n","duration":67380395500,"status":"failed"},"line":73,"name":"Verify whether an existing user data can be edited","match":{"location":"pearl.SmartER.StepDefinition.UsersStepDefinition.verify_whether_an_existing_user_data_can_be_edited()"},"keyword":"Then "}],"tags":[{"name":"@Test12"}]},{"start_timestamp":"2023-04-13T05:32:38.286Z","line":76,"name":"Verify whether an edited entry is saved successfully","description":"","id":"users;verify-whether-an-edited-entry-is-saved-successfully","type":"scenario","keyword":"Scenario","steps":[{"result":{"duration":8910095100,"status":"passed"},"line":77,"name":"Loads the browser","match":{"location":"pearl.SmartER.StepDefinition.UsersStepDefinition.loads_the_browser()"},"keyword":"Given "},{"result":{"duration":15083187400,"status":"passed"},"line":78,"name":"Navigate to the home page","match":{"location":"pearl.SmartER.StepDefinition.UsersStepDefinition.navigate_to_the_home_page()"},"keyword":"When "},{"result":{"error_message":"org.openqa.selenium.NoSuchElementException: no such element: Unable to locate element: {\"method\":\"css selector\",\"selector\":\"tbody tr td:nth-child(1)\"}\n  (Session info: chrome=112.0.5615.49)\nFor documentation on this error, please visit: https://selenium.dev/exceptions/#no_such_element\nBuild info: version: '4.3.0', revision: 'a4995e2c09*'\nSystem info: host: 'DESKTOP-3GFC8UC', ip: '192.168.1.62', os.name: 'Windows 10', os.arch: 'amd64', os.version: '10.0', java.version: '17.0.5'\nDriver info: org.openqa.selenium.chrome.ChromeDriver\nCommand: [577d929e7b226e70213d33287c890653, findElement {using=css selector, value=tbody tr td:nth-child(1)}]\nCapabilities {acceptInsecureCerts: false, browserName: chrome, browserVersion: 112.0.5615.49, chrome: {chromedriverVersion: 112.0.5615.49 (bd2a7bcb881c..., userDataDir: C:\\Users\\PS\\AppData\\Local\\T...}, goog:chromeOptions: {debuggerAddress: localhost:59192}, networkConnectionEnabled: false, pageLoadStrategy: normal, platformName: WINDOWS, proxy: Proxy(), se:cdp: ws://localhost:59192/devtoo..., se:cdpVersion: 112.0.5615.49, setWindowRect: true, strictFileInteractability: false, timeouts: {implicit: 0, pageLoad: 300000, script: 30000}, unhandledPromptBehavior: dismiss and notify, webauthn:extension:credBlob: true, webauthn:extension:largeBlob: true, webauthn:extension:minPinLength: true, webauthn:extension:prf: true, webauthn:virtualAuthenticators: true}\nSession ID: 577d929e7b226e70213d33287c890653\r\n\tat java.base/jdk.internal.reflect.NativeConstructorAccessorImpl.newInstance0(Native Method)\r\n\tat java.base/jdk.internal.reflect.NativeConstructorAccessorImpl.newInstance(NativeConstructorAccessorImpl.java:77)\r\n\tat java.base/jdk.internal.reflect.DelegatingConstructorAccessorImpl.newInstance(DelegatingConstructorAccessorImpl.java:45)\r\n\tat java.base/java.lang.reflect.Constructor.newInstanceWithCaller(Constructor.java:499)\r\n\tat java.base/java.lang.reflect.Constructor.newInstance(Constructor.java:480)\r\n\tat org.openqa.selenium.remote.codec.w3c.W3CHttpResponseCodec.createException(W3CHttpResponseCodec.java:200)\r\n\tat org.openqa.selenium.remote.codec.w3c.W3CHttpResponseCodec.decode(W3CHttpResponseCodec.java:133)\r\n\tat org.openqa.selenium.remote.codec.w3c.W3CHttpResponseCodec.decode(W3CHttpResponseCodec.java:53)\r\n\tat org.openqa.selenium.remote.HttpCommandExecutor.execute(HttpCommandExecutor.java:184)\r\n\tat org.openqa.selenium.remote.service.DriverCommandExecutor.invokeExecute(DriverCommandExecutor.java:167)\r\n\tat org.openqa.selenium.remote.service.DriverCommandExecutor.execute(DriverCommandExecutor.java:142)\r\n\tat org.openqa.selenium.remote.RemoteWebDriver.execute(RemoteWebDriver.java:569)\r\n\tat org.openqa.selenium.remote.ElementLocation$ElementFinder$2.findElement(ElementLocation.java:162)\r\n\tat org.openqa.selenium.remote.ElementLocation.findElement(ElementLocation.java:60)\r\n\tat org.openqa.selenium.remote.RemoteWebDriver.findElement(RemoteWebDriver.java:387)\r\n\tat org.openqa.selenium.remote.RemoteWebDriver.findElement(RemoteWebDriver.java:379)\r\n\tat pearl.SmartER.PageObjects.UsersPage_Objects.search_Result_Username_Txt(UsersPage_Objects.java:361)\r\n\tat pearl.SmartER.TestMethods.UsersPage_TestMethods.check_Edited_Entry(UsersPage_TestMethods.java:464)\r\n\tat pearl.SmartER.StepDefinition.UsersStepDefinition.verify_whether_an_edited_entry_is_saved_successfully(UsersStepDefinition.java:289)\r\n\tat ✽.Verify whether an edited entry is saved successfully(file:///C:/Users/PS/Desktop/Projects%20Bdd/SmartContactWebAppBdd/src/test/java/pearl/SmartER/Features/Users.feature:79)\r\n","duration":68317019200,"status":"failed"},"line":79,"name":"Verify whether an edited entry is saved successfully","match":{"location":"pearl.SmartER.StepDefinition.UsersStepDefinition.verify_whether_an_edited_entry_is_saved_successfully()"},"keyword":"Then "}],"tags":[{"name":"@Test13"}]},{"start_timestamp":"2023-04-13T05:34:10.624Z","line":82,"name":"Verify whether a confirmation window comes upon clicking the delete button","description":"","id":"users;verify-whether-a-confirmation-window-comes-upon-clicking-the-delete-button","type":"scenario","keyword":"Scenario","steps":[{"result":{"duration":9790145300,"status":"passed"},"line":83,"name":"Loads the web browser","match":{"location":"pearl.SmartER.StepDefinition.UsersStepDefinition.loads_the_web_browser()"},"keyword":"Given "},{"result":{"duration":14371177200,"status":"passed"},"line":84,"name":"Navigate to the homepage","match":{"location":"pearl.SmartER.StepDefinition.UsersStepDefinition.navigate_to_the_homepage()"},"keyword":"When "},{"result":{"error_message":"org.openqa.selenium.NoSuchElementException: no such element: Unable to locate element: {\"method\":\"xpath\",\"selector\":\"//body[1]/div[1]/app-root[1]/app-main[1]/div[1]/div[1]/app-content[1]/app-users[1]/div[3]/div[1]/div[1]/div[1]/div[1]/div[1]/div[3]/table[1]/tbody[1]/tr[1]/td[8]/a[2]/i[1]\"}\n  (Session info: chrome=112.0.5615.49)\nFor documentation on this error, please visit: https://selenium.dev/exceptions/#no_such_element\nBuild info: version: '4.3.0', revision: 'a4995e2c09*'\nSystem info: host: 'DESKTOP-3GFC8UC', ip: '192.168.1.62', os.name: 'Windows 10', os.arch: 'amd64', os.version: '10.0', java.version: '17.0.5'\nDriver info: org.openqa.selenium.chrome.ChromeDriver\nCommand: [63b3360817f18f9170af2b1a89db9086, findElement {using=xpath, value=//body[1]/div[1]/app-root[1]/app-main[1]/div[1]/div[1]/app-content[1]/app-users[1]/div[3]/div[1]/div[1]/div[1]/div[1]/div[1]/div[3]/table[1]/tbody[1]/tr[1]/td[8]/a[2]/i[1]}]\nCapabilities {acceptInsecureCerts: false, browserName: chrome, browserVersion: 112.0.5615.49, chrome: {chromedriverVersion: 112.0.5615.49 (bd2a7bcb881c..., userDataDir: C:\\Users\\PS\\AppData\\Local\\T...}, goog:chromeOptions: {debuggerAddress: localhost:59233}, networkConnectionEnabled: false, pageLoadStrategy: normal, platformName: WINDOWS, proxy: Proxy(), se:cdp: ws://localhost:59233/devtoo..., se:cdpVersion: 112.0.5615.49, setWindowRect: true, strictFileInteractability: false, timeouts: {implicit: 0, pageLoad: 300000, script: 30000}, unhandledPromptBehavior: dismiss and notify, webauthn:extension:credBlob: true, webauthn:extension:largeBlob: true, webauthn:extension:minPinLength: true, webauthn:extension:prf: true, webauthn:virtualAuthenticators: true}\nSession ID: 63b3360817f18f9170af2b1a89db9086\r\n\tat java.base/jdk.internal.reflect.NativeConstructorAccessorImpl.newInstance0(Native Method)\r\n\tat java.base/jdk.internal.reflect.NativeConstructorAccessorImpl.newInstance(NativeConstructorAccessorImpl.java:77)\r\n\tat java.base/jdk.internal.reflect.DelegatingConstructorAccessorImpl.newInstance(DelegatingConstructorAccessorImpl.java:45)\r\n\tat java.base/java.lang.reflect.Constructor.newInstanceWithCaller(Constructor.java:499)\r\n\tat java.base/java.lang.reflect.Constructor.newInstance(Constructor.java:480)\r\n\tat org.openqa.selenium.remote.codec.w3c.W3CHttpResponseCodec.createException(W3CHttpResponseCodec.java:200)\r\n\tat org.openqa.selenium.remote.codec.w3c.W3CHttpResponseCodec.decode(W3CHttpResponseCodec.java:133)\r\n\tat org.openqa.selenium.remote.codec.w3c.W3CHttpResponseCodec.decode(W3CHttpResponseCodec.java:53)\r\n\tat org.openqa.selenium.remote.HttpCommandExecutor.execute(HttpCommandExecutor.java:184)\r\n\tat org.openqa.selenium.remote.service.DriverCommandExecutor.invokeExecute(DriverCommandExecutor.java:167)\r\n\tat org.openqa.selenium.remote.service.DriverCommandExecutor.execute(DriverCommandExecutor.java:142)\r\n\tat org.openqa.selenium.remote.RemoteWebDriver.execute(RemoteWebDriver.java:569)\r\n\tat org.openqa.selenium.remote.ElementLocation$ElementFinder$2.findElement(ElementLocation.java:162)\r\n\tat org.openqa.selenium.remote.ElementLocation.findElement(ElementLocation.java:60)\r\n\tat org.openqa.selenium.remote.RemoteWebDriver.findElement(RemoteWebDriver.java:387)\r\n\tat org.openqa.selenium.remote.RemoteWebDriver.findElement(RemoteWebDriver.java:379)\r\n\tat pearl.SmartER.PageObjects.UsersPage_Objects.delete_Btn_Click(UsersPage_Objects.java:367)\r\n\tat pearl.SmartER.TestMethods.UsersPage_TestMethods.delete_Confirmation_Window(UsersPage_TestMethods.java:482)\r\n\tat pearl.SmartER.StepDefinition.UsersStepDefinition.verify_whether_a_confirmation_window_comes_upon_clicking_the_delete_button(UsersStepDefinition.java:310)\r\n\tat ✽.Verify whether a confirmation window comes upon clicking the delete button(file:///C:/Users/PS/Desktop/Projects%20Bdd/SmartContactWebAppBdd/src/test/java/pearl/SmartER/Features/Users.feature:85)\r\n","duration":61913936700,"status":"failed"},"line":85,"name":"Verify whether a confirmation window comes upon clicking the delete button","match":{"location":"pearl.SmartER.StepDefinition.UsersStepDefinition.verify_whether_a_confirmation_window_comes_upon_clicking_the_delete_button()"},"keyword":"Then "}],"tags":[{"name":"@Test14"}]},{"start_timestamp":"2023-04-13T05:35:36.729Z","line":88,"name":"Verify whether an entry can be deleted","description":"","id":"users;verify-whether-an-entry-can-be-deleted","type":"scenario","keyword":"Scenario","steps":[{"result":{"duration":11440023300,"status":"passed"},"line":89,"name":"Loads the webbrowser","match":{"location":"pearl.SmartER.StepDefinition.UsersStepDefinition.loads_the_webbrowser()"},"keyword":"Given "},{"result":{"duration":15646656800,"status":"passed"},"line":90,"name":"Navigates to homepage","match":{"location":"pearl.SmartER.StepDefinition.UsersStepDefinition.navigates_to_homepage()"},"keyword":"When "},{"result":{"error_message":"org.openqa.selenium.WebDriverException: disconnected: received Inspector.detached event\n  (failed to check if window was closed: disconnected: Unable to receive message from renderer)\n  (Session info: chrome=112.0.5615.49)\nBuild info: version: '4.3.0', revision: 'a4995e2c09*'\nSystem info: host: 'DESKTOP-3GFC8UC', ip: '192.168.1.62', os.name: 'Windows 10', os.arch: 'amd64', os.version: '10.0', java.version: '17.0.5'\nDriver info: org.openqa.selenium.chrome.ChromeDriver\nCommand: [4d058afcc7df0cab40c78a4f73459d08, findElement {using=xpath, value=//body[1]/div[1]/app-root[1]/app-main[1]/div[1]/div[1]/app-content[1]/app-users[1]/div[3]/div[1]/div[1]/div[1]/div[1]/div[1]/div[3]/table[1]/tbody[1]/tr[1]/td[8]/a[2]/i[1]}]\nCapabilities {acceptInsecureCerts: false, browserName: chrome, browserVersion: 112.0.5615.49, chrome: {chromedriverVersion: 112.0.5615.49 (bd2a7bcb881c..., userDataDir: C:\\Users\\PS\\AppData\\Local\\T...}, goog:chromeOptions: {debuggerAddress: localhost:59275}, networkConnectionEnabled: false, pageLoadStrategy: normal, platformName: WINDOWS, proxy: Proxy(), se:cdp: ws://localhost:59275/devtoo..., se:cdpVersion: 112.0.5615.49, setWindowRect: true, strictFileInteractability: false, timeouts: {implicit: 0, pageLoad: 300000, script: 30000}, unhandledPromptBehavior: dismiss and notify, webauthn:extension:credBlob: true, webauthn:extension:largeBlob: true, webauthn:extension:minPinLength: true, webauthn:extension:prf: true, webauthn:virtualAuthenticators: true}\nSession ID: 4d058afcc7df0cab40c78a4f73459d08\r\n\tat java.base/jdk.internal.reflect.NativeConstructorAccessorImpl.newInstance0(Native Method)\r\n\tat java.base/jdk.internal.reflect.NativeConstructorAccessorImpl.newInstance(NativeConstructorAccessorImpl.java:77)\r\n\tat java.base/jdk.internal.reflect.DelegatingConstructorAccessorImpl.newInstance(DelegatingConstructorAccessorImpl.java:45)\r\n\tat java.base/java.lang.reflect.Constructor.newInstanceWithCaller(Constructor.java:499)\r\n\tat java.base/java.lang.reflect.Constructor.newInstance(Constructor.java:480)\r\n\tat org.openqa.selenium.remote.codec.w3c.W3CHttpResponseCodec.createException(W3CHttpResponseCodec.java:200)\r\n\tat org.openqa.selenium.remote.codec.w3c.W3CHttpResponseCodec.decode(W3CHttpResponseCodec.java:133)\r\n\tat org.openqa.selenium.remote.codec.w3c.W3CHttpResponseCodec.decode(W3CHttpResponseCodec.java:53)\r\n\tat org.openqa.selenium.remote.HttpCommandExecutor.execute(HttpCommandExecutor.java:184)\r\n\tat org.openqa.selenium.remote.service.DriverCommandExecutor.invokeExecute(DriverCommandExecutor.java:167)\r\n\tat org.openqa.selenium.remote.service.DriverCommandExecutor.execute(DriverCommandExecutor.java:142)\r\n\tat org.openqa.selenium.remote.RemoteWebDriver.execute(RemoteWebDriver.java:569)\r\n\tat org.openqa.selenium.remote.ElementLocation$ElementFinder$2.findElement(ElementLocation.java:162)\r\n\tat org.openqa.selenium.remote.ElementLocation.findElement(ElementLocation.java:60)\r\n\tat org.openqa.selenium.remote.RemoteWebDriver.findElement(RemoteWebDriver.java:387)\r\n\tat org.openqa.selenium.remote.RemoteWebDriver.findElement(RemoteWebDriver.java:379)\r\n\tat pearl.SmartER.PageObjects.UsersPage_Objects.delete_Btn_Click(UsersPage_Objects.java:367)\r\n\tat pearl.SmartER.TestMethods.UsersPage_TestMethods.delete_User(UsersPage_TestMethods.java:499)\r\n\tat pearl.SmartER.StepDefinition.UsersStepDefinition.verify_whether_an_entry_can_be_deleted(UsersStepDefinition.java:331)\r\n\tat ✽.Verify whether an entry can be deleted(file:///C:/Users/PS/Desktop/Projects%20Bdd/SmartContactWebAppBdd/src/test/java/pearl/SmartER/Features/Users.feature:91)\r\n","duration":22423823000,"status":"failed"},"line":91,"name":"Verify whether an entry can be deleted","match":{"location":"pearl.SmartER.StepDefinition.UsersStepDefinition.verify_whether_an_entry_can_be_deleted()"},"keyword":"Then "}],"tags":[{"name":"@Test15"}]},{"start_timestamp":"2023-04-13T05:36:26.255Z","line":94,"name":"Verify if a deleted entry is still available","description":"","id":"users;verify-if-a-deleted-entry-is-still-available","type":"scenario","keyword":"Scenario","steps":[{"result":{"duration":9954827400,"status":"passed"},"line":95,"name":"Loads webbrowser","match":{"location":"pearl.SmartER.StepDefinition.UsersStepDefinition.loads_webbrowser()"},"keyword":"Given "},{"result":{"duration":15567372100,"status":"passed"},"line":96,"name":"Navigates to the homepage","match":{"location":"pearl.SmartER.StepDefinition.UsersStepDefinition.navigates_to_the_homepage()"},"keyword":"When "},{"result":{"duration":6031754300,"status":"passed"},"line":97,"name":"Verify if a deleted entry is still available","match":{"location":"pearl.SmartER.StepDefinition.UsersStepDefinition.verify_if_a_deleted_entry_is_still_available()"},"keyword":"Then "}],"tags":[{"name":"@Test16"}]},{"start_timestamp":"2023-04-13T05:36:57.819Z","line":100,"name":"Verify whether the uploaded image can be previewed","description":"","id":"users;verify-whether-the-uploaded-image-can-be-previewed","type":"scenario","keyword":"Scenario","steps":[{"result":{"duration":10522677200,"status":"passed"},"line":101,"name":"Open web browser","match":{"location":"pearl.SmartER.StepDefinition.UsersStepDefinition.open_web_browser()"},"keyword":"Given "},{"result":{"duration":15442775500,"status":"passed"},"line":102,"name":"Navigates to the home page","match":{"location":"pearl.SmartER.StepDefinition.UsersStepDefinition.navigates_to_the_home_page()"},"keyword":"When "},{"result":{"error_message":"org.openqa.selenium.InvalidArgumentException: invalid argument: File not found : C:\\Users\\PS\\Desktop\\Projects Bdd\\SmartContactWebAppBdd//src//test//java//pearl//SmartER//Utils//User Page Images//photo.jpg\n  (Session info: chrome=112.0.5615.49)\nBuild info: version: '4.3.0', revision: 'a4995e2c09*'\nSystem info: host: 'DESKTOP-3GFC8UC', ip: '192.168.1.62', os.name: 'Windows 10', os.arch: 'amd64', os.version: '10.0', java.version: '17.0.5'\nDriver info: org.openqa.selenium.chrome.ChromeDriver\nCommand: [a00c4a1820ae0075f724ba90cb11f8c1, sendKeysToElement {id=7f2b9dd0-ad25-49b7-a248-1c37d22b78e5, value=[Ljava.lang.CharSequence;@2c9b96af}]\nCapabilities {acceptInsecureCerts: false, browserName: chrome, browserVersion: 112.0.5615.49, chrome: {chromedriverVersion: 112.0.5615.49 (bd2a7bcb881c..., userDataDir: C:\\Users\\PS\\AppData\\Local\\T...}, goog:chromeOptions: {debuggerAddress: localhost:59363}, networkConnectionEnabled: false, pageLoadStrategy: normal, platformName: WINDOWS, proxy: Proxy(), se:cdp: ws://localhost:59363/devtoo..., se:cdpVersion: 112.0.5615.49, setWindowRect: true, strictFileInteractability: false, timeouts: {implicit: 0, pageLoad: 300000, script: 30000}, unhandledPromptBehavior: dismiss and notify, webauthn:extension:credBlob: true, webauthn:extension:largeBlob: true, webauthn:extension:minPinLength: true, webauthn:extension:prf: true, webauthn:virtualAuthenticators: true}\nElement: [[ChromeDriver: chrome on WINDOWS (a00c4a1820ae0075f724ba90cb11f8c1)] -> xpath: //input[@name='...']]\nSession ID: a00c4a1820ae0075f724ba90cb11f8c1\r\n\tat java.base/jdk.internal.reflect.NativeConstructorAccessorImpl.newInstance0(Native Method)\r\n\tat java.base/jdk.internal.reflect.NativeConstructorAccessorImpl.newInstance(NativeConstructorAccessorImpl.java:77)\r\n\tat java.base/jdk.internal.reflect.DelegatingConstructorAccessorImpl.newInstance(DelegatingConstructorAccessorImpl.java:45)\r\n\tat java.base/java.lang.reflect.Constructor.newInstanceWithCaller(Constructor.java:499)\r\n\tat java.base/java.lang.reflect.Constructor.newInstance(Constructor.java:480)\r\n\tat org.openqa.selenium.remote.codec.w3c.W3CHttpResponseCodec.createException(W3CHttpResponseCodec.java:200)\r\n\tat org.openqa.selenium.remote.codec.w3c.W3CHttpResponseCodec.decode(W3CHttpResponseCodec.java:133)\r\n\tat org.openqa.selenium.remote.codec.w3c.W3CHttpResponseCodec.decode(W3CHttpResponseCodec.java:53)\r\n\tat org.openqa.selenium.remote.HttpCommandExecutor.execute(HttpCommandExecutor.java:184)\r\n\tat org.openqa.selenium.remote.service.DriverCommandExecutor.invokeExecute(DriverCommandExecutor.java:167)\r\n\tat org.openqa.selenium.remote.service.DriverCommandExecutor.execute(DriverCommandExecutor.java:142)\r\n\tat org.openqa.selenium.remote.RemoteWebDriver.execute(RemoteWebDriver.java:569)\r\n\tat org.openqa.selenium.remote.RemoteWebElement.execute(RemoteWebElement.java:257)\r\n\tat org.openqa.selenium.remote.RemoteWebElement.sendKeys(RemoteWebElement.java:113)\r\n\tat pearl.SmartER.PageObjects.UsersPage_Objects.upload_Photo_Btn(UsersPage_Objects.java:399)\r\n\tat pearl.SmartER.TestMethods.UsersPage_TestMethods.verify_Uploaded_Image_Preview(UsersPage_TestMethods.java:554)\r\n\tat pearl.SmartER.StepDefinition.UsersStepDefinition.verify_whether_the_uploaded_image_can_be_previewed(UsersStepDefinition.java:375)\r\n\tat ✽.Verify whether the uploaded image can be previewed(file:///C:/Users/PS/Desktop/Projects%20Bdd/SmartContactWebAppBdd/src/test/java/pearl/SmartER/Features/Users.feature:103)\r\n","duration":18310016200,"status":"failed"},"line":103,"name":"Verify whether the uploaded image can be previewed","match":{"location":"pearl.SmartER.StepDefinition.UsersStepDefinition.verify_whether_the_uploaded_image_can_be_previewed()"},"keyword":"Then "}],"tags":[{"name":"@Test17"}]},{"start_timestamp":"2023-04-13T05:37:42.107Z","line":106,"name":"Verify whether the email format is valid","description":"","id":"users;verify-whether-the-email-format-is-valid","type":"scenario","keyword":"Scenario","steps":[{"result":{"duration":12897659900,"status":"passed"},"line":107,"name":"Opens web browser","match":{"location":"pearl.SmartER.StepDefinition.UsersStepDefinition.opens_web_browser()"},"keyword":"Given "},{"result":{"duration":15111881500,"status":"passed"},"line":108,"name":"Navigates to users list page","match":{"location":"pearl.SmartER.StepDefinition.UsersStepDefinition.navigates_to_users_list_page()"},"keyword":"When "},{"result":{"duration":17324528100,"status":"passed"},"line":109,"name":"Verify whether the email format is valid","match":{"location":"pearl.SmartER.StepDefinition.UsersStepDefinition.verify_whether_the_email_format_is_valid()"},"keyword":"Then "}],"tags":[{"name":"@Test18"}]},{"start_timestamp":"2023-04-13T05:38:27.454Z","line":112,"name":"Verify whether uploaded image format is invalid","description":"","id":"users;verify-whether-uploaded-image-format-is-invalid","type":"scenario","keyword":"Scenario","steps":[{"result":{"duration":17207209800,"status":"passed"},"line":113,"name":"User loads the web browser","match":{"location":"pearl.SmartER.StepDefinition.UsersStepDefinition.user_loads_the_web_browser()"},"keyword":"Given "},{"result":{"duration":14780658000,"status":"passed"},"line":114,"name":"Navigates to the users list screen","match":{"location":"pearl.SmartER.StepDefinition.UsersStepDefinition.navigates_to_the_users_list_screen()"},"keyword":"When "},{"result":{"error_message":"org.openqa.selenium.InvalidArgumentException: invalid argument: File not found : D:\\Fruits.csv\n  (Session info: chrome=112.0.5615.49)\nBuild info: version: '4.3.0', revision: 'a4995e2c09*'\nSystem info: host: 'DESKTOP-3GFC8UC', ip: '192.168.1.62', os.name: 'Windows 10', os.arch: 'amd64', os.version: '10.0', java.version: '17.0.5'\nDriver info: org.openqa.selenium.chrome.ChromeDriver\nCommand: [ce47435f1f44f4424c89edc5128c1da8, sendKeysToElement {id=fce350cc-f5ce-484e-bd04-ca9c881a675c, value=[Ljava.lang.CharSequence;@2d7956fb}]\nCapabilities {acceptInsecureCerts: false, browserName: chrome, browserVersion: 112.0.5615.49, chrome: {chromedriverVersion: 112.0.5615.49 (bd2a7bcb881c..., userDataDir: C:\\Users\\PS\\AppData\\Local\\T...}, goog:chromeOptions: {debuggerAddress: localhost:59455}, networkConnectionEnabled: false, pageLoadStrategy: normal, platformName: WINDOWS, proxy: Proxy(), se:cdp: ws://localhost:59455/devtoo..., se:cdpVersion: 112.0.5615.49, setWindowRect: true, strictFileInteractability: false, timeouts: {implicit: 0, pageLoad: 300000, script: 30000}, unhandledPromptBehavior: dismiss and notify, webauthn:extension:credBlob: true, webauthn:extension:largeBlob: true, webauthn:extension:minPinLength: true, webauthn:extension:prf: true, webauthn:virtualAuthenticators: true}\nElement: [[ChromeDriver: chrome on WINDOWS (ce47435f1f44f4424c89edc5128c1da8)] -> xpath: //input[@name='...']]\nSession ID: ce47435f1f44f4424c89edc5128c1da8\r\n\tat java.base/jdk.internal.reflect.NativeConstructorAccessorImpl.newInstance0(Native Method)\r\n\tat java.base/jdk.internal.reflect.NativeConstructorAccessorImpl.newInstance(NativeConstructorAccessorImpl.java:77)\r\n\tat java.base/jdk.internal.reflect.DelegatingConstructorAccessorImpl.newInstance(DelegatingConstructorAccessorImpl.java:45)\r\n\tat java.base/java.lang.reflect.Constructor.newInstanceWithCaller(Constructor.java:499)\r\n\tat java.base/java.lang.reflect.Constructor.newInstance(Constructor.java:480)\r\n\tat org.openqa.selenium.remote.codec.w3c.W3CHttpResponseCodec.createException(W3CHttpResponseCodec.java:200)\r\n\tat org.openqa.selenium.remote.codec.w3c.W3CHttpResponseCodec.decode(W3CHttpResponseCodec.java:133)\r\n\tat org.openqa.selenium.remote.codec.w3c.W3CHttpResponseCodec.decode(W3CHttpResponseCodec.java:53)\r\n\tat org.openqa.selenium.remote.HttpCommandExecutor.execute(HttpCommandExecutor.java:184)\r\n\tat org.openqa.selenium.remote.service.DriverCommandExecutor.invokeExecute(DriverCommandExecutor.java:167)\r\n\tat org.openqa.selenium.remote.service.DriverCommandExecutor.execute(DriverCommandExecutor.java:142)\r\n\tat org.openqa.selenium.remote.RemoteWebDriver.execute(RemoteWebDriver.java:569)\r\n\tat org.openqa.selenium.remote.RemoteWebElement.execute(RemoteWebElement.java:257)\r\n\tat org.openqa.selenium.remote.RemoteWebElement.sendKeys(RemoteWebElement.java:113)\r\n\tat pearl.SmartER.PageObjects.UsersPage_Objects.upload_Invalid_File(UsersPage_Objects.java:421)\r\n\tat pearl.SmartER.TestMethods.UsersPage_TestMethods.verify_Invalid_Uploaded_Image_Format(UsersPage_TestMethods.java:615)\r\n\tat pearl.SmartER.StepDefinition.UsersStepDefinition.verify_whether_uploaded_image_format_is_invalid(UsersStepDefinition.java:419)\r\n\tat ✽.Verify whether uploaded image format is invalid(file:///C:/Users/PS/Desktop/Projects%20Bdd/SmartContactWebAppBdd/src/test/java/pearl/SmartER/Features/Users.feature:115)\r\n","duration":12722499100,"status":"failed"},"line":115,"name":"Verify whether uploaded image format is invalid","match":{"location":"pearl.SmartER.StepDefinition.UsersStepDefinition.verify_whether_uploaded_image_format_is_invalid()"},"keyword":"Then "}],"tags":[{"name":"@Test19"}]},{"start_timestamp":"2023-04-13T05:39:12.175Z","line":118,"name":"Verify whether level is deselected when role is removed","description":"","id":"users;verify-whether-level-is-deselected-when-role-is-removed","type":"scenario","keyword":"Scenario","steps":[{"result":{"duration":10981142900,"status":"passed"},"line":119,"name":"User loads web browser","match":{"location":"pearl.SmartER.StepDefinition.UsersStepDefinition.user_loads_web_browser()"},"keyword":"Given "},{"result":{"duration":14854312500,"status":"passed"},"line":120,"name":"Navigates to users list page","match":{"location":"pearl.SmartER.StepDefinition.UsersStepDefinition.navigates_to_users_list_page()"},"keyword":"When "},{"result":{"duration":14827085200,"status":"passed"},"line":121,"name":"Verify whether level is deselected when role is removed","match":{"location":"pearl.SmartER.StepDefinition.UsersStepDefinition.verify_whether_level_is_deselected_when_role_is_removed()"},"keyword":"Then "}],"tags":[{"name":"@Test20"}]},{"start_timestamp":"2023-04-13T05:39:52.850Z","line":124,"name":"Verify whether the Location dropdown is active and a location can be selected","description":"","id":"users;verify-whether-the-location-dropdown-is-active-and-a-location-can-be-selected","type":"scenario","keyword":"Scenario","steps":[{"result":{"duration":8530896000,"status":"passed"},"line":125,"name":"User loads the browser","match":{"location":"pearl.SmartER.StepDefinition.UsersStepDefinition.user_loads_the_browser()"},"keyword":"Given "},{"result":{"duration":15026856800,"status":"passed"},"line":126,"name":"Navigates to edit user page","match":{"location":"pearl.SmartER.StepDefinition.UsersStepDefinition.navigates_to_edit_user_page()"},"keyword":"When "},{"result":{"duration":416756000,"status":"passed"},"line":127,"name":"Verify whether the Location dropdown is active and a location can be selected","match":{"location":"pearl.SmartER.StepDefinition.UsersStepDefinition.verify_whether_the_location_dropdown_is_active_and_a_location_can_be_selected()"},"keyword":"Then "}],"tags":[{"name":"@Test21"}]},{"start_timestamp":"2023-04-13T05:40:16.838Z","line":130,"name":"Verify whether the department dropdown is active and a department can be selected","description":"","id":"users;verify-whether-the-department-dropdown-is-active-and-a-department-can-be-selected","type":"scenario","keyword":"Scenario","steps":[{"result":{"duration":9363973300,"status":"passed"},"line":131,"name":"Invoke the web browser","match":{"location":"pearl.SmartER.StepDefinition.UsersStepDefinition.invoke_the_web_browser()"},"keyword":"Given "},{"result":{"duration":14520481500,"status":"passed"},"line":132,"name":"Navigates to the edit user page","match":{"location":"pearl.SmartER.StepDefinition.UsersStepDefinition.navigates_to_the_edit_user_page()"},"keyword":"When "},{"result":{"duration":584147700,"status":"passed"},"line":133,"name":"Verify whether the department dropdown is active and a department can be selected","match":{"location":"pearl.SmartER.StepDefinition.UsersStepDefinition.verify_whether_the_department_dropdown_is_active_and_a_department_can_be_selected()"},"keyword":"Then "}],"tags":[{"name":"@Test22"}]},{"start_timestamp":"2023-04-13T05:40:41.323Z","line":136,"name":"Verify whether the Status dropdown is active and a status can be selected","description":"","id":"users;verify-whether-the-status-dropdown-is-active-and-a-status-can-be-selected","type":"scenario","keyword":"Scenario","steps":[{"result":{"duration":8430106100,"status":"passed"},"line":137,"name":"Invoke the webbrowser","match":{"location":"pearl.SmartER.StepDefinition.UsersStepDefinition.invoke_the_webbrowser()"},"keyword":"Given "},{"result":{"duration":14547772900,"status":"passed"},"line":138,"name":"User navigates to the edit user page","match":{"location":"pearl.SmartER.StepDefinition.UsersStepDefinition.user_navigates_to_the_edit_user_page()"},"keyword":"When "},{"result":{"duration":412743800,"status":"passed"},"line":139,"name":"Verify whether the Status dropdown is active and a status can be selected","match":{"location":"pearl.SmartER.StepDefinition.UsersStepDefinition.verify_whether_the_status_dropdown_is_active_and_a_status_can_be_selected()"},"keyword":"Then "}],"tags":[{"name":"@Test23"}]},{"start_timestamp":"2023-04-13T05:41:04.726Z","line":142,"name":"Verify whether create user button is enabled","description":"","id":"users;verify-whether-create-user-button-is-enabled","type":"scenario","keyword":"Scenario","steps":[{"result":{"duration":8064311500,"status":"passed"},"line":143,"name":"Invoke web browser","match":{"location":"pearl.SmartER.StepDefinition.UsersStepDefinition.invoke_web_browser()"},"keyword":"Given "},{"result":{"duration":14391753600,"status":"passed"},"line":144,"name":"User navigates to the users page","match":{"location":"pearl.SmartER.StepDefinition.UsersStepDefinition.user_navigates_to_the_users_page()"},"keyword":"When "},{"result":{"duration":344785800,"status":"passed"},"line":145,"name":"Verify whether create user button is enabled","match":{"location":"pearl.SmartER.StepDefinition.UsersStepDefinition.verify_whether_create_user_button_is_enabled()"},"keyword":"Then "}],"tags":[{"name":"@Test24"}]},{"start_timestamp":"2023-04-13T05:41:27.545Z","line":148,"name":"Verify whether status dropdown is working and a status can be selected","description":"","id":"users;verify-whether-status-dropdown-is-working-and-a-status-can-be-selected","type":"scenario","keyword":"Scenario","steps":[{"result":{"duration":8800673200,"status":"passed"},"line":149,"name":"User invokes webbrowser","match":{"location":"pearl.SmartER.StepDefinition.UsersStepDefinition.user_invokes_webbrowser()"},"keyword":"Given "},{"result":{"duration":14793673500,"status":"passed"},"line":150,"name":"The user navigates to the user list page","match":{"location":"pearl.SmartER.StepDefinition.UsersStepDefinition.the_user_navigates_to_the_user_list_page()"},"keyword":"When "},{"result":{"duration":7589213700,"status":"passed"},"line":151,"name":"Verify whether status dropdown is working and a status can be selected","match":{"location":"pearl.SmartER.StepDefinition.UsersStepDefinition.verify_whether_status_dropdown_is_working_and_a_status_can_be_selected()"},"keyword":"Then "}],"tags":[{"name":"@Test25"}]},{"start_timestamp":"2023-04-13T05:41:58.737Z","line":154,"name":"Verify whether location dropdown is working and a location can be selected","description":"","id":"users;verify-whether-location-dropdown-is-working-and-a-location-can-be-selected","type":"scenario","keyword":"Scenario","steps":[{"result":{"duration":8691721500,"status":"passed"},"line":155,"name":"User invokes web browser","match":{"location":"pearl.SmartER.StepDefinition.UsersStepDefinition.user_invokes_web_browser()"},"keyword":"Given "},{"result":{"duration":14509492600,"status":"passed"},"line":156,"name":"The user navigates to users list page","match":{"location":"pearl.SmartER.StepDefinition.UsersStepDefinition.the_user_navigates_to_users_list_page()"},"keyword":"When "},{"result":{"duration":7855827500,"status":"passed"},"line":157,"name":"Verify whether location dropdown is working and a location can be selected","match":{"location":"pearl.SmartER.StepDefinition.UsersStepDefinition.verify_whether_location_dropdown_is_working_and_a_location_can_be_selected()"},"keyword":"Then "}],"tags":[{"name":"@Test26"}]},{"start_timestamp":"2023-04-13T05:42:29.805Z","line":160,"name":"Verify whether department dropdown is working and a department can be selected","description":"","id":"users;verify-whether-department-dropdown-is-working-and-a-department-can-be-selected","type":"scenario","keyword":"Scenario","steps":[{"result":{"duration":8980467200,"status":"passed"},"line":161,"name":"The user invokes web browser","match":{"location":"pearl.SmartER.StepDefinition.UsersStepDefinition.the_user_invokes_web_browser()"},"keyword":"Given "},{"result":{"duration":14902685800,"status":"passed"},"line":162,"name":"The user navigates to the users list page","match":{"location":"pearl.SmartER.StepDefinition.UsersStepDefinition.the_user_navigates_to_the_users_list_page()"},"keyword":"When "},{"result":{"duration":11918635600,"status":"passed"},"line":163,"name":"Verify whether department dropdown is working and a department can be selected","match":{"location":"pearl.SmartER.StepDefinition.UsersStepDefinition.verify_whether_department_dropdown_is_working_and_a_department_can_be_selected()"},"keyword":"Then "}],"tags":[{"name":"@Test27"}]},{"start_timestamp":"2023-04-13T05:43:05.616Z","line":166,"name":"Verify whether role dropdown is working and a role can be selected","description":"","id":"users;verify-whether-role-dropdown-is-working-and-a-role-can-be-selected","type":"scenario","keyword":"Scenario","steps":[{"result":{"duration":8393124700,"status":"passed"},"line":167,"name":"The user invokes webbrowser","match":{"location":"pearl.SmartER.StepDefinition.UsersStepDefinition.the_user_invokes_webbrowser()"},"keyword":"Given "},{"result":{"duration":14404946400,"status":"passed"},"line":168,"name":"The user navigates to the users list screen","match":{"location":"pearl.SmartER.StepDefinition.UsersStepDefinition.the_user_navigates_to_the_users_list_screen()"},"keyword":"When "},{"result":{"duration":8071345400,"status":"passed"},"line":169,"name":"Verify whether role dropdown is working and a role can be selected","match":{"location":"pearl.SmartER.StepDefinition.UsersStepDefinition.verify_whether_role_dropdown_is_working_and_a_role_can_be_selected()"},"keyword":"Then "}],"tags":[{"name":"@Test28"}]},{"start_timestamp":"2023-04-13T05:43:36.495Z","line":172,"name":"Verify whether level dropdown is working and a level can be selected","description":"","id":"users;verify-whether-level-dropdown-is-working-and-a-level-can-be-selected","type":"scenario","keyword":"Scenario","steps":[{"result":{"duration":9046634800,"status":"passed"},"line":173,"name":"Web browser is loaded","match":{"location":"pearl.SmartER.StepDefinition.UsersStepDefinition.web_browser_is_loaded()"},"keyword":"Given "},{"result":{"duration":14543058200,"status":"passed"},"line":174,"name":"The users logs in to the users list page","match":{"location":"pearl.SmartER.StepDefinition.UsersStepDefinition.the_users_logs_in_to_the_users_list_page()"},"keyword":"When "},{"result":{"duration":7718475700,"status":"passed"},"line":175,"name":"Verify whether level dropdown is working and a level can be selected","match":{"location":"pearl.SmartER.StepDefinition.UsersStepDefinition.verify_whether_level_dropdown_is_working_and_a_level_can_be_selected()"},"keyword":"Then "}],"tags":[{"name":"@Test29"}]},{"start_timestamp":"2023-04-13T05:44:07.823Z","line":178,"name":"Verify whether language dropdown is working and a language can be selected","description":"","id":"users;verify-whether-language-dropdown-is-working-and-a-language-can-be-selected","type":"scenario","keyword":"Scenario","steps":[{"result":{"duration":9507331200,"status":"passed"},"line":179,"name":"Web browser is loaded by the user","match":{"location":"pearl.SmartER.StepDefinition.UsersStepDefinition.web_browser_is_loaded_by_the_user()"},"keyword":"Given "},{"result":{"duration":14222449400,"status":"passed"},"line":180,"name":"The user logs into the users list page","match":{"location":"pearl.SmartER.StepDefinition.UsersStepDefinition.the_user_logs_into_the_users_list_page()"},"keyword":"When "},{"result":{"duration":11904406400,"status":"passed"},"line":181,"name":"Verify whether language dropdown is working and a language can be selected","match":{"location":"pearl.SmartER.StepDefinition.UsersStepDefinition.verify_whether_language_dropdown_is_working_and_a_language_can_be_selected()"},"keyword":"Then "}],"tags":[{"name":"@Test30"}]}],"name":"Users","description":"","id":"users","keyword":"Feature","uri":"file:src/test/java/pearl/SmartER/Features/Users.feature","tags":[]}]